2025-01-16 10:21:07,588 - INFO - HTTP Request: GET https://api.gradio.app/gradio-messaging/en "HTTP/1.1 200 OK"
2025-01-16 10:21:13,593 - INFO - HTTP Request: GET http://localhost:8080/gradio_api/startup-events "HTTP/1.1 200 OK"
2025-01-16 10:21:13,602 - INFO - HTTP Request: HEAD http://localhost:8080/ "HTTP/1.1 200 OK"
2025-01-16 10:21:14,340 - INFO - HTTP Request: GET https://api.gradio.app/pkg-version "HTTP/1.1 200 OK"
2025-01-16 10:21:14,361 - INFO - HTTP Request: GET https://api.gradio.app/pkg-version "HTTP/1.1 200 OK"
2025-01-16 10:21:14,538 - INFO - HTTP Request: GET https://api.gradio.app/v3/tunnel-request "HTTP/1.1 200 OK"
2025-01-16 10:22:24,876 - INFO - [31m[1mWARNING: This is a development server. Do not use it in a production deployment. Use a production WSGI server instead.[0m
 * Running on all addresses (0.0.0.0)
 * Running on http://127.0.0.1:8081
 * Running on http://192.168.21.250:8081
2025-01-16 10:22:24,877 - INFO - [33mPress CTRL+C to quit[0m
2025-01-16 10:22:47,650 - INFO - 192.168.21.15 - - [16/Jan/2025 10:22:47] "[33mGET / HTTP/1.1[0m" 404 -
2025-01-16 10:23:32,083 - INFO - 127.0.0.1 - - [16/Jan/2025 10:23:32] "[33mGET / HTTP/1.1[0m" 404 -
2025-01-16 10:23:32,094 - INFO - 127.0.0.1 - - [16/Jan/2025 10:23:32] "[33mGET /favicon.ico HTTP/1.1[0m" 404 -
2025-01-16 10:23:37,116 - INFO - 192.168.21.250 - - [16/Jan/2025 10:23:37] "[33mGET / HTTP/1.1[0m" 404 -
2025-01-16 10:23:37,134 - INFO - 192.168.21.250 - - [16/Jan/2025 10:23:37] "[33mGET /favicon.ico HTTP/1.1[0m" 404 -
2025-01-16 10:24:23,243 - INFO - HTTP Request: GET https://api.gradio.app/gradio-messaging/en "HTTP/1.1 200 OK"
2025-01-16 10:24:25,220 - INFO - HTTP Request: GET https://api.gradio.app/gradio-messaging/en "HTTP/1.1 200 OK"
2025-01-16 10:24:28,391 - INFO - [31m[1mWARNING: This is a development server. Do not use it in a production deployment. Use a production WSGI server instead.[0m
 * Running on all addresses (0.0.0.0)
 * Running on http://127.0.0.1:8081
 * Running on http://192.168.21.250:8081
2025-01-16 10:24:28,391 - INFO - [33mPress CTRL+C to quit[0m
2025-01-16 10:24:29,230 - INFO - HTTP Request: GET https://api.gradio.app/pkg-version "HTTP/1.1 200 OK"
2025-01-16 10:24:29,265 - INFO - HTTP Request: GET https://api.gradio.app/pkg-version "HTTP/1.1 200 OK"
2025-01-16 10:24:31,069 - INFO - 127.0.0.1 - - [16/Jan/2025 10:24:31] "[33mGET / HTTP/1.1[0m" 404 -
2025-01-16 10:25:33,779 - INFO - HTTP Request: GET https://api.gradio.app/gradio-messaging/en "HTTP/1.1 200 OK"
2025-01-16 10:25:36,971 - INFO - HTTP Request: GET http://localhost:8080/gradio_api/startup-events "HTTP/1.1 200 OK"
2025-01-16 10:25:36,980 - INFO - HTTP Request: HEAD http://localhost:8080/ "HTTP/1.1 200 OK"
2025-01-16 10:25:37,732 - INFO - HTTP Request: GET https://api.gradio.app/pkg-version "HTTP/1.1 200 OK"
2025-01-16 10:25:37,803 - INFO - HTTP Request: GET https://api.gradio.app/pkg-version "HTTP/1.1 200 OK"
2025-01-16 10:25:37,936 - INFO - HTTP Request: GET https://api.gradio.app/v3/tunnel-request "HTTP/1.1 200 OK"
2025-01-16 10:25:40,784 - INFO - HTTP Request: GET https://api.gradio.app/gradio-messaging/en "HTTP/1.1 200 OK"
2025-01-16 10:25:43,786 - INFO - [31m[1mWARNING: This is a development server. Do not use it in a production deployment. Use a production WSGI server instead.[0m
 * Running on all addresses (0.0.0.0)
 * Running on http://127.0.0.1:8081
 * Running on http://192.168.21.250:8081
2025-01-16 10:25:43,786 - INFO - [33mPress CTRL+C to quit[0m
2025-01-16 10:25:44,609 - INFO - HTTP Request: GET https://api.gradio.app/pkg-version "HTTP/1.1 200 OK"
2025-01-16 10:25:44,653 - INFO - HTTP Request: GET https://api.gradio.app/pkg-version "HTTP/1.1 200 OK"
2025-01-16 10:25:49,729 - INFO - 127.0.0.1 - - [16/Jan/2025 10:25:49] "[33mGET / HTTP/1.1[0m" 404 -
2025-01-16 10:28:28,608 - INFO - HTTP Request: GET https://api.gradio.app/gradio-messaging/en "HTTP/1.1 200 OK"
2025-01-16 10:28:31,660 - INFO - HTTP Request: GET http://localhost:8080/gradio_api/startup-events "HTTP/1.1 200 OK"
2025-01-16 10:28:31,668 - INFO - HTTP Request: HEAD http://localhost:8080/ "HTTP/1.1 200 OK"
2025-01-16 10:28:32,454 - INFO - HTTP Request: GET https://api.gradio.app/pkg-version "HTTP/1.1 200 OK"
2025-01-16 10:28:32,463 - INFO - HTTP Request: GET https://api.gradio.app/pkg-version "HTTP/1.1 200 OK"
2025-01-16 10:28:32,622 - INFO - HTTP Request: GET https://api.gradio.app/v3/tunnel-request "HTTP/1.1 200 OK"
2025-01-16 10:29:23,550 - INFO - HTTP Request: GET https://api.gradio.app/gradio-messaging/en "HTTP/1.1 200 OK"
2025-01-16 10:29:27,259 - INFO - HTTP Request: GET https://api.gradio.app/pkg-version "HTTP/1.1 200 OK"
2025-01-16 10:29:27,323 - INFO - HTTP Request: GET https://api.gradio.app/pkg-version "HTTP/1.1 200 OK"
2025-01-16 10:29:54,651 - INFO - HTTP Request: GET https://api.gradio.app/gradio-messaging/en "HTTP/1.1 200 OK"
2025-01-16 10:29:57,640 - INFO - HTTP Request: GET http://localhost:8080/gradio_api/startup-events "HTTP/1.1 200 OK"
2025-01-16 10:29:57,648 - INFO - HTTP Request: HEAD http://localhost:8080/ "HTTP/1.1 200 OK"
2025-01-16 10:29:58,404 - INFO - HTTP Request: GET https://api.gradio.app/pkg-version "HTTP/1.1 200 OK"
2025-01-16 10:29:58,460 - INFO - HTTP Request: GET https://api.gradio.app/pkg-version "HTTP/1.1 200 OK"
2025-01-16 10:29:58,582 - INFO - HTTP Request: GET https://api.gradio.app/v3/tunnel-request "HTTP/1.1 200 OK"
2025-01-16 10:32:14,998 - INFO - HTTP Request: GET https://api.gradio.app/gradio-messaging/en "HTTP/1.1 200 OK"
2025-01-16 10:32:18,102 - INFO - HTTP Request: GET http://localhost:8080/gradio_api/startup-events "HTTP/1.1 200 OK"
2025-01-16 10:32:18,110 - INFO - HTTP Request: HEAD http://localhost:8080/ "HTTP/1.1 200 OK"
2025-01-16 10:32:18,852 - INFO - HTTP Request: GET https://api.gradio.app/pkg-version "HTTP/1.1 200 OK"
2025-01-16 10:32:18,910 - INFO - HTTP Request: GET https://api.gradio.app/pkg-version "HTTP/1.1 200 OK"
2025-01-16 10:32:19,006 - INFO - HTTP Request: GET https://api.gradio.app/v3/tunnel-request "HTTP/1.1 200 OK"
2025-01-16 10:37:14,380 - INFO - HTTP Request: GET https://api.gradio.app/gradio-messaging/en "HTTP/1.1 200 OK"
2025-01-16 10:37:17,461 - INFO - HTTP Request: GET http://localhost:8080/gradio_api/startup-events "HTTP/1.1 200 OK"
2025-01-16 10:37:17,468 - INFO - HTTP Request: HEAD http://localhost:8080/ "HTTP/1.1 200 OK"
2025-01-16 10:37:18,242 - INFO - HTTP Request: GET https://api.gradio.app/pkg-version "HTTP/1.1 200 OK"
2025-01-16 10:37:18,289 - INFO - HTTP Request: GET https://api.gradio.app/pkg-version "HTTP/1.1 200 OK"
2025-01-16 10:37:18,414 - INFO - HTTP Request: GET https://api.gradio.app/v3/tunnel-request "HTTP/1.1 200 OK"
2025-01-16 10:39:04,021 - INFO - HTTP Request: GET https://api.gradio.app/gradio-messaging/en "HTTP/1.1 200 OK"
2025-01-16 10:39:07,137 - INFO - HTTP Request: GET http://localhost:8080/gradio_api/startup-events "HTTP/1.1 200 OK"
2025-01-16 10:39:07,146 - INFO - HTTP Request: HEAD http://localhost:8080/ "HTTP/1.1 200 OK"
2025-01-16 10:39:07,894 - INFO - HTTP Request: GET https://api.gradio.app/pkg-version "HTTP/1.1 200 OK"
2025-01-16 10:39:07,956 - INFO - HTTP Request: GET https://api.gradio.app/pkg-version "HTTP/1.1 200 OK"
2025-01-16 10:39:08,120 - INFO - HTTP Request: GET https://api.gradio.app/v3/tunnel-request "HTTP/1.1 200 OK"
2025-01-16 10:41:38,776 - INFO - HTTP Request: GET https://api.gradio.app/gradio-messaging/en "HTTP/1.1 200 OK"
2025-01-16 10:41:41,809 - INFO - HTTP Request: GET http://localhost:8080/gradio_api/startup-events "HTTP/1.1 200 OK"
2025-01-16 10:41:41,818 - INFO - HTTP Request: HEAD http://localhost:8080/ "HTTP/1.1 200 OK"
2025-01-16 10:41:42,583 - INFO - HTTP Request: GET https://api.gradio.app/pkg-version "HTTP/1.1 200 OK"
2025-01-16 10:41:42,624 - INFO - HTTP Request: GET https://api.gradio.app/pkg-version "HTTP/1.1 200 OK"
2025-01-16 10:41:42,781 - INFO - HTTP Request: GET https://api.gradio.app/v3/tunnel-request "HTTP/1.1 200 OK"
2025-01-16 10:42:37,364 - INFO - HTTP Request: GET https://api.gradio.app/gradio-messaging/en "HTTP/1.1 200 OK"
2025-01-16 10:42:40,400 - INFO - HTTP Request: GET http://localhost:8080/gradio_api/startup-events "HTTP/1.1 200 OK"
2025-01-16 10:42:40,412 - INFO - HTTP Request: HEAD http://localhost:8080/ "HTTP/1.1 200 OK"
2025-01-16 10:42:41,147 - INFO - HTTP Request: GET https://api.gradio.app/pkg-version "HTTP/1.1 200 OK"
2025-01-16 10:42:41,166 - INFO - HTTP Request: GET https://api.gradio.app/pkg-version "HTTP/1.1 200 OK"
2025-01-16 10:42:41,327 - INFO - HTTP Request: GET https://api.gradio.app/v3/tunnel-request "HTTP/1.1 200 OK"
2025-01-16 10:43:03,019 - INFO - HTTP Request: GET https://api.gradio.app/gradio-messaging/en "HTTP/1.1 200 OK"
2025-01-16 10:43:05,943 - INFO - HTTP Request: GET http://localhost:8080/gradio_api/startup-events "HTTP/1.1 200 OK"
2025-01-16 10:43:05,952 - INFO - HTTP Request: HEAD http://localhost:8080/ "HTTP/1.1 200 OK"
2025-01-16 10:43:06,692 - INFO - HTTP Request: GET https://api.gradio.app/pkg-version "HTTP/1.1 200 OK"
2025-01-16 10:43:06,731 - INFO - HTTP Request: GET https://api.gradio.app/pkg-version "HTTP/1.1 200 OK"
2025-01-16 10:43:06,902 - INFO - HTTP Request: GET https://api.gradio.app/v3/tunnel-request "HTTP/1.1 200 OK"
2025-01-16 10:43:20,481 - INFO - HTTP Request: GET https://api.gradio.app/gradio-messaging/en "HTTP/1.1 200 OK"
2025-01-16 10:43:23,890 - INFO - HTTP Request: GET http://localhost:8080/gradio_api/startup-events "HTTP/1.1 200 OK"
2025-01-16 10:43:23,897 - INFO - HTTP Request: HEAD http://localhost:8080/ "HTTP/1.1 200 OK"
2025-01-16 10:43:24,676 - INFO - HTTP Request: GET https://api.gradio.app/pkg-version "HTTP/1.1 200 OK"
2025-01-16 10:43:24,701 - INFO - HTTP Request: GET https://api.gradio.app/pkg-version "HTTP/1.1 200 OK"
2025-01-16 10:43:24,811 - INFO - HTTP Request: GET https://api.gradio.app/v3/tunnel-request "HTTP/1.1 200 OK"
2025-01-16 10:43:55,553 - INFO - HTTP Request: GET https://api.gradio.app/gradio-messaging/en "HTTP/1.1 200 OK"
2025-01-16 10:43:58,363 - INFO - HTTP Request: GET http://localhost:8080/gradio_api/startup-events "HTTP/1.1 200 OK"
2025-01-16 10:43:58,370 - INFO - HTTP Request: HEAD http://localhost:8080/ "HTTP/1.1 200 OK"
2025-01-16 10:43:59,169 - INFO - HTTP Request: GET https://api.gradio.app/pkg-version "HTTP/1.1 200 OK"
2025-01-16 10:43:59,173 - INFO - HTTP Request: GET https://api.gradio.app/pkg-version "HTTP/1.1 200 OK"
2025-01-16 10:43:59,327 - INFO - HTTP Request: GET https://api.gradio.app/v3/tunnel-request "HTTP/1.1 200 OK"
2025-01-16 10:44:27,681 - INFO - HTTP Request: GET https://api.gradio.app/gradio-messaging/en "HTTP/1.1 200 OK"
2025-01-16 10:44:30,670 - INFO - HTTP Request: GET http://localhost:8080/gradio_api/startup-events "HTTP/1.1 200 OK"
2025-01-16 10:44:30,683 - INFO - HTTP Request: HEAD http://localhost:8080/ "HTTP/1.1 200 OK"
2025-01-16 10:44:31,445 - INFO - HTTP Request: GET https://api.gradio.app/pkg-version "HTTP/1.1 200 OK"
2025-01-16 10:44:31,486 - INFO - HTTP Request: GET https://api.gradio.app/pkg-version "HTTP/1.1 200 OK"
2025-01-16 10:44:31,658 - INFO - HTTP Request: GET https://api.gradio.app/v3/tunnel-request "HTTP/1.1 200 OK"
2025-01-16 10:45:24,270 - INFO - HTTP Request: GET https://api.gradio.app/gradio-messaging/en "HTTP/1.1 200 OK"
2025-01-16 10:45:27,311 - INFO - HTTP Request: GET http://localhost:8080/gradio_api/startup-events "HTTP/1.1 200 OK"
2025-01-16 10:45:27,324 - INFO - HTTP Request: HEAD http://localhost:8080/ "HTTP/1.1 200 OK"
2025-01-16 10:45:28,074 - INFO - HTTP Request: GET https://api.gradio.app/pkg-version "HTTP/1.1 200 OK"
2025-01-16 10:45:28,184 - INFO - HTTP Request: GET https://api.gradio.app/pkg-version "HTTP/1.1 200 OK"
2025-01-16 10:45:28,303 - INFO - HTTP Request: GET https://api.gradio.app/v3/tunnel-request "HTTP/1.1 200 OK"
2025-01-16 10:45:45,617 - INFO - HTTP Request: GET https://api.gradio.app/gradio-messaging/en "HTTP/1.1 200 OK"
2025-01-16 10:45:48,719 - INFO - HTTP Request: GET http://localhost:8080/gradio_api/startup-events "HTTP/1.1 200 OK"
2025-01-16 10:45:48,730 - INFO - HTTP Request: HEAD http://localhost:8080/ "HTTP/1.1 200 OK"
2025-01-16 10:45:49,494 - INFO - HTTP Request: GET https://api.gradio.app/pkg-version "HTTP/1.1 200 OK"
2025-01-16 10:45:49,513 - INFO - HTTP Request: GET https://api.gradio.app/pkg-version "HTTP/1.1 200 OK"
2025-01-16 10:45:49,706 - INFO - HTTP Request: GET https://api.gradio.app/v3/tunnel-request "HTTP/1.1 200 OK"
2025-01-16 10:46:41,450 - INFO - HTTP Request: GET https://api.gradio.app/gradio-messaging/en "HTTP/1.1 200 OK"
2025-01-16 10:46:44,467 - INFO - HTTP Request: GET http://localhost:8080/gradio_api/startup-events "HTTP/1.1 200 OK"
2025-01-16 10:46:44,476 - INFO - HTTP Request: HEAD http://localhost:8080/ "HTTP/1.1 200 OK"
2025-01-16 10:46:45,243 - INFO - HTTP Request: GET https://api.gradio.app/pkg-version "HTTP/1.1 200 OK"
2025-01-16 10:46:45,259 - INFO - HTTP Request: GET https://api.gradio.app/pkg-version "HTTP/1.1 200 OK"
2025-01-16 10:46:45,435 - INFO - HTTP Request: GET https://api.gradio.app/v3/tunnel-request "HTTP/1.1 200 OK"
2025-01-16 10:48:43,027 - INFO - HTTP Request: GET https://api.gradio.app/gradio-messaging/en "HTTP/1.1 200 OK"
2025-01-16 10:48:46,141 - INFO - HTTP Request: GET http://localhost:8080/gradio_api/startup-events "HTTP/1.1 200 OK"
2025-01-16 10:48:46,149 - INFO - HTTP Request: HEAD http://localhost:8080/ "HTTP/1.1 200 OK"
2025-01-16 10:48:46,903 - INFO - HTTP Request: GET https://api.gradio.app/pkg-version "HTTP/1.1 200 OK"
2025-01-16 10:48:46,964 - INFO - HTTP Request: GET https://api.gradio.app/pkg-version "HTTP/1.1 200 OK"
2025-01-16 10:48:47,083 - INFO - HTTP Request: GET https://api.gradio.app/v3/tunnel-request "HTTP/1.1 200 OK"
2025-01-16 10:56:13,344 - INFO - HTTP Request: GET https://api.gradio.app/gradio-messaging/en "HTTP/1.1 200 OK"
2025-01-16 10:56:16,514 - INFO - HTTP Request: GET http://localhost:8080/gradio_api/startup-events "HTTP/1.1 200 OK"
2025-01-16 10:56:16,521 - INFO - HTTP Request: HEAD http://localhost:8080/ "HTTP/1.1 200 OK"
2025-01-16 10:56:17,270 - INFO - HTTP Request: GET https://api.gradio.app/pkg-version "HTTP/1.1 200 OK"
2025-01-16 10:56:17,327 - INFO - HTTP Request: GET https://api.gradio.app/pkg-version "HTTP/1.1 200 OK"
2025-01-16 10:56:17,473 - INFO - HTTP Request: GET https://api.gradio.app/v3/tunnel-request "HTTP/1.1 200 OK"
2025-01-16 11:02:45,058 - INFO - HTTP Request: GET https://api.gradio.app/gradio-messaging/en "HTTP/1.1 200 OK"
2025-01-16 11:02:48,134 - INFO - HTTP Request: GET http://localhost:8080/gradio_api/startup-events "HTTP/1.1 200 OK"
2025-01-16 11:02:48,143 - INFO - HTTP Request: HEAD http://localhost:8080/ "HTTP/1.1 200 OK"
2025-01-16 11:02:48,912 - INFO - HTTP Request: GET https://api.gradio.app/pkg-version "HTTP/1.1 200 OK"
2025-01-16 11:02:48,944 - INFO - HTTP Request: GET https://api.gradio.app/pkg-version "HTTP/1.1 200 OK"
2025-01-16 11:02:49,050 - INFO - HTTP Request: GET https://api.gradio.app/v3/tunnel-request "HTTP/1.1 200 OK"
2025-01-16 11:09:40,858 - INFO - HTTP Request: GET https://api.gradio.app/gradio-messaging/en "HTTP/1.1 200 OK"
2025-01-16 11:09:43,994 - INFO - HTTP Request: GET http://localhost:8080/gradio_api/startup-events "HTTP/1.1 200 OK"
2025-01-16 11:09:44,003 - INFO - HTTP Request: HEAD http://localhost:8080/ "HTTP/1.1 200 OK"
2025-01-16 11:09:44,758 - INFO - HTTP Request: GET https://api.gradio.app/pkg-version "HTTP/1.1 200 OK"
2025-01-16 11:09:44,801 - INFO - HTTP Request: GET https://api.gradio.app/pkg-version "HTTP/1.1 200 OK"
2025-01-16 11:09:44,964 - INFO - HTTP Request: GET https://api.gradio.app/v3/tunnel-request "HTTP/1.1 200 OK"
2025-01-16 11:13:01,543 - INFO - HTTP Request: GET https://api.gradio.app/gradio-messaging/en "HTTP/1.1 200 OK"
2025-01-16 11:13:04,549 - INFO - HTTP Request: GET http://localhost:8080/gradio_api/startup-events "HTTP/1.1 200 OK"
2025-01-16 11:13:04,559 - INFO - HTTP Request: HEAD http://localhost:8080/ "HTTP/1.1 200 OK"
2025-01-16 11:13:05,318 - INFO - HTTP Request: GET https://api.gradio.app/pkg-version "HTTP/1.1 200 OK"
2025-01-16 11:13:05,363 - INFO - HTTP Request: GET https://api.gradio.app/pkg-version "HTTP/1.1 200 OK"
2025-01-16 11:13:05,518 - INFO - HTTP Request: GET https://api.gradio.app/v3/tunnel-request "HTTP/1.1 200 OK"
2025-01-16 11:17:45,964 - INFO - HTTP Request: GET https://api.gradio.app/gradio-messaging/en "HTTP/1.1 200 OK"
2025-01-16 11:17:48,907 - INFO - HTTP Request: GET http://localhost:8080/gradio_api/startup-events "HTTP/1.1 200 OK"
2025-01-16 11:17:48,915 - INFO - HTTP Request: HEAD http://localhost:8080/ "HTTP/1.1 200 OK"
2025-01-16 11:17:49,707 - INFO - HTTP Request: GET https://api.gradio.app/pkg-version "HTTP/1.1 200 OK"
2025-01-16 11:17:49,724 - INFO - HTTP Request: GET https://api.gradio.app/pkg-version "HTTP/1.1 200 OK"
2025-01-16 11:17:49,878 - INFO - HTTP Request: GET https://api.gradio.app/v3/tunnel-request "HTTP/1.1 200 OK"
2025-01-16 11:20:40,493 - INFO - HTTP Request: GET https://api.gradio.app/gradio-messaging/en "HTTP/1.1 200 OK"
2025-01-16 11:20:43,555 - INFO - HTTP Request: GET http://localhost:8080/gradio_api/startup-events "HTTP/1.1 200 OK"
2025-01-16 11:20:43,564 - INFO - HTTP Request: HEAD http://localhost:8080/ "HTTP/1.1 200 OK"
2025-01-16 11:20:44,334 - INFO - HTTP Request: GET https://api.gradio.app/pkg-version "HTTP/1.1 200 OK"
2025-01-16 11:20:44,340 - INFO - HTTP Request: GET https://api.gradio.app/pkg-version "HTTP/1.1 200 OK"
2025-01-16 11:20:44,525 - INFO - HTTP Request: GET https://api.gradio.app/v3/tunnel-request "HTTP/1.1 200 OK"
2025-01-16 11:26:25,637 - INFO - HTTP Request: GET https://api.gradio.app/gradio-messaging/en "HTTP/1.1 200 OK"
2025-01-16 11:26:27,087 - INFO - HTTP Request: GET http://localhost:8080/gradio_api/startup-events "HTTP/1.1 200 OK"
2025-01-16 11:26:27,099 - INFO - HTTP Request: HEAD http://localhost:8080/ "HTTP/1.1 200 OK"
2025-01-16 11:26:27,883 - INFO - HTTP Request: GET https://api.gradio.app/pkg-version "HTTP/1.1 200 OK"
2025-01-16 11:26:27,956 - INFO - HTTP Request: GET https://api.gradio.app/pkg-version "HTTP/1.1 200 OK"
2025-01-16 11:26:28,037 - INFO - HTTP Request: GET https://api.gradio.app/v3/tunnel-request "HTTP/1.1 200 OK"
2025-01-16 11:43:17,166 - INFO - HTTP Request: GET https://api.gradio.app/gradio-messaging/en "HTTP/1.1 200 OK"
2025-01-16 11:43:19,898 - INFO - HTTP Request: GET http://localhost:8080/gradio_api/startup-events "HTTP/1.1 200 OK"
2025-01-16 11:43:19,910 - INFO - HTTP Request: HEAD http://localhost:8080/ "HTTP/1.1 200 OK"
2025-01-16 11:43:20,668 - INFO - HTTP Request: GET https://api.gradio.app/pkg-version "HTTP/1.1 200 OK"
2025-01-16 11:43:20,712 - INFO - HTTP Request: GET https://api.gradio.app/pkg-version "HTTP/1.1 200 OK"
2025-01-16 11:43:20,868 - INFO - HTTP Request: GET https://api.gradio.app/v3/tunnel-request "HTTP/1.1 200 OK"
2025-01-16 11:53:07,004 - INFO - HTTP Request: GET https://api.gradio.app/gradio-messaging/en "HTTP/1.1 200 OK"
2025-01-16 11:53:10,051 - INFO - HTTP Request: GET http://localhost:8080/gradio_api/startup-events "HTTP/1.1 200 OK"
2025-01-16 11:53:10,059 - INFO - HTTP Request: HEAD http://localhost:8080/ "HTTP/1.1 200 OK"
2025-01-16 11:53:10,823 - INFO - HTTP Request: GET https://api.gradio.app/pkg-version "HTTP/1.1 200 OK"
2025-01-16 11:53:10,885 - INFO - HTTP Request: GET https://api.gradio.app/pkg-version "HTTP/1.1 200 OK"
2025-01-16 11:53:11,010 - INFO - HTTP Request: GET https://api.gradio.app/v3/tunnel-request "HTTP/1.1 200 OK"
2025-01-16 11:55:51,200 - INFO - HTTP Request: GET https://api.gradio.app/gradio-messaging/en "HTTP/1.1 200 OK"
2025-01-16 11:55:54,260 - INFO - HTTP Request: GET http://localhost:8080/gradio_api/startup-events "HTTP/1.1 200 OK"
2025-01-16 11:55:54,269 - INFO - HTTP Request: HEAD http://localhost:8080/ "HTTP/1.1 200 OK"
2025-01-16 11:55:55,051 - INFO - HTTP Request: GET https://api.gradio.app/pkg-version "HTTP/1.1 200 OK"
2025-01-16 11:55:55,094 - INFO - HTTP Request: GET https://api.gradio.app/pkg-version "HTTP/1.1 200 OK"
2025-01-16 11:55:55,202 - INFO - HTTP Request: GET https://api.gradio.app/v3/tunnel-request "HTTP/1.1 200 OK"
2025-01-16 12:03:19,720 - INFO - HTTP Request: GET https://api.gradio.app/gradio-messaging/en "HTTP/1.1 200 OK"
2025-01-16 12:03:22,762 - INFO - HTTP Request: GET http://localhost:8080/gradio_api/startup-events "HTTP/1.1 200 OK"
2025-01-16 12:03:22,772 - INFO - HTTP Request: HEAD http://localhost:8080/ "HTTP/1.1 200 OK"
2025-01-16 12:03:23,571 - INFO - HTTP Request: GET https://api.gradio.app/pkg-version "HTTP/1.1 200 OK"
2025-01-16 12:03:23,576 - INFO - HTTP Request: GET https://api.gradio.app/pkg-version "HTTP/1.1 200 OK"
2025-01-16 12:03:23,724 - INFO - HTTP Request: GET https://api.gradio.app/v3/tunnel-request "HTTP/1.1 200 OK"
2025-01-16 12:44:54,961 - INFO - HTTP Request: GET https://api.gradio.app/gradio-messaging/en "HTTP/1.1 200 OK"
2025-01-16 12:44:58,004 - INFO - HTTP Request: GET http://localhost:8080/gradio_api/startup-events "HTTP/1.1 200 OK"
2025-01-16 12:44:58,012 - INFO - HTTP Request: HEAD http://localhost:8080/ "HTTP/1.1 200 OK"
2025-01-16 12:44:58,788 - INFO - HTTP Request: GET https://api.gradio.app/pkg-version "HTTP/1.1 200 OK"
2025-01-16 12:44:58,814 - INFO - HTTP Request: GET https://api.gradio.app/pkg-version "HTTP/1.1 200 OK"
2025-01-16 12:44:58,933 - INFO - HTTP Request: GET https://api.gradio.app/v3/tunnel-request "HTTP/1.1 200 OK"
2025-01-16 13:32:21,536 - INFO - HTTP Request: GET https://api.gradio.app/gradio-messaging/en "HTTP/1.1 200 OK"
2025-01-16 13:32:24,677 - INFO - HTTP Request: GET http://localhost:8080/gradio_api/startup-events "HTTP/1.1 200 OK"
2025-01-16 13:32:24,686 - INFO - HTTP Request: HEAD http://localhost:8080/ "HTTP/1.1 200 OK"
2025-01-16 13:32:25,448 - INFO - HTTP Request: GET https://api.gradio.app/pkg-version "HTTP/1.1 200 OK"
2025-01-16 13:32:25,496 - INFO - HTTP Request: GET https://api.gradio.app/pkg-version "HTTP/1.1 200 OK"
2025-01-16 13:32:25,660 - INFO - HTTP Request: GET https://api.gradio.app/v3/tunnel-request "HTTP/1.1 200 OK"
2025-01-16 13:56:24,091 - INFO - HTTP Request: GET https://api.gradio.app/gradio-messaging/en "HTTP/1.1 200 OK"
2025-01-16 13:56:27,204 - INFO - HTTP Request: GET http://localhost:8080/gradio_api/startup-events "HTTP/1.1 200 OK"
2025-01-16 13:56:27,211 - INFO - HTTP Request: HEAD http://localhost:8080/ "HTTP/1.1 200 OK"
2025-01-16 13:56:27,995 - INFO - HTTP Request: GET https://api.gradio.app/pkg-version "HTTP/1.1 200 OK"
2025-01-16 13:56:28,023 - INFO - HTTP Request: GET https://api.gradio.app/pkg-version "HTTP/1.1 200 OK"
2025-01-16 13:56:28,158 - INFO - HTTP Request: GET https://api.gradio.app/v3/tunnel-request "HTTP/1.1 200 OK"
2025-01-16 14:00:32,117 - INFO - HTTP Request: GET https://api.gradio.app/gradio-messaging/en "HTTP/1.1 200 OK"
2025-01-16 14:00:35,122 - INFO - HTTP Request: GET http://localhost:8080/gradio_api/startup-events "HTTP/1.1 200 OK"
2025-01-16 14:00:35,131 - INFO - HTTP Request: HEAD http://localhost:8080/ "HTTP/1.1 200 OK"
2025-01-16 14:00:35,921 - INFO - HTTP Request: GET https://api.gradio.app/pkg-version "HTTP/1.1 200 OK"
2025-01-16 14:00:35,924 - INFO - HTTP Request: GET https://api.gradio.app/pkg-version "HTTP/1.1 200 OK"
2025-01-16 14:00:36,103 - INFO - HTTP Request: GET https://api.gradio.app/v3/tunnel-request "HTTP/1.1 200 OK"
2025-01-16 14:15:38,670 - INFO - HTTP Request: GET https://api.gradio.app/gradio-messaging/en "HTTP/1.1 200 OK"
2025-01-16 14:15:41,481 - INFO - HTTP Request: GET http://localhost:8080/gradio_api/startup-events "HTTP/1.1 200 OK"
2025-01-16 14:15:41,491 - INFO - HTTP Request: HEAD http://localhost:8080/ "HTTP/1.1 200 OK"
2025-01-16 14:15:42,262 - INFO - HTTP Request: GET https://api.gradio.app/pkg-version "HTTP/1.1 200 OK"
2025-01-16 14:15:42,267 - INFO - HTTP Request: GET https://api.gradio.app/pkg-version "HTTP/1.1 200 OK"
2025-01-16 14:15:42,452 - INFO - HTTP Request: GET https://api.gradio.app/v3/tunnel-request "HTTP/1.1 200 OK"
2025-01-16 14:31:45,088 - INFO - HTTP Request: GET https://api.gradio.app/gradio-messaging/en "HTTP/1.1 200 OK"
2025-01-16 14:31:48,969 - INFO - HTTP Request: GET http://localhost:8080/gradio_api/startup-events "HTTP/1.1 200 OK"
2025-01-16 14:31:48,976 - INFO - HTTP Request: HEAD http://localhost:8080/ "HTTP/1.1 200 OK"
2025-01-16 14:31:49,750 - INFO - HTTP Request: GET https://api.gradio.app/pkg-version "HTTP/1.1 200 OK"
2025-01-16 14:31:49,782 - INFO - HTTP Request: GET https://api.gradio.app/pkg-version "HTTP/1.1 200 OK"
2025-01-16 14:31:49,932 - INFO - HTTP Request: GET https://api.gradio.app/v3/tunnel-request "HTTP/1.1 200 OK"
2025-01-16 14:35:34,746 - INFO - HTTP Request: GET https://api.gradio.app/gradio-messaging/en "HTTP/1.1 200 OK"
2025-01-16 14:35:37,544 - INFO - HTTP Request: GET http://localhost:8080/gradio_api/startup-events "HTTP/1.1 200 OK"
2025-01-16 14:35:37,553 - INFO - HTTP Request: HEAD http://localhost:8080/ "HTTP/1.1 200 OK"
2025-01-16 14:35:38,353 - INFO - HTTP Request: GET https://api.gradio.app/pkg-version "HTTP/1.1 200 OK"
2025-01-16 14:35:38,386 - INFO - HTTP Request: GET https://api.gradio.app/pkg-version "HTTP/1.1 200 OK"
2025-01-16 14:35:38,520 - INFO - HTTP Request: GET https://api.gradio.app/v3/tunnel-request "HTTP/1.1 200 OK"
2025-01-16 14:52:26,541 - INFO - HTTP Request: GET https://api.gradio.app/gradio-messaging/en "HTTP/1.1 200 OK"
2025-01-16 14:52:29,578 - INFO - HTTP Request: GET http://localhost:8080/gradio_api/startup-events "HTTP/1.1 200 OK"
2025-01-16 14:52:29,588 - INFO - HTTP Request: HEAD http://localhost:8080/ "HTTP/1.1 200 OK"
2025-01-16 14:52:30,353 - INFO - HTTP Request: GET https://api.gradio.app/pkg-version "HTTP/1.1 200 OK"
2025-01-16 14:52:30,375 - INFO - HTTP Request: GET https://api.gradio.app/pkg-version "HTTP/1.1 200 OK"
2025-01-16 14:52:30,502 - INFO - HTTP Request: GET https://api.gradio.app/v3/tunnel-request "HTTP/1.1 200 OK"
2025-01-16 14:56:04,701 - INFO - HTTP Request: GET https://api.gradio.app/gradio-messaging/en "HTTP/1.1 200 OK"
2025-01-16 14:56:07,782 - INFO - HTTP Request: GET http://localhost:8080/gradio_api/startup-events "HTTP/1.1 200 OK"
2025-01-16 14:56:07,789 - INFO - HTTP Request: HEAD http://localhost:8080/ "HTTP/1.1 200 OK"
2025-01-16 14:56:08,539 - INFO - HTTP Request: GET https://api.gradio.app/pkg-version "HTTP/1.1 200 OK"
2025-01-16 14:56:08,595 - INFO - HTTP Request: GET https://api.gradio.app/pkg-version "HTTP/1.1 200 OK"
2025-01-16 14:56:08,699 - INFO - HTTP Request: GET https://api.gradio.app/v3/tunnel-request "HTTP/1.1 200 OK"
2025-01-16 14:56:38,626 - INFO - HTTP Request: GET https://api.gradio.app/gradio-messaging/en "HTTP/1.1 200 OK"
2025-01-16 14:56:41,686 - INFO - HTTP Request: GET http://localhost:8080/gradio_api/startup-events "HTTP/1.1 200 OK"
2025-01-16 14:56:41,695 - INFO - HTTP Request: HEAD http://localhost:8080/ "HTTP/1.1 200 OK"
2025-01-16 14:56:42,476 - INFO - HTTP Request: GET https://api.gradio.app/pkg-version "HTTP/1.1 200 OK"
2025-01-16 14:56:42,494 - INFO - HTTP Request: GET https://api.gradio.app/pkg-version "HTTP/1.1 200 OK"
2025-01-16 14:56:42,654 - INFO - HTTP Request: GET https://api.gradio.app/v3/tunnel-request "HTTP/1.1 200 OK"
2025-01-16 14:59:06,203 - INFO - HTTP Request: GET https://api.gradio.app/gradio-messaging/en "HTTP/1.1 200 OK"
2025-01-16 14:59:09,190 - INFO - HTTP Request: GET http://localhost:8080/gradio_api/startup-events "HTTP/1.1 200 OK"
2025-01-16 14:59:09,197 - INFO - HTTP Request: HEAD http://localhost:8080/ "HTTP/1.1 200 OK"
2025-01-16 14:59:09,937 - INFO - HTTP Request: GET https://api.gradio.app/pkg-version "HTTP/1.1 200 OK"
2025-01-16 14:59:10,008 - INFO - HTTP Request: GET https://api.gradio.app/pkg-version "HTTP/1.1 200 OK"
2025-01-16 14:59:10,117 - INFO - HTTP Request: GET https://api.gradio.app/v3/tunnel-request "HTTP/1.1 200 OK"
2025-01-16 15:01:06,187 - INFO - HTTP Request: GET https://api.gradio.app/gradio-messaging/en "HTTP/1.1 200 OK"
2025-01-16 15:01:09,366 - INFO - HTTP Request: GET http://localhost:8080/gradio_api/startup-events "HTTP/1.1 200 OK"
2025-01-16 15:01:09,373 - INFO - HTTP Request: HEAD http://localhost:8080/ "HTTP/1.1 200 OK"
2025-01-16 15:01:10,131 - INFO - HTTP Request: GET https://api.gradio.app/pkg-version "HTTP/1.1 200 OK"
2025-01-16 15:01:10,134 - INFO - HTTP Request: GET https://api.gradio.app/pkg-version "HTTP/1.1 200 OK"
2025-01-16 15:01:10,210 - INFO - HTTP Request: GET https://api.gradio.app/pkg-version "HTTP/1.1 200 OK"
2025-01-16 15:01:10,296 - INFO - HTTP Request: GET https://api.gradio.app/v3/tunnel-request "HTTP/1.1 200 OK"
2025-01-16 15:02:24,624 - INFO - HTTP Request: GET https://api.gradio.app/gradio-messaging/en "HTTP/1.1 200 OK"
2025-01-16 15:02:27,740 - INFO - HTTP Request: GET http://localhost:8080/gradio_api/startup-events "HTTP/1.1 200 OK"
2025-01-16 15:02:27,750 - INFO - HTTP Request: HEAD http://localhost:8080/ "HTTP/1.1 200 OK"
2025-01-16 15:02:28,501 - INFO - HTTP Request: GET https://api.gradio.app/pkg-version "HTTP/1.1 200 OK"
2025-01-16 15:02:28,564 - INFO - HTTP Request: GET https://api.gradio.app/pkg-version "HTTP/1.1 200 OK"
2025-01-16 15:02:28,680 - INFO - HTTP Request: GET https://api.gradio.app/v3/tunnel-request "HTTP/1.1 200 OK"
2025-01-16 15:03:46,577 - INFO - HTTP Request: GET https://api.gradio.app/gradio-messaging/en "HTTP/1.1 200 OK"
2025-01-16 15:03:50,369 - INFO - HTTP Request: GET https://api.gradio.app/pkg-version "HTTP/1.1 200 OK"
2025-01-16 15:03:50,406 - INFO - HTTP Request: GET https://api.gradio.app/pkg-version "HTTP/1.1 200 OK"
2025-01-16 15:04:00,052 - INFO - HTTP Request: GET https://api.gradio.app/gradio-messaging/en "HTTP/1.1 200 OK"
2025-01-16 15:04:03,189 - INFO - HTTP Request: GET http://localhost:8080/gradio_api/startup-events "HTTP/1.1 200 OK"
2025-01-16 15:04:03,201 - INFO - HTTP Request: HEAD http://localhost:8080/ "HTTP/1.1 200 OK"
2025-01-16 15:04:03,980 - INFO - HTTP Request: GET https://api.gradio.app/pkg-version "HTTP/1.1 200 OK"
2025-01-16 15:04:03,991 - INFO - HTTP Request: GET https://api.gradio.app/pkg-version "HTTP/1.1 200 OK"
2025-01-16 15:04:04,153 - INFO - HTTP Request: GET https://api.gradio.app/v3/tunnel-request "HTTP/1.1 200 OK"
2025-01-16 15:05:54,615 - INFO - HTTP Request: GET https://api.gradio.app/gradio-messaging/en "HTTP/1.1 200 OK"
2025-01-16 15:05:57,753 - INFO - HTTP Request: GET http://localhost:8080/gradio_api/startup-events "HTTP/1.1 200 OK"
2025-01-16 15:05:57,763 - INFO - HTTP Request: HEAD http://localhost:8080/ "HTTP/1.1 200 OK"
2025-01-16 15:05:58,525 - INFO - HTTP Request: GET https://api.gradio.app/pkg-version "HTTP/1.1 200 OK"
2025-01-16 15:05:58,531 - INFO - HTTP Request: GET https://api.gradio.app/pkg-version "HTTP/1.1 200 OK"
2025-01-16 15:05:58,683 - INFO - HTTP Request: GET https://api.gradio.app/v3/tunnel-request "HTTP/1.1 200 OK"
2025-01-16 15:09:02,424 - INFO - HTTP Request: GET https://api.gradio.app/gradio-messaging/en "HTTP/1.1 200 OK"
2025-01-16 15:09:05,331 - INFO - HTTP Request: GET http://localhost:8080/gradio_api/startup-events "HTTP/1.1 200 OK"
2025-01-16 15:09:05,339 - INFO - HTTP Request: HEAD http://localhost:8080/ "HTTP/1.1 200 OK"
2025-01-16 15:09:06,122 - INFO - HTTP Request: GET https://api.gradio.app/pkg-version "HTTP/1.1 200 OK"
2025-01-16 15:09:06,134 - INFO - HTTP Request: GET https://api.gradio.app/pkg-version "HTTP/1.1 200 OK"
2025-01-16 15:09:06,294 - INFO - HTTP Request: GET https://api.gradio.app/v3/tunnel-request "HTTP/1.1 200 OK"
2025-01-16 15:10:15,668 - INFO - 
////////////////////////////////////////////////////////////////////////////////////////////////////

2025-01-16 15:10:16,768 - INFO - STATE 1 | user: 
Cấu hình tốc độ gửi cho thiết bị system1

2025-01-16 15:10:16,768 - INFO - STATE 1 | response: 
[config_sending_rate(dev_id='system1', sending_rate='10Hz')]

2025-01-16 15:10:16,768 - INFO - STATE 1 --> STATE 2

2025-01-16 15:10:18,070 - INFO - STATE 2 PRE | func_conf: 
[config_sending_rate(dev_id='system1', sending_rate='10Hz')]

2025-01-16 15:10:18,070 - INFO - STATE 2 PRE | response: 
Chức năng: Cài đặt tần số gởi dữ liệu.

| Thông số | Giá trị |
| --- | --- |
| dev_id | system1 |
| sending_rate | 10Hz |

