2025-01-17 09:26:51,300 - INFO - HTTP Request: GET https://api.gradio.app/gradio-messaging/en "HTTP/1.1 200 OK"
2025-01-17 09:26:56,870 - INFO - HTTP Request: GET http://localhost:8080/gradio_api/startup-events "HTTP/1.1 200 OK"
2025-01-17 09:26:56,881 - INFO - HTTP Request: HEAD http://localhost:8080/ "HTTP/1.1 200 OK"
2025-01-17 09:26:57,606 - INFO - HTTP Request: GET https://api.gradio.app/pkg-version "HTTP/1.1 200 OK"
2025-01-17 09:26:57,667 - INFO - HTTP Request: GET https://api.gradio.app/pkg-version "HTTP/1.1 200 OK"
2025-01-17 09:26:57,803 - INFO - HTTP Request: GET https://api.gradio.app/v3/tunnel-request "HTTP/1.1 200 OK"
2025-01-17 09:27:51,918 - INFO - HTTP Request: GET https://api.gradio.app/gradio-messaging/en "HTTP/1.1 200 OK"
2025-01-17 09:27:54,699 - INFO - HTTP Request: GET http://localhost:8080/gradio_api/startup-events "HTTP/1.1 200 OK"
2025-01-17 09:27:54,708 - INFO - HTTP Request: HEAD http://localhost:8080/ "HTTP/1.1 200 OK"
2025-01-17 09:27:55,479 - INFO - HTTP Request: GET https://api.gradio.app/pkg-version "HTTP/1.1 200 OK"
2025-01-17 09:27:55,546 - INFO - HTTP Request: GET https://api.gradio.app/pkg-version "HTTP/1.1 200 OK"
2025-01-17 09:27:55,643 - INFO - HTTP Request: GET https://api.gradio.app/v3/tunnel-request "HTTP/1.1 200 OK"
2025-01-17 09:32:20,407 - INFO - HTTP Request: GET https://api.gradio.app/gradio-messaging/en "HTTP/1.1 200 OK"
2025-01-17 09:32:24,116 - INFO - HTTP Request: GET https://api.gradio.app/pkg-version "HTTP/1.1 200 OK"
2025-01-17 09:32:24,180 - INFO - HTTP Request: GET https://api.gradio.app/pkg-version "HTTP/1.1 200 OK"
2025-01-17 09:35:16,763 - INFO - HTTP Request: GET https://api.gradio.app/gradio-messaging/en "HTTP/1.1 200 OK"
2025-01-17 09:35:19,788 - INFO - HTTP Request: GET http://localhost:8080/gradio_api/startup-events "HTTP/1.1 200 OK"
2025-01-17 09:35:19,797 - INFO - HTTP Request: HEAD http://localhost:8080/ "HTTP/1.1 200 OK"
2025-01-17 09:35:20,557 - INFO - HTTP Request: GET https://api.gradio.app/pkg-version "HTTP/1.1 200 OK"
2025-01-17 09:35:20,595 - INFO - HTTP Request: GET https://api.gradio.app/pkg-version "HTTP/1.1 200 OK"
2025-01-17 09:35:20,744 - INFO - HTTP Request: GET https://api.gradio.app/v3/tunnel-request "HTTP/1.1 200 OK"
2025-01-17 09:35:44,135 - INFO - HTTP Request: GET https://api.gradio.app/gradio-messaging/en "HTTP/1.1 200 OK"
2025-01-17 09:35:47,445 - INFO - HTTP Request: GET http://localhost:8080/gradio_api/startup-events "HTTP/1.1 200 OK"
2025-01-17 09:35:47,454 - INFO - HTTP Request: HEAD http://localhost:8080/ "HTTP/1.1 200 OK"
2025-01-17 09:35:48,203 - INFO - HTTP Request: GET https://api.gradio.app/pkg-version "HTTP/1.1 200 OK"
2025-01-17 09:35:48,257 - INFO - HTTP Request: GET https://api.gradio.app/pkg-version "HTTP/1.1 200 OK"
2025-01-17 09:35:48,390 - INFO - HTTP Request: GET https://api.gradio.app/v3/tunnel-request "HTTP/1.1 200 OK"
2025-01-17 09:41:35,733 - INFO - HTTP Request: GET https://api.gradio.app/gradio-messaging/en "HTTP/1.1 200 OK"
2025-01-17 09:41:38,801 - INFO - HTTP Request: GET http://localhost:8080/gradio_api/startup-events "HTTP/1.1 200 OK"
2025-01-17 09:41:38,810 - INFO - HTTP Request: HEAD http://localhost:8080/ "HTTP/1.1 200 OK"
2025-01-17 09:41:39,584 - INFO - HTTP Request: GET https://api.gradio.app/pkg-version "HTTP/1.1 200 OK"
2025-01-17 09:41:39,625 - INFO - HTTP Request: GET https://api.gradio.app/pkg-version "HTTP/1.1 200 OK"
2025-01-17 09:41:39,730 - INFO - HTTP Request: GET https://api.gradio.app/v3/tunnel-request "HTTP/1.1 200 OK"
2025-01-17 09:42:10,039 - INFO - HTTP Request: GET https://api.gradio.app/gradio-messaging/en "HTTP/1.1 200 OK"
2025-01-17 09:54:56,986 - INFO - HTTP Request: GET https://api.gradio.app/gradio-messaging/en "HTTP/1.1 200 OK"
2025-01-17 09:55:00,018 - INFO - HTTP Request: GET http://localhost:8080/gradio_api/startup-events "HTTP/1.1 200 OK"
2025-01-17 09:55:00,026 - INFO - HTTP Request: HEAD http://localhost:8080/ "HTTP/1.1 200 OK"
2025-01-17 09:55:00,803 - INFO - HTTP Request: GET https://api.gradio.app/pkg-version "HTTP/1.1 200 OK"
2025-01-17 09:55:00,813 - INFO - HTTP Request: GET https://api.gradio.app/pkg-version "HTTP/1.1 200 OK"
2025-01-17 09:55:00,951 - INFO - HTTP Request: GET https://api.gradio.app/v3/tunnel-request "HTTP/1.1 200 OK"
2025-01-17 09:55:23,711 - INFO - HTTP Request: GET https://api.gradio.app/gradio-messaging/en "HTTP/1.1 200 OK"
2025-01-17 09:55:26,692 - INFO - HTTP Request: GET http://localhost:8080/gradio_api/startup-events "HTTP/1.1 200 OK"
2025-01-17 09:55:26,700 - INFO - HTTP Request: HEAD http://localhost:8080/ "HTTP/1.1 200 OK"
2025-01-17 09:55:27,457 - INFO - HTTP Request: GET https://api.gradio.app/pkg-version "HTTP/1.1 200 OK"
2025-01-17 09:55:27,508 - INFO - HTTP Request: GET https://api.gradio.app/pkg-version "HTTP/1.1 200 OK"
2025-01-17 09:55:39,601 - INFO - 
////////////////////////////////////////////////////////////////////////////////////////////////////

2025-01-17 09:55:40,842 - INFO - STATE 1 | user: 
hôm nay ngày mấy

2025-01-17 09:55:40,842 - INFO - STATE 1 | response: 
Không có hàm nào trong danh sách công cụ có thể trả lời câu hỏi "hôm nay ngày mấy".

2025-01-17 09:55:40,842 - INFO - 
\\\\\\\\\\\\\\\\\\\\\\\\\\\\\\\\\\\\\\\\\\\\\\\\\\\\\\\\\\\\\\\\\\\\\\\\\\\\\\\\\\\\\\\\\\\\\\\\\\\\

2025-01-17 09:55:51,557 - INFO - 
////////////////////////////////////////////////////////////////////////////////////////////////////

2025-01-17 09:55:52,976 - INFO - STATE 1 | user: 
không dùng công cụ

2025-01-17 09:55:52,976 - INFO - STATE 1 | response: 
Tôi không thể trả lời câu hỏi "hôm nay ngày mấy" vì thông tin thời gian hiện tại không được lưu trữ hoặc cập nhật trong danh sách công cụ.

2025-01-17 09:55:52,976 - INFO - 
\\\\\\\\\\\\\\\\\\\\\\\\\\\\\\\\\\\\\\\\\\\\\\\\\\\\\\\\\\\\\\\\\\\\\\\\\\\\\\\\\\\\\\\\\\\\\\\\\\\\

2025-01-17 09:56:13,998 - INFO - 
////////////////////////////////////////////////////////////////////////////////////////////////////

2025-01-17 09:56:15,044 - INFO - STATE 1 | user: 
trong system có mà

2025-01-17 09:56:15,044 - INFO - STATE 1 | response: 
Không có hàm nào trong danh sách công cụ có thể trả lời câu hỏi "hôm nay ngày mấy".

2025-01-17 09:56:15,044 - INFO - 
\\\\\\\\\\\\\\\\\\\\\\\\\\\\\\\\\\\\\\\\\\\\\\\\\\\\\\\\\\\\\\\\\\\\\\\\\\\\\\\\\\\\\\\\\\\\\\\\\\\\

2025-01-17 09:56:26,663 - INFO - 
////////////////////////////////////////////////////////////////////////////////////////////////////

2025-01-17 09:56:27,701 - INFO - STATE 1 | user: 
trong system role có

2025-01-17 09:56:27,701 - INFO - STATE 1 | response: 
Không có hàm nào trong danh sách công cụ có thể trả lời câu hỏi "hôm nay ngày mấy".

2025-01-17 09:56:27,701 - INFO - 
\\\\\\\\\\\\\\\\\\\\\\\\\\\\\\\\\\\\\\\\\\\\\\\\\\\\\\\\\\\\\\\\\\\\\\\\\\\\\\\\\\\\\\\\\\\\\\\\\\\\

2025-01-17 10:31:20,724 - INFO - HTTP Request: GET https://api.gradio.app/gradio-messaging/en "HTTP/1.1 200 OK"
2025-01-17 10:31:23,895 - INFO - HTTP Request: GET http://localhost:8080/gradio_api/startup-events "HTTP/1.1 200 OK"
2025-01-17 10:31:23,904 - INFO - HTTP Request: HEAD http://localhost:8080/ "HTTP/1.1 200 OK"
2025-01-17 10:31:24,649 - INFO - HTTP Request: GET https://api.gradio.app/pkg-version "HTTP/1.1 200 OK"
2025-01-17 10:31:24,707 - INFO - HTTP Request: GET https://api.gradio.app/pkg-version "HTTP/1.1 200 OK"
2025-01-17 10:31:34,042 - INFO - 
////////////////////////////////////////////////////////////////////////////////////////////////////

2025-01-17 10:31:35,079 - INFO - STATE 1 | user: 
tìm thông tim thiết bị quang trung - xô viết

2025-01-17 10:31:35,079 - INFO - STATE 1 | response: 
[search_device_by_name(dev_name='quang trung - xô viết')]

2025-01-17 10:31:35,079 - INFO - STATE 1 --> STATE 2

2025-01-17 10:31:36,175 - INFO - STATE 2 PRE | func_conf: 
[search_device_by_name(dev_name='quang trung - xô viết')]

2025-01-17 10:31:36,176 - INFO - STATE 2 PRE | response: 
Chức năng: Tìm kiếm thiết bị theo Name.

| Thông số | Giá trị |
| --- | --- |
| dev_name | quang trung - xô viết |

2025-01-17 10:31:43,817 - INFO - STATE 2 | user
đúng

2025-01-17 10:31:43,817 - INFO - STATE 2 --> STATE 3

2025-01-17 10:31:43,817 - INFO - STATE 3 & 4 | Lần: 1

2025-01-17 10:31:43,818 - INFO - STATE 3 | function_name: 
search_device_by_name

2025-01-17 10:31:43,818 - INFO - STATE 3 | args: 
{'dev_name': 'quang trung - xô viết'}

2025-01-17 10:31:43,818 - INFO - STATE 3 --> STATE 3_2 DATABASE

2025-01-17 10:31:43,856 - INFO - STATE 3_2 DATABASE | query: 
quang trung - xô viết

2025-01-17 10:31:43,857 - INFO - STATE 3_2 DATABASE | arg_name: 
dev_name

2025-01-17 10:31:43,857 - INFO - STATE 3_2 DATABASE | rag_data: 
[
    "ĐH QUANG TRUNG - XÔ VIẾT NGHỆ TỈNH D200",
    "QUANG TRUNG - TRẦN HƯNG ĐẠO D80",
    "QUANG TRUNG - LÊ HỒNG PHONG D100",
    "ĐH QUANG TRUNG - TRƯỜNG CHU VĂN AN D100",
    "ĐH LÊ DUẨN - QUANG TRUNG D80",
    "ĐH D100 Ngô Quyền - Ngô Gia Tự",
    "ĐH PHAN CHU TRINH - CHU VAN AN",
    "HÒA ĐÔNG 1 D100 (CÔ TAM)",
    "Van cắt áp MAI HẮC ĐẾ- NGUYỄN VIẾT XUÂN",
    "Van cắt áp - Xã HÒA XUÂN"
]

2025-01-17 10:31:43,964 - INFO - STATE 3_2 DATABASE | response_search: 
23

2025-01-17 10:31:43,964 - INFO - STATE 3_2 DATABASE | recommend_response: 
23

2025-01-17 10:31:43,964 - INFO - STATE 3_2 DATABASE --> STATE 3

2025-01-17 10:31:43,964 - INFO - STATE 3 --> STATE 3_2 DATABASE RECOMMEND

2025-01-17 10:31:43,964 - INFO - STATE 3 --> STATE 3_2 DATABASE RECOMMEND

2025-01-17 10:31:44,243 - INFO - STATE 3_2 DATABASE RECOMMEND | response: 
quang trung - xô viết

2025-01-17 10:31:44,243 - INFO - STATE 3_2 DATABASE RECOMMEND | response
quang trung - xô viết

2025-01-17 10:31:44,243 - INFO - STATE 3_2 DATABASE RECOMMEND --> STATE 3

2025-01-17 10:31:44,243 - INFO - STATE 3 --> STATE 1

2025-01-17 10:31:44,243 - INFO - 
\\\\\\\\\\\\\\\\\\\\\\\\\\\\\\\\\\\\\\\\\\\\\\\\\\\\\\\\\\\\\\\\\\\\\\\\\\\\\\\\\\\\\\\\\\\\\\\\\\\\

2025-01-17 10:33:00,295 - INFO - HTTP Request: GET https://api.gradio.app/gradio-messaging/en "HTTP/1.1 200 OK"
2025-01-17 10:33:03,454 - INFO - HTTP Request: GET http://localhost:8080/gradio_api/startup-events "HTTP/1.1 200 OK"
2025-01-17 10:33:03,463 - INFO - HTTP Request: HEAD http://localhost:8080/ "HTTP/1.1 200 OK"
2025-01-17 10:33:04,233 - INFO - HTTP Request: GET https://api.gradio.app/pkg-version "HTTP/1.1 200 OK"
2025-01-17 10:33:04,235 - INFO - HTTP Request: GET https://api.gradio.app/pkg-version "HTTP/1.1 200 OK"
2025-01-17 10:39:15,252 - INFO - HTTP Request: GET https://api.gradio.app/gradio-messaging/en "HTTP/1.1 200 OK"
2025-01-17 10:39:18,076 - INFO - HTTP Request: GET http://localhost:8080/gradio_api/startup-events "HTTP/1.1 200 OK"
2025-01-17 10:39:18,085 - INFO - HTTP Request: HEAD http://localhost:8080/ "HTTP/1.1 200 OK"
2025-01-17 10:39:18,863 - INFO - HTTP Request: GET https://api.gradio.app/pkg-version "HTTP/1.1 200 OK"
2025-01-17 10:39:18,897 - INFO - HTTP Request: GET https://api.gradio.app/pkg-version "HTTP/1.1 200 OK"
2025-01-17 10:42:01,650 - INFO - HTTP Request: GET https://api.gradio.app/gradio-messaging/en "HTTP/1.1 200 OK"
2025-01-17 10:42:04,694 - INFO - HTTP Request: GET http://localhost:8080/gradio_api/startup-events "HTTP/1.1 200 OK"
2025-01-17 10:42:04,702 - INFO - HTTP Request: HEAD http://localhost:8080/ "HTTP/1.1 200 OK"
2025-01-17 10:42:05,465 - INFO - HTTP Request: GET https://api.gradio.app/pkg-version "HTTP/1.1 200 OK"
2025-01-17 10:42:05,477 - INFO - HTTP Request: GET https://api.gradio.app/pkg-version "HTTP/1.1 200 OK"
2025-01-17 10:47:14,579 - INFO - HTTP Request: GET https://api.gradio.app/gradio-messaging/en "HTTP/1.1 200 OK"
2025-01-17 10:47:17,725 - INFO - HTTP Request: GET http://localhost:8080/gradio_api/startup-events "HTTP/1.1 200 OK"
2025-01-17 10:47:17,733 - INFO - HTTP Request: HEAD http://localhost:8080/ "HTTP/1.1 200 OK"
2025-01-17 10:47:18,486 - INFO - HTTP Request: GET https://api.gradio.app/pkg-version "HTTP/1.1 200 OK"
2025-01-17 10:47:18,532 - INFO - HTTP Request: GET https://api.gradio.app/pkg-version "HTTP/1.1 200 OK"
2025-01-17 10:49:19,834 - INFO - HTTP Request: GET https://api.gradio.app/gradio-messaging/en "HTTP/1.1 200 OK"
2025-01-17 10:49:23,012 - INFO - HTTP Request: GET http://localhost:8080/gradio_api/startup-events "HTTP/1.1 200 OK"
2025-01-17 10:49:23,020 - INFO - HTTP Request: HEAD http://localhost:8080/ "HTTP/1.1 200 OK"
2025-01-17 10:49:24,496 - INFO - HTTP Request: GET https://api.gradio.app/pkg-version "HTTP/1.1 200 OK"
2025-01-17 10:49:24,762 - INFO - HTTP Request: GET https://api.gradio.app/pkg-version "HTTP/1.1 200 OK"
2025-01-17 10:50:53,979 - INFO - HTTP Request: GET https://api.gradio.app/gradio-messaging/en "HTTP/1.1 200 OK"
2025-01-17 10:50:57,137 - INFO - HTTP Request: GET http://localhost:8080/gradio_api/startup-events "HTTP/1.1 200 OK"
2025-01-17 10:50:57,257 - INFO - HTTP Request: HEAD http://localhost:8080/ "HTTP/1.1 200 OK"
2025-01-17 10:50:57,947 - INFO - HTTP Request: GET https://api.gradio.app/pkg-version "HTTP/1.1 200 OK"
2025-01-17 10:50:57,961 - INFO - HTTP Request: GET https://api.gradio.app/pkg-version "HTTP/1.1 200 OK"
2025-01-17 10:52:08,255 - INFO - HTTP Request: GET https://api.gradio.app/gradio-messaging/en "HTTP/1.1 200 OK"
2025-01-17 10:52:11,325 - INFO - HTTP Request: GET http://localhost:8080/gradio_api/startup-events "HTTP/1.1 200 OK"
2025-01-17 10:52:11,333 - INFO - HTTP Request: HEAD http://localhost:8080/ "HTTP/1.1 200 OK"
2025-01-17 10:52:12,077 - INFO - HTTP Request: GET https://api.gradio.app/pkg-version "HTTP/1.1 200 OK"
2025-01-17 10:52:12,145 - INFO - HTTP Request: GET https://api.gradio.app/pkg-version "HTTP/1.1 200 OK"
2025-01-17 10:55:04,873 - INFO - HTTP Request: GET https://api.gradio.app/gradio-messaging/en "HTTP/1.1 200 OK"
2025-01-17 10:55:07,902 - INFO - HTTP Request: GET http://localhost:8080/gradio_api/startup-events "HTTP/1.1 200 OK"
2025-01-17 10:55:07,910 - INFO - HTTP Request: HEAD http://localhost:8080/ "HTTP/1.1 200 OK"
2025-01-17 10:55:08,700 - INFO - HTTP Request: GET https://api.gradio.app/pkg-version "HTTP/1.1 200 OK"
2025-01-17 10:55:08,701 - INFO - HTTP Request: GET https://api.gradio.app/pkg-version "HTTP/1.1 200 OK"
2025-01-17 10:56:22,322 - INFO - HTTP Request: GET https://api.gradio.app/gradio-messaging/en "HTTP/1.1 200 OK"
2025-01-17 10:56:25,353 - INFO - HTTP Request: GET http://localhost:8080/gradio_api/startup-events "HTTP/1.1 200 OK"
2025-01-17 10:56:25,362 - INFO - HTTP Request: HEAD http://localhost:8080/ "HTTP/1.1 200 OK"
2025-01-17 10:56:26,151 - INFO - HTTP Request: GET https://api.gradio.app/pkg-version "HTTP/1.1 200 OK"
2025-01-17 10:56:26,196 - INFO - HTTP Request: GET https://api.gradio.app/pkg-version "HTTP/1.1 200 OK"
2025-01-17 11:01:59,327 - INFO - HTTP Request: GET https://api.gradio.app/gradio-messaging/en "HTTP/1.1 200 OK"
2025-01-17 11:02:02,271 - INFO - HTTP Request: GET http://localhost:8080/gradio_api/startup-events "HTTP/1.1 200 OK"
2025-01-17 11:02:02,278 - INFO - HTTP Request: HEAD http://localhost:8080/ "HTTP/1.1 200 OK"
2025-01-17 11:02:03,050 - INFO - HTTP Request: GET https://api.gradio.app/pkg-version "HTTP/1.1 200 OK"
2025-01-17 11:02:03,063 - INFO - HTTP Request: GET https://api.gradio.app/pkg-version "HTTP/1.1 200 OK"
2025-01-17 11:03:25,207 - INFO - HTTP Request: GET https://api.gradio.app/gradio-messaging/en "HTTP/1.1 200 OK"
2025-01-17 11:03:28,285 - INFO - HTTP Request: GET http://localhost:8080/gradio_api/startup-events "HTTP/1.1 200 OK"
2025-01-17 11:03:28,294 - INFO - HTTP Request: HEAD http://localhost:8080/ "HTTP/1.1 200 OK"
2025-01-17 11:03:29,066 - INFO - HTTP Request: GET https://api.gradio.app/pkg-version "HTTP/1.1 200 OK"
2025-01-17 11:03:29,078 - INFO - HTTP Request: GET https://api.gradio.app/pkg-version "HTTP/1.1 200 OK"
2025-01-17 11:06:05,044 - INFO - HTTP Request: GET https://api.gradio.app/gradio-messaging/en "HTTP/1.1 200 OK"
2025-01-17 11:06:07,877 - INFO - HTTP Request: GET http://localhost:8080/gradio_api/startup-events "HTTP/1.1 200 OK"
2025-01-17 11:06:07,885 - INFO - HTTP Request: HEAD http://localhost:8080/ "HTTP/1.1 200 OK"
2025-01-17 11:06:08,672 - INFO - HTTP Request: GET https://api.gradio.app/pkg-version "HTTP/1.1 200 OK"
2025-01-17 11:06:08,687 - INFO - HTTP Request: GET https://api.gradio.app/pkg-version "HTTP/1.1 200 OK"
2025-01-17 11:11:24,482 - INFO - HTTP Request: GET https://api.gradio.app/gradio-messaging/en "HTTP/1.1 200 OK"
2025-01-17 11:11:27,496 - INFO - HTTP Request: GET http://localhost:8080/gradio_api/startup-events "HTTP/1.1 200 OK"
2025-01-17 11:11:27,504 - INFO - HTTP Request: HEAD http://localhost:8080/ "HTTP/1.1 200 OK"
2025-01-17 11:11:28,267 - INFO - HTTP Request: GET https://api.gradio.app/pkg-version "HTTP/1.1 200 OK"
2025-01-17 11:11:28,281 - INFO - HTTP Request: GET https://api.gradio.app/pkg-version "HTTP/1.1 200 OK"
2025-01-17 11:14:36,798 - INFO - HTTP Request: GET https://api.gradio.app/gradio-messaging/en "HTTP/1.1 200 OK"
2025-01-17 11:14:40,154 - INFO - HTTP Request: GET http://localhost:8080/gradio_api/startup-events "HTTP/1.1 200 OK"
2025-01-17 11:14:40,272 - INFO - HTTP Request: HEAD http://localhost:8080/ "HTTP/1.1 200 OK"
2025-01-17 11:14:40,920 - INFO - HTTP Request: GET https://api.gradio.app/pkg-version "HTTP/1.1 200 OK"
2025-01-17 11:14:40,976 - INFO - HTTP Request: GET https://api.gradio.app/pkg-version "HTTP/1.1 200 OK"
2025-01-17 11:16:01,696 - INFO - HTTP Request: GET https://api.gradio.app/gradio-messaging/en "HTTP/1.1 200 OK"
2025-01-17 11:16:04,886 - INFO - HTTP Request: GET http://localhost:8080/gradio_api/startup-events "HTTP/1.1 200 OK"
2025-01-17 11:16:04,895 - INFO - HTTP Request: HEAD http://localhost:8080/ "HTTP/1.1 200 OK"
2025-01-17 11:16:05,668 - INFO - HTTP Request: GET https://api.gradio.app/pkg-version "HTTP/1.1 200 OK"
2025-01-17 11:16:05,694 - INFO - HTTP Request: GET https://api.gradio.app/pkg-version "HTTP/1.1 200 OK"
2025-01-17 11:18:22,360 - INFO - HTTP Request: GET https://api.gradio.app/gradio-messaging/en "HTTP/1.1 200 OK"
2025-01-17 11:18:25,439 - INFO - HTTP Request: GET http://localhost:8080/gradio_api/startup-events "HTTP/1.1 200 OK"
2025-01-17 11:18:25,447 - INFO - HTTP Request: HEAD http://localhost:8080/ "HTTP/1.1 200 OK"
2025-01-17 11:18:26,224 - INFO - HTTP Request: GET https://api.gradio.app/pkg-version "HTTP/1.1 200 OK"
2025-01-17 11:18:26,254 - INFO - HTTP Request: GET https://api.gradio.app/pkg-version "HTTP/1.1 200 OK"
2025-01-17 11:21:10,383 - INFO - HTTP Request: GET https://api.gradio.app/gradio-messaging/en "HTTP/1.1 200 OK"
2025-01-17 11:21:13,431 - INFO - HTTP Request: GET http://localhost:8080/gradio_api/startup-events "HTTP/1.1 200 OK"
2025-01-17 11:21:13,439 - INFO - HTTP Request: HEAD http://localhost:8080/ "HTTP/1.1 200 OK"
2025-01-17 11:21:14,231 - INFO - HTTP Request: GET https://api.gradio.app/pkg-version "HTTP/1.1 200 OK"
2025-01-17 11:21:14,235 - INFO - HTTP Request: GET https://api.gradio.app/pkg-version "HTTP/1.1 200 OK"
2025-01-17 11:23:20,867 - INFO - HTTP Request: GET https://api.gradio.app/gradio-messaging/en "HTTP/1.1 200 OK"
2025-01-17 11:23:24,057 - INFO - HTTP Request: GET http://localhost:8080/gradio_api/startup-events "HTTP/1.1 200 OK"
2025-01-17 11:23:24,067 - INFO - HTTP Request: HEAD http://localhost:8080/ "HTTP/1.1 200 OK"
2025-01-17 11:23:24,817 - INFO - HTTP Request: GET https://api.gradio.app/pkg-version "HTTP/1.1 200 OK"
2025-01-17 11:23:24,902 - INFO - HTTP Request: GET https://api.gradio.app/pkg-version "HTTP/1.1 200 OK"
2025-01-17 11:28:28,298 - INFO - HTTP Request: GET https://api.gradio.app/gradio-messaging/en "HTTP/1.1 200 OK"
2025-01-17 11:28:31,491 - INFO - HTTP Request: GET http://localhost:8080/gradio_api/startup-events "HTTP/1.1 200 OK"
2025-01-17 11:28:31,502 - INFO - HTTP Request: HEAD http://localhost:8080/ "HTTP/1.1 200 OK"
2025-01-17 11:28:32,283 - INFO - HTTP Request: GET https://api.gradio.app/pkg-version "HTTP/1.1 200 OK"
2025-01-17 11:28:32,327 - INFO - HTTP Request: GET https://api.gradio.app/pkg-version "HTTP/1.1 200 OK"
2025-01-17 12:09:39,443 - INFO - HTTP Request: GET https://api.gradio.app/gradio-messaging/en "HTTP/1.1 200 OK"
2025-01-17 12:09:42,655 - INFO - HTTP Request: GET http://localhost:8080/gradio_api/startup-events "HTTP/1.1 200 OK"
2025-01-17 12:09:42,663 - INFO - HTTP Request: HEAD http://localhost:8080/ "HTTP/1.1 200 OK"
2025-01-17 12:09:43,445 - INFO - HTTP Request: GET https://api.gradio.app/pkg-version "HTTP/1.1 200 OK"
2025-01-17 12:09:43,455 - INFO - HTTP Request: GET https://api.gradio.app/pkg-version "HTTP/1.1 200 OK"
2025-01-17 12:22:46,553 - INFO - HTTP Request: GET https://api.gradio.app/gradio-messaging/en "HTTP/1.1 200 OK"
2025-01-17 12:22:49,504 - INFO - HTTP Request: GET http://localhost:8080/gradio_api/startup-events "HTTP/1.1 200 OK"
2025-01-17 12:22:49,512 - INFO - HTTP Request: HEAD http://localhost:8080/ "HTTP/1.1 200 OK"
2025-01-17 12:22:50,280 - INFO - HTTP Request: GET https://api.gradio.app/pkg-version "HTTP/1.1 200 OK"
2025-01-17 12:22:50,326 - INFO - HTTP Request: GET https://api.gradio.app/pkg-version "HTTP/1.1 200 OK"
2025-01-17 12:24:11,917 - INFO - HTTP Request: GET https://api.gradio.app/gradio-messaging/en "HTTP/1.1 200 OK"
2025-01-17 12:24:14,955 - INFO - HTTP Request: GET http://localhost:8080/gradio_api/startup-events "HTTP/1.1 200 OK"
2025-01-17 12:24:14,965 - INFO - HTTP Request: HEAD http://localhost:8080/ "HTTP/1.1 200 OK"
2025-01-17 12:24:15,721 - INFO - HTTP Request: GET https://api.gradio.app/pkg-version "HTTP/1.1 200 OK"
2025-01-17 12:24:15,777 - INFO - HTTP Request: GET https://api.gradio.app/pkg-version "HTTP/1.1 200 OK"
2025-01-17 13:48:26,454 - INFO - HTTP Request: GET https://api.gradio.app/gradio-messaging/en "HTTP/1.1 200 OK"
2025-01-17 13:48:29,537 - INFO - HTTP Request: GET http://localhost:8080/gradio_api/startup-events "HTTP/1.1 200 OK"
2025-01-17 13:48:29,545 - INFO - HTTP Request: HEAD http://localhost:8080/ "HTTP/1.1 200 OK"
2025-01-17 13:48:30,309 - INFO - HTTP Request: GET https://api.gradio.app/pkg-version "HTTP/1.1 200 OK"
2025-01-17 13:48:30,350 - INFO - HTTP Request: GET https://api.gradio.app/pkg-version "HTTP/1.1 200 OK"
2025-01-17 13:50:34,929 - INFO - HTTP Request: GET https://api.gradio.app/gradio-messaging/en "HTTP/1.1 200 OK"
2025-01-17 13:50:38,098 - INFO - HTTP Request: GET http://localhost:8080/gradio_api/startup-events "HTTP/1.1 200 OK"
2025-01-17 13:50:38,109 - INFO - HTTP Request: HEAD http://localhost:8080/ "HTTP/1.1 200 OK"
2025-01-17 13:50:38,838 - INFO - HTTP Request: GET https://api.gradio.app/pkg-version "HTTP/1.1 200 OK"
2025-01-17 13:50:38,931 - INFO - HTTP Request: GET https://api.gradio.app/pkg-version "HTTP/1.1 200 OK"
2025-01-17 14:20:38,667 - INFO - HTTP Request: GET https://api.gradio.app/gradio-messaging/en "HTTP/1.1 200 OK"
2025-01-17 14:20:41,789 - INFO - HTTP Request: GET http://localhost:8080/gradio_api/startup-events "HTTP/1.1 200 OK"
2025-01-17 14:20:41,797 - INFO - HTTP Request: HEAD http://localhost:8080/ "HTTP/1.1 200 OK"
2025-01-17 14:20:42,533 - INFO - HTTP Request: GET https://api.gradio.app/pkg-version "HTTP/1.1 200 OK"
2025-01-17 14:20:42,586 - INFO - HTTP Request: GET https://api.gradio.app/pkg-version "HTTP/1.1 200 OK"
2025-01-17 14:22:22,759 - INFO - HTTP Request: GET https://api.gradio.app/gradio-messaging/en "HTTP/1.1 200 OK"
2025-01-17 14:22:25,962 - INFO - HTTP Request: GET http://localhost:8080/gradio_api/startup-events "HTTP/1.1 200 OK"
2025-01-17 14:22:25,972 - INFO - HTTP Request: HEAD http://localhost:8080/ "HTTP/1.1 200 OK"
2025-01-17 14:22:26,736 - INFO - HTTP Request: GET https://api.gradio.app/pkg-version "HTTP/1.1 200 OK"
2025-01-17 14:22:26,787 - INFO - HTTP Request: GET https://api.gradio.app/pkg-version "HTTP/1.1 200 OK"
2025-01-17 14:23:17,490 - INFO - HTTP Request: GET https://api.gradio.app/gradio-messaging/en "HTTP/1.1 200 OK"
2025-01-17 14:23:20,740 - INFO - HTTP Request: GET http://localhost:8080/gradio_api/startup-events "HTTP/1.1 200 OK"
2025-01-17 14:23:20,750 - INFO - HTTP Request: HEAD http://localhost:8080/ "HTTP/1.1 200 OK"
2025-01-17 14:23:21,508 - INFO - HTTP Request: GET https://api.gradio.app/pkg-version "HTTP/1.1 200 OK"
2025-01-17 14:23:21,516 - INFO - HTTP Request: GET https://api.gradio.app/pkg-version "HTTP/1.1 200 OK"
2025-01-17 14:25:54,987 - INFO - HTTP Request: GET https://api.gradio.app/gradio-messaging/en "HTTP/1.1 200 OK"
2025-01-17 14:25:58,554 - INFO - HTTP Request: GET http://localhost:8080/gradio_api/startup-events "HTTP/1.1 200 OK"
2025-01-17 14:25:58,562 - INFO - HTTP Request: HEAD http://localhost:8080/ "HTTP/1.1 200 OK"
2025-01-17 14:25:59,322 - INFO - HTTP Request: GET https://api.gradio.app/pkg-version "HTTP/1.1 200 OK"
2025-01-17 14:25:59,347 - INFO - HTTP Request: GET https://api.gradio.app/pkg-version "HTTP/1.1 200 OK"
2025-01-17 14:27:38,616 - INFO - HTTP Request: GET https://api.gradio.app/gradio-messaging/en "HTTP/1.1 200 OK"
2025-01-17 14:27:41,772 - INFO - HTTP Request: GET http://localhost:8080/gradio_api/startup-events "HTTP/1.1 200 OK"
2025-01-17 14:27:41,782 - INFO - HTTP Request: HEAD http://localhost:8080/ "HTTP/1.1 200 OK"
2025-01-17 14:27:42,543 - INFO - HTTP Request: GET https://api.gradio.app/pkg-version "HTTP/1.1 200 OK"
2025-01-17 14:27:42,601 - INFO - HTTP Request: GET https://api.gradio.app/pkg-version "HTTP/1.1 200 OK"
2025-01-17 14:31:40,187 - INFO - HTTP Request: GET https://api.gradio.app/gradio-messaging/en "HTTP/1.1 200 OK"
2025-01-17 14:31:43,342 - INFO - HTTP Request: GET http://localhost:8080/gradio_api/startup-events "HTTP/1.1 200 OK"
2025-01-17 14:31:43,355 - INFO - HTTP Request: HEAD http://localhost:8080/ "HTTP/1.1 200 OK"
2025-01-17 14:31:44,137 - INFO - HTTP Request: GET https://api.gradio.app/pkg-version "HTTP/1.1 200 OK"
2025-01-17 14:31:44,171 - INFO - HTTP Request: GET https://api.gradio.app/pkg-version "HTTP/1.1 200 OK"
2025-01-17 14:35:46,600 - INFO - HTTP Request: GET https://api.gradio.app/gradio-messaging/en "HTTP/1.1 200 OK"
2025-01-17 14:35:49,628 - INFO - HTTP Request: GET http://localhost:8080/gradio_api/startup-events "HTTP/1.1 200 OK"
2025-01-17 14:35:49,635 - INFO - HTTP Request: HEAD http://localhost:8080/ "HTTP/1.1 200 OK"
2025-01-17 14:35:50,366 - INFO - HTTP Request: GET https://api.gradio.app/pkg-version "HTTP/1.1 200 OK"
2025-01-17 14:35:50,458 - INFO - HTTP Request: GET https://api.gradio.app/pkg-version "HTTP/1.1 200 OK"
2025-01-17 14:36:40,060 - INFO - HTTP Request: GET https://api.gradio.app/gradio-messaging/en "HTTP/1.1 200 OK"
2025-01-17 14:36:43,148 - INFO - HTTP Request: GET http://localhost:8080/gradio_api/startup-events "HTTP/1.1 200 OK"
2025-01-17 14:36:43,157 - INFO - HTTP Request: HEAD http://localhost:8080/ "HTTP/1.1 200 OK"
2025-01-17 14:36:43,915 - INFO - HTTP Request: GET https://api.gradio.app/pkg-version "HTTP/1.1 200 OK"
2025-01-17 14:36:43,979 - INFO - HTTP Request: GET https://api.gradio.app/pkg-version "HTTP/1.1 200 OK"
2025-01-17 14:39:15,888 - INFO - HTTP Request: GET https://api.gradio.app/gradio-messaging/en "HTTP/1.1 200 OK"
2025-01-17 14:39:19,159 - INFO - HTTP Request: GET http://localhost:8080/gradio_api/startup-events "HTTP/1.1 200 OK"
2025-01-17 14:39:19,170 - INFO - HTTP Request: HEAD http://localhost:8080/ "HTTP/1.1 200 OK"
2025-01-17 14:39:19,949 - INFO - HTTP Request: GET https://api.gradio.app/pkg-version "HTTP/1.1 200 OK"
2025-01-17 14:39:19,950 - INFO - HTTP Request: GET https://api.gradio.app/pkg-version "HTTP/1.1 200 OK"
2025-01-17 14:41:13,610 - INFO - HTTP Request: GET https://api.gradio.app/gradio-messaging/en "HTTP/1.1 200 OK"
2025-01-17 14:41:16,811 - INFO - HTTP Request: GET http://localhost:8080/gradio_api/startup-events "HTTP/1.1 200 OK"
2025-01-17 14:41:16,819 - INFO - HTTP Request: HEAD http://localhost:8080/ "HTTP/1.1 200 OK"
2025-01-17 14:41:17,568 - INFO - HTTP Request: GET https://api.gradio.app/pkg-version "HTTP/1.1 200 OK"
2025-01-17 14:41:17,637 - INFO - HTTP Request: GET https://api.gradio.app/pkg-version "HTTP/1.1 200 OK"
