2025-01-08 08:51:43,376 - INFO - HTTP Request: GET https://api.gradio.app/gradio-messaging/en "HTTP/1.1 200 OK"
2025-01-08 08:51:49,667 - INFO - HTTP Request: GET http://localhost:8080/gradio_api/startup-events "HTTP/1.1 200 OK"
2025-01-08 08:51:49,674 - INFO - HTTP Request: HEAD http://localhost:8080/ "HTTP/1.1 200 OK"
2025-01-08 08:51:50,422 - INFO - HTTP Request: GET https://api.gradio.app/pkg-version "HTTP/1.1 200 OK"
2025-01-08 08:51:50,446 - INFO - HTTP Request: GET https://api.gradio.app/pkg-version "HTTP/1.1 200 OK"
2025-01-08 08:53:57,174 - INFO - HTTP Request: GET https://api.gradio.app/gradio-messaging/en "HTTP/1.1 200 OK"
2025-01-08 08:54:00,365 - INFO - HTTP Request: GET http://localhost:8080/gradio_api/startup-events "HTTP/1.1 200 OK"
2025-01-08 08:54:00,374 - INFO - HTTP Request: HEAD http://localhost:8080/ "HTTP/1.1 200 OK"
2025-01-08 08:54:01,114 - INFO - HTTP Request: GET https://api.gradio.app/pkg-version "HTTP/1.1 200 OK"
2025-01-08 08:54:01,176 - INFO - HTTP Request: GET https://api.gradio.app/pkg-version "HTTP/1.1 200 OK"
2025-01-08 09:00:08,329 - INFO - HTTP Request: GET https://api.gradio.app/gradio-messaging/en "HTTP/1.1 200 OK"
2025-01-08 09:00:11,495 - INFO - HTTP Request: GET http://localhost:8080/gradio_api/startup-events "HTTP/1.1 200 OK"
2025-01-08 09:00:11,503 - INFO - HTTP Request: HEAD http://localhost:8080/ "HTTP/1.1 200 OK"
2025-01-08 09:00:12,290 - INFO - HTTP Request: GET https://api.gradio.app/pkg-version "HTTP/1.1 200 OK"
2025-01-08 09:00:12,309 - INFO - HTTP Request: GET https://api.gradio.app/pkg-version "HTTP/1.1 200 OK"
2025-01-08 09:02:03,262 - INFO - HTTP Request: GET https://api.gradio.app/gradio-messaging/en "HTTP/1.1 200 OK"
2025-01-08 09:02:06,366 - INFO - HTTP Request: GET http://localhost:8080/gradio_api/startup-events "HTTP/1.1 200 OK"
2025-01-08 09:02:06,375 - INFO - HTTP Request: HEAD http://localhost:8080/ "HTTP/1.1 200 OK"
2025-01-08 09:02:07,177 - INFO - HTTP Request: GET https://api.gradio.app/pkg-version "HTTP/1.1 200 OK"
2025-01-08 09:02:07,213 - INFO - HTTP Request: GET https://api.gradio.app/pkg-version "HTTP/1.1 200 OK"
2025-01-08 09:04:07,003 - INFO - HTTP Request: GET https://api.gradio.app/gradio-messaging/en "HTTP/1.1 200 OK"
2025-01-08 09:04:09,914 - INFO - HTTP Request: GET http://localhost:8080/gradio_api/startup-events "HTTP/1.1 200 OK"
2025-01-08 09:04:09,923 - INFO - HTTP Request: HEAD http://localhost:8080/ "HTTP/1.1 200 OK"
2025-01-08 09:04:10,702 - INFO - HTTP Request: GET https://api.gradio.app/pkg-version "HTTP/1.1 200 OK"
2025-01-08 09:04:10,717 - INFO - HTTP Request: GET https://api.gradio.app/pkg-version "HTTP/1.1 200 OK"
2025-01-08 09:25:49,647 - INFO - HTTP Request: GET https://api.gradio.app/gradio-messaging/en "HTTP/1.1 200 OK"
2025-01-08 09:25:52,711 - INFO - HTTP Request: GET http://localhost:8080/gradio_api/startup-events "HTTP/1.1 200 OK"
2025-01-08 09:25:52,719 - INFO - HTTP Request: HEAD http://localhost:8080/ "HTTP/1.1 200 OK"
2025-01-08 09:25:53,453 - INFO - HTTP Request: GET https://api.gradio.app/pkg-version "HTTP/1.1 200 OK"
2025-01-08 09:25:53,539 - INFO - HTTP Request: GET https://api.gradio.app/pkg-version "HTTP/1.1 200 OK"
2025-01-08 09:30:08,310 - INFO - HTTP Request: GET https://api.gradio.app/gradio-messaging/en "HTTP/1.1 200 OK"
2025-01-08 09:30:11,567 - INFO - HTTP Request: GET http://localhost:8080/gradio_api/startup-events "HTTP/1.1 200 OK"
2025-01-08 09:30:11,576 - INFO - HTTP Request: HEAD http://localhost:8080/ "HTTP/1.1 200 OK"
2025-01-08 09:30:12,317 - INFO - HTTP Request: GET https://api.gradio.app/pkg-version "HTTP/1.1 200 OK"
2025-01-08 09:30:12,378 - INFO - HTTP Request: GET https://api.gradio.app/pkg-version "HTTP/1.1 200 OK"
2025-01-08 09:31:00,017 - INFO - HTTP Request: GET https://api.gradio.app/gradio-messaging/en "HTTP/1.1 200 OK"
2025-01-08 09:31:03,165 - INFO - HTTP Request: GET http://localhost:8080/gradio_api/startup-events "HTTP/1.1 200 OK"
2025-01-08 09:31:03,174 - INFO - HTTP Request: HEAD http://localhost:8080/ "HTTP/1.1 200 OK"
2025-01-08 09:31:03,920 - INFO - HTTP Request: GET https://api.gradio.app/pkg-version "HTTP/1.1 200 OK"
2025-01-08 09:31:03,959 - INFO - HTTP Request: GET https://api.gradio.app/pkg-version "HTTP/1.1 200 OK"
2025-01-08 13:55:56,957 - INFO - HTTP Request: GET https://api.gradio.app/gradio-messaging/en "HTTP/1.1 200 OK"
2025-01-08 13:56:00,036 - INFO - HTTP Request: GET http://localhost:8080/gradio_api/startup-events "HTTP/1.1 200 OK"
2025-01-08 13:56:00,044 - INFO - HTTP Request: HEAD http://localhost:8080/ "HTTP/1.1 200 OK"
2025-01-08 13:56:00,791 - INFO - HTTP Request: GET https://api.gradio.app/pkg-version "HTTP/1.1 200 OK"
2025-01-08 13:56:00,855 - INFO - HTTP Request: GET https://api.gradio.app/pkg-version "HTTP/1.1 200 OK"
2025-01-08 14:02:28,347 - INFO - HTTP Request: GET https://api.gradio.app/gradio-messaging/en "HTTP/1.1 200 OK"
2025-01-08 14:02:31,763 - INFO - HTTP Request: GET http://localhost:8080/gradio_api/startup-events "HTTP/1.1 200 OK"
2025-01-08 14:02:31,772 - INFO - HTTP Request: HEAD http://localhost:8080/ "HTTP/1.1 200 OK"
2025-01-08 14:02:32,537 - INFO - HTTP Request: GET https://api.gradio.app/pkg-version "HTTP/1.1 200 OK"
2025-01-08 14:02:32,594 - INFO - HTTP Request: GET https://api.gradio.app/pkg-version "HTTP/1.1 200 OK"
2025-01-08 14:04:04,063 - INFO - HTTP Request: GET https://api.gradio.app/gradio-messaging/en "HTTP/1.1 200 OK"
2025-01-08 14:04:07,253 - INFO - HTTP Request: GET http://localhost:8080/gradio_api/startup-events "HTTP/1.1 200 OK"
2025-01-08 14:04:07,262 - INFO - HTTP Request: HEAD http://localhost:8080/ "HTTP/1.1 200 OK"
2025-01-08 14:04:08,027 - INFO - HTTP Request: GET https://api.gradio.app/pkg-version "HTTP/1.1 200 OK"
2025-01-08 14:04:08,029 - INFO - HTTP Request: GET https://api.gradio.app/pkg-version "HTTP/1.1 200 OK"
2025-01-08 14:05:35,100 - INFO - HTTP Request: GET https://api.gradio.app/gradio-messaging/en "HTTP/1.1 200 OK"
2025-01-08 14:05:38,338 - INFO - HTTP Request: GET http://localhost:8080/gradio_api/startup-events "HTTP/1.1 200 OK"
2025-01-08 14:05:38,347 - INFO - HTTP Request: HEAD http://localhost:8080/ "HTTP/1.1 200 OK"
2025-01-08 14:05:39,118 - INFO - HTTP Request: GET https://api.gradio.app/pkg-version "HTTP/1.1 200 OK"
2025-01-08 14:05:39,165 - INFO - HTTP Request: GET https://api.gradio.app/pkg-version "HTTP/1.1 200 OK"
2025-01-08 14:09:49,706 - INFO - HTTP Request: GET https://api.gradio.app/gradio-messaging/en "HTTP/1.1 200 OK"
2025-01-08 14:09:52,701 - INFO - HTTP Request: GET http://localhost:8080/gradio_api/startup-events "HTTP/1.1 200 OK"
2025-01-08 14:09:52,709 - INFO - HTTP Request: HEAD http://localhost:8080/ "HTTP/1.1 200 OK"
2025-01-08 14:09:53,462 - INFO - HTTP Request: GET https://api.gradio.app/pkg-version "HTTP/1.1 200 OK"
2025-01-08 14:09:53,539 - INFO - HTTP Request: GET https://api.gradio.app/pkg-version "HTTP/1.1 200 OK"
2025-01-08 14:10:45,841 - INFO - HTTP Request: GET https://api.gradio.app/gradio-messaging/en "HTTP/1.1 200 OK"
2025-01-08 14:10:48,941 - INFO - HTTP Request: GET http://localhost:8080/gradio_api/startup-events "HTTP/1.1 200 OK"
2025-01-08 14:10:48,950 - INFO - HTTP Request: HEAD http://localhost:8080/ "HTTP/1.1 200 OK"
2025-01-08 14:10:49,697 - INFO - HTTP Request: GET https://api.gradio.app/pkg-version "HTTP/1.1 200 OK"
2025-01-08 14:10:49,748 - INFO - HTTP Request: GET https://api.gradio.app/pkg-version "HTTP/1.1 200 OK"
2025-01-08 14:12:52,726 - INFO - HTTP Request: GET https://api.gradio.app/gradio-messaging/en "HTTP/1.1 200 OK"
2025-01-08 14:12:55,689 - INFO - HTTP Request: GET http://localhost:8080/gradio_api/startup-events "HTTP/1.1 200 OK"
2025-01-08 14:12:55,698 - INFO - HTTP Request: HEAD http://localhost:8080/ "HTTP/1.1 200 OK"
2025-01-08 14:12:56,463 - INFO - HTTP Request: GET https://api.gradio.app/pkg-version "HTTP/1.1 200 OK"
2025-01-08 14:12:56,529 - INFO - HTTP Request: GET https://api.gradio.app/pkg-version "HTTP/1.1 200 OK"
2025-01-08 14:17:17,070 - INFO - HTTP Request: GET https://api.gradio.app/gradio-messaging/en "HTTP/1.1 200 OK"
2025-01-08 14:17:20,144 - INFO - HTTP Request: GET http://localhost:8080/gradio_api/startup-events "HTTP/1.1 200 OK"
2025-01-08 14:17:20,154 - INFO - HTTP Request: HEAD http://localhost:8080/ "HTTP/1.1 200 OK"
2025-01-08 14:17:20,891 - INFO - HTTP Request: GET https://api.gradio.app/pkg-version "HTTP/1.1 200 OK"
2025-01-08 14:17:20,927 - INFO - HTTP Request: GET https://api.gradio.app/pkg-version "HTTP/1.1 200 OK"
2025-01-08 14:20:12,716 - INFO - HTTP Request: GET https://api.gradio.app/gradio-messaging/en "HTTP/1.1 200 OK"
2025-01-08 14:20:16,078 - INFO - HTTP Request: GET http://localhost:8080/gradio_api/startup-events "HTTP/1.1 200 OK"
2025-01-08 14:20:16,087 - INFO - HTTP Request: HEAD http://localhost:8080/ "HTTP/1.1 200 OK"
2025-01-08 14:20:16,840 - INFO - HTTP Request: GET https://api.gradio.app/pkg-version "HTTP/1.1 200 OK"
2025-01-08 14:20:16,922 - INFO - HTTP Request: GET https://api.gradio.app/pkg-version "HTTP/1.1 200 OK"
2025-01-08 14:23:22,791 - INFO - HTTP Request: GET https://api.gradio.app/gradio-messaging/en "HTTP/1.1 200 OK"
2025-01-08 14:23:26,041 - INFO - HTTP Request: GET http://localhost:8080/gradio_api/startup-events "HTTP/1.1 200 OK"
2025-01-08 14:23:26,051 - INFO - HTTP Request: HEAD http://localhost:8080/ "HTTP/1.1 200 OK"
2025-01-08 14:23:26,865 - INFO - HTTP Request: GET https://api.gradio.app/pkg-version "HTTP/1.1 200 OK"
2025-01-08 14:23:27,565 - INFO - HTTP Request: GET https://api.gradio.app/pkg-version "HTTP/1.1 200 OK"
2025-01-08 14:31:07,191 - INFO - HTTP Request: GET https://api.gradio.app/gradio-messaging/en "HTTP/1.1 200 OK"
2025-01-08 14:31:10,354 - INFO - HTTP Request: GET http://localhost:8080/gradio_api/startup-events "HTTP/1.1 200 OK"
2025-01-08 14:31:10,363 - INFO - HTTP Request: HEAD http://localhost:8080/ "HTTP/1.1 200 OK"
2025-01-08 14:31:11,149 - INFO - HTTP Request: GET https://api.gradio.app/pkg-version "HTTP/1.1 200 OK"
2025-01-08 14:31:11,182 - INFO - HTTP Request: GET https://api.gradio.app/pkg-version "HTTP/1.1 200 OK"
2025-01-08 14:35:24,871 - INFO - HTTP Request: GET https://api.gradio.app/gradio-messaging/en "HTTP/1.1 200 OK"
2025-01-08 14:35:27,943 - INFO - HTTP Request: GET http://localhost:8080/gradio_api/startup-events "HTTP/1.1 200 OK"
2025-01-08 14:35:27,954 - INFO - HTTP Request: HEAD http://localhost:8080/ "HTTP/1.1 200 OK"
2025-01-08 14:35:28,726 - INFO - HTTP Request: GET https://api.gradio.app/pkg-version "HTTP/1.1 200 OK"
2025-01-08 14:35:28,769 - INFO - HTTP Request: GET https://api.gradio.app/pkg-version "HTTP/1.1 200 OK"
2025-01-08 14:44:51,528 - INFO - HTTP Request: GET https://api.gradio.app/gradio-messaging/en "HTTP/1.1 200 OK"
2025-01-08 14:44:54,633 - INFO - HTTP Request: GET http://localhost:8080/gradio_api/startup-events "HTTP/1.1 200 OK"
2025-01-08 14:44:54,642 - INFO - HTTP Request: HEAD http://localhost:8080/ "HTTP/1.1 200 OK"
2025-01-08 14:44:55,425 - INFO - HTTP Request: GET https://api.gradio.app/pkg-version "HTTP/1.1 200 OK"
2025-01-08 14:44:55,436 - INFO - HTTP Request: GET https://api.gradio.app/pkg-version "HTTP/1.1 200 OK"
2025-01-08 14:46:23,846 - INFO - HTTP Request: GET https://api.gradio.app/gradio-messaging/en "HTTP/1.1 200 OK"
2025-01-08 14:46:27,015 - INFO - HTTP Request: GET http://localhost:8080/gradio_api/startup-events "HTTP/1.1 200 OK"
2025-01-08 14:46:27,024 - INFO - HTTP Request: HEAD http://localhost:8080/ "HTTP/1.1 200 OK"
2025-01-08 14:46:27,781 - INFO - HTTP Request: GET https://api.gradio.app/pkg-version "HTTP/1.1 200 OK"
2025-01-08 14:46:27,808 - INFO - HTTP Request: GET https://api.gradio.app/pkg-version "HTTP/1.1 200 OK"
2025-01-08 14:49:48,419 - INFO - HTTP Request: GET https://api.gradio.app/gradio-messaging/en "HTTP/1.1 200 OK"
2025-01-08 14:49:51,599 - INFO - HTTP Request: GET http://localhost:8080/gradio_api/startup-events "HTTP/1.1 200 OK"
2025-01-08 14:49:51,607 - INFO - HTTP Request: HEAD http://localhost:8080/ "HTTP/1.1 200 OK"
2025-01-08 14:49:52,358 - INFO - HTTP Request: GET https://api.gradio.app/pkg-version "HTTP/1.1 200 OK"
2025-01-08 14:49:52,400 - INFO - HTTP Request: GET https://api.gradio.app/pkg-version "HTTP/1.1 200 OK"
2025-01-08 14:55:03,950 - INFO - HTTP Request: GET https://api.gradio.app/gradio-messaging/en "HTTP/1.1 200 OK"
2025-01-08 14:55:07,084 - INFO - HTTP Request: GET http://localhost:8080/gradio_api/startup-events "HTTP/1.1 200 OK"
2025-01-08 14:55:07,093 - INFO - HTTP Request: HEAD http://localhost:8080/ "HTTP/1.1 200 OK"
2025-01-08 14:55:07,838 - INFO - HTTP Request: GET https://api.gradio.app/pkg-version "HTTP/1.1 200 OK"
2025-01-08 14:55:07,912 - INFO - HTTP Request: GET https://api.gradio.app/pkg-version "HTTP/1.1 200 OK"
2025-01-08 15:06:01,286 - INFO - HTTP Request: GET https://api.gradio.app/gradio-messaging/en "HTTP/1.1 200 OK"
2025-01-08 15:06:05,025 - INFO - HTTP Request: GET http://localhost:8080/gradio_api/startup-events "HTTP/1.1 200 OK"
2025-01-08 15:06:05,034 - INFO - HTTP Request: HEAD http://localhost:8080/ "HTTP/1.1 200 OK"
2025-01-08 15:06:05,785 - INFO - HTTP Request: GET https://api.gradio.app/pkg-version "HTTP/1.1 200 OK"
2025-01-08 15:06:05,808 - INFO - HTTP Request: GET https://api.gradio.app/pkg-version "HTTP/1.1 200 OK"
2025-01-08 15:10:30,797 - INFO - HTTP Request: GET https://api.gradio.app/gradio-messaging/en "HTTP/1.1 200 OK"
2025-01-08 15:10:34,057 - INFO - HTTP Request: GET http://localhost:8080/gradio_api/startup-events "HTTP/1.1 200 OK"
2025-01-08 15:10:34,066 - INFO - HTTP Request: HEAD http://localhost:8080/ "HTTP/1.1 200 OK"
2025-01-08 15:10:34,816 - INFO - HTTP Request: GET https://api.gradio.app/pkg-version "HTTP/1.1 200 OK"
2025-01-08 15:10:34,866 - INFO - HTTP Request: GET https://api.gradio.app/pkg-version "HTTP/1.1 200 OK"
2025-01-08 15:17:57,599 - INFO - HTTP Request: GET https://api.gradio.app/gradio-messaging/en "HTTP/1.1 200 OK"
2025-01-08 15:18:00,826 - INFO - HTTP Request: GET http://localhost:8080/gradio_api/startup-events "HTTP/1.1 200 OK"
2025-01-08 15:18:00,836 - INFO - HTTP Request: HEAD http://localhost:8080/ "HTTP/1.1 200 OK"
2025-01-08 15:18:01,650 - INFO - HTTP Request: GET https://api.gradio.app/pkg-version "HTTP/1.1 200 OK"
2025-01-08 15:18:01,654 - INFO - HTTP Request: GET https://api.gradio.app/pkg-version "HTTP/1.1 200 OK"
2025-01-08 15:19:44,556 - INFO - HTTP Request: GET https://api.gradio.app/gradio-messaging/en "HTTP/1.1 200 OK"
2025-01-08 15:19:47,702 - INFO - HTTP Request: GET http://localhost:8080/gradio_api/startup-events "HTTP/1.1 200 OK"
2025-01-08 15:19:47,711 - INFO - HTTP Request: HEAD http://localhost:8080/ "HTTP/1.1 200 OK"
2025-01-08 15:19:48,472 - INFO - HTTP Request: GET https://api.gradio.app/pkg-version "HTTP/1.1 200 OK"
2025-01-08 15:19:48,507 - INFO - HTTP Request: GET https://api.gradio.app/pkg-version "HTTP/1.1 200 OK"
2025-01-08 15:21:13,518 - INFO - HTTP Request: GET https://api.gradio.app/gradio-messaging/en "HTTP/1.1 200 OK"
2025-01-08 15:21:16,736 - INFO - HTTP Request: GET http://localhost:8080/gradio_api/startup-events "HTTP/1.1 200 OK"
2025-01-08 15:21:16,743 - INFO - HTTP Request: HEAD http://localhost:8080/ "HTTP/1.1 200 OK"
2025-01-08 15:21:17,511 - INFO - HTTP Request: GET https://api.gradio.app/pkg-version "HTTP/1.1 200 OK"
2025-01-08 15:21:17,540 - INFO - HTTP Request: GET https://api.gradio.app/pkg-version "HTTP/1.1 200 OK"
2025-01-08 15:26:22,994 - INFO - HTTP Request: GET https://api.gradio.app/gradio-messaging/en "HTTP/1.1 200 OK"
2025-01-08 15:26:25,907 - INFO - HTTP Request: GET http://localhost:8080/gradio_api/startup-events "HTTP/1.1 200 OK"
2025-01-08 15:26:25,914 - INFO - HTTP Request: HEAD http://localhost:8080/ "HTTP/1.1 200 OK"
2025-01-08 15:26:26,680 - INFO - HTTP Request: GET https://api.gradio.app/pkg-version "HTTP/1.1 200 OK"
2025-01-08 15:26:26,721 - INFO - HTTP Request: GET https://api.gradio.app/pkg-version "HTTP/1.1 200 OK"
2025-01-08 15:27:54,819 - INFO - HTTP Request: GET https://api.gradio.app/gradio-messaging/en "HTTP/1.1 200 OK"
2025-01-08 15:27:57,867 - INFO - HTTP Request: GET http://localhost:8080/gradio_api/startup-events "HTTP/1.1 200 OK"
2025-01-08 15:27:57,876 - INFO - HTTP Request: HEAD http://localhost:8080/ "HTTP/1.1 200 OK"
2025-01-08 15:27:58,672 - INFO - HTTP Request: GET https://api.gradio.app/pkg-version "HTTP/1.1 200 OK"
2025-01-08 15:27:58,696 - INFO - HTTP Request: GET https://api.gradio.app/pkg-version "HTTP/1.1 200 OK"
2025-01-08 15:29:36,243 - INFO - HTTP Request: GET https://api.gradio.app/gradio-messaging/en "HTTP/1.1 200 OK"
2025-01-08 15:29:39,112 - INFO - HTTP Request: GET http://localhost:8080/gradio_api/startup-events "HTTP/1.1 200 OK"
2025-01-08 15:29:39,129 - INFO - HTTP Request: HEAD http://localhost:8080/ "HTTP/1.1 200 OK"
2025-01-08 15:29:39,859 - INFO - HTTP Request: GET https://api.gradio.app/pkg-version "HTTP/1.1 200 OK"
2025-01-08 15:29:39,933 - INFO - HTTP Request: GET https://api.gradio.app/pkg-version "HTTP/1.1 200 OK"
2025-01-08 15:30:12,318 - INFO - HTTP Request: GET https://api.gradio.app/gradio-messaging/en "HTTP/1.1 200 OK"
2025-01-08 15:30:15,510 - INFO - HTTP Request: GET http://localhost:8080/gradio_api/startup-events "HTTP/1.1 200 OK"
2025-01-08 15:30:15,517 - INFO - HTTP Request: HEAD http://localhost:8080/ "HTTP/1.1 200 OK"
2025-01-08 15:30:16,274 - INFO - HTTP Request: GET https://api.gradio.app/pkg-version "HTTP/1.1 200 OK"
2025-01-08 15:30:16,350 - INFO - HTTP Request: GET https://api.gradio.app/pkg-version "HTTP/1.1 200 OK"
2025-01-08 15:35:31,638 - INFO - HTTP Request: GET https://api.gradio.app/gradio-messaging/en "HTTP/1.1 200 OK"
2025-01-08 15:35:34,664 - INFO - HTTP Request: GET http://localhost:8080/gradio_api/startup-events "HTTP/1.1 200 OK"
2025-01-08 15:35:34,673 - INFO - HTTP Request: HEAD http://localhost:8080/ "HTTP/1.1 200 OK"
2025-01-08 15:35:35,448 - INFO - HTTP Request: GET https://api.gradio.app/pkg-version "HTTP/1.1 200 OK"
2025-01-08 15:35:35,512 - INFO - HTTP Request: GET https://api.gradio.app/pkg-version "HTTP/1.1 200 OK"
2025-01-08 15:36:32,483 - INFO - HTTP Request: GET https://api.gradio.app/gradio-messaging/en "HTTP/1.1 200 OK"
2025-01-08 15:36:35,751 - INFO - HTTP Request: GET http://localhost:8080/gradio_api/startup-events "HTTP/1.1 200 OK"
2025-01-08 15:36:35,758 - INFO - HTTP Request: HEAD http://localhost:8080/ "HTTP/1.1 200 OK"
2025-01-08 15:36:36,545 - INFO - HTTP Request: GET https://api.gradio.app/pkg-version "HTTP/1.1 200 OK"
2025-01-08 15:36:36,551 - INFO - HTTP Request: GET https://api.gradio.app/pkg-version "HTTP/1.1 200 OK"
2025-01-08 15:38:09,979 - INFO - HTTP Request: GET https://api.gradio.app/gradio-messaging/en "HTTP/1.1 200 OK"
2025-01-08 15:38:13,179 - INFO - HTTP Request: GET http://localhost:8080/gradio_api/startup-events "HTTP/1.1 200 OK"
2025-01-08 15:38:13,188 - INFO - HTTP Request: HEAD http://localhost:8080/ "HTTP/1.1 200 OK"
2025-01-08 15:38:13,940 - INFO - HTTP Request: GET https://api.gradio.app/pkg-version "HTTP/1.1 200 OK"
2025-01-08 15:38:14,001 - INFO - HTTP Request: GET https://api.gradio.app/pkg-version "HTTP/1.1 200 OK"
2025-01-08 15:41:05,849 - INFO - HTTP Request: GET https://api.gradio.app/gradio-messaging/en "HTTP/1.1 200 OK"
2025-01-08 15:41:08,966 - INFO - HTTP Request: GET http://localhost:8080/gradio_api/startup-events "HTTP/1.1 200 OK"
2025-01-08 15:41:08,973 - INFO - HTTP Request: HEAD http://localhost:8080/ "HTTP/1.1 200 OK"
2025-01-08 15:41:09,746 - INFO - HTTP Request: GET https://api.gradio.app/pkg-version "HTTP/1.1 200 OK"
2025-01-08 15:41:09,774 - INFO - HTTP Request: GET https://api.gradio.app/pkg-version "HTTP/1.1 200 OK"
2025-01-08 15:42:16,390 - INFO - HTTP Request: GET https://api.gradio.app/gradio-messaging/en "HTTP/1.1 200 OK"
2025-01-08 15:42:19,526 - INFO - HTTP Request: GET http://localhost:8080/gradio_api/startup-events "HTTP/1.1 200 OK"
2025-01-08 15:42:19,535 - INFO - HTTP Request: HEAD http://localhost:8080/ "HTTP/1.1 200 OK"
2025-01-08 15:42:20,314 - INFO - HTTP Request: GET https://api.gradio.app/pkg-version "HTTP/1.1 200 OK"
2025-01-08 15:42:20,325 - INFO - HTTP Request: GET https://api.gradio.app/pkg-version "HTTP/1.1 200 OK"
2025-01-08 15:45:40,406 - INFO - HTTP Request: GET https://api.gradio.app/gradio-messaging/en "HTTP/1.1 200 OK"
2025-01-08 15:45:43,511 - INFO - HTTP Request: GET http://localhost:8080/gradio_api/startup-events "HTTP/1.1 200 OK"
2025-01-08 15:45:43,521 - INFO - HTTP Request: HEAD http://localhost:8080/ "HTTP/1.1 200 OK"
2025-01-08 15:45:44,302 - INFO - HTTP Request: GET https://api.gradio.app/pkg-version "HTTP/1.1 200 OK"
2025-01-08 15:45:44,354 - INFO - HTTP Request: GET https://api.gradio.app/pkg-version "HTTP/1.1 200 OK"
2025-01-08 15:49:39,789 - INFO - HTTP Request: GET https://api.gradio.app/gradio-messaging/en "HTTP/1.1 200 OK"
2025-01-08 15:49:42,890 - INFO - HTTP Request: GET http://localhost:8080/gradio_api/startup-events "HTTP/1.1 200 OK"
2025-01-08 15:49:42,899 - INFO - HTTP Request: HEAD http://localhost:8080/ "HTTP/1.1 200 OK"
2025-01-08 15:49:43,671 - INFO - HTTP Request: GET https://api.gradio.app/pkg-version "HTTP/1.1 200 OK"
2025-01-08 15:49:43,726 - INFO - HTTP Request: GET https://api.gradio.app/pkg-version "HTTP/1.1 200 OK"
2025-01-08 15:51:52,615 - INFO - HTTP Request: GET https://api.gradio.app/gradio-messaging/en "HTTP/1.1 200 OK"
2025-01-08 15:51:55,735 - INFO - HTTP Request: GET http://localhost:8080/gradio_api/startup-events "HTTP/1.1 200 OK"
2025-01-08 15:51:55,745 - INFO - HTTP Request: HEAD http://localhost:8080/ "HTTP/1.1 200 OK"
2025-01-08 15:51:56,481 - INFO - HTTP Request: GET https://api.gradio.app/pkg-version "HTTP/1.1 200 OK"
2025-01-08 15:51:56,513 - INFO - HTTP Request: GET https://api.gradio.app/pkg-version "HTTP/1.1 200 OK"
2025-01-08 15:53:16,391 - INFO - HTTP Request: GET https://api.gradio.app/gradio-messaging/en "HTTP/1.1 200 OK"
2025-01-08 15:53:19,499 - INFO - HTTP Request: GET http://localhost:8080/gradio_api/startup-events "HTTP/1.1 200 OK"
2025-01-08 15:53:19,508 - INFO - HTTP Request: HEAD http://localhost:8080/ "HTTP/1.1 200 OK"
2025-01-08 15:53:20,274 - INFO - HTTP Request: GET https://api.gradio.app/pkg-version "HTTP/1.1 200 OK"
2025-01-08 15:53:20,278 - INFO - HTTP Request: GET https://api.gradio.app/pkg-version "HTTP/1.1 200 OK"
2025-01-08 15:55:24,219 - INFO - HTTP Request: GET https://api.gradio.app/gradio-messaging/en "HTTP/1.1 200 OK"
2025-01-08 15:55:27,447 - INFO - HTTP Request: GET http://localhost:8080/gradio_api/startup-events "HTTP/1.1 200 OK"
2025-01-08 15:55:27,454 - INFO - HTTP Request: HEAD http://localhost:8080/ "HTTP/1.1 200 OK"
2025-01-08 15:55:28,244 - INFO - HTTP Request: GET https://api.gradio.app/pkg-version "HTTP/1.1 200 OK"
2025-01-08 15:55:28,250 - INFO - HTTP Request: GET https://api.gradio.app/pkg-version "HTTP/1.1 200 OK"
2025-01-08 15:56:54,366 - INFO - HTTP Request: GET https://api.gradio.app/gradio-messaging/en "HTTP/1.1 200 OK"
2025-01-08 15:56:57,443 - INFO - HTTP Request: GET http://localhost:8080/gradio_api/startup-events "HTTP/1.1 200 OK"
2025-01-08 15:56:57,453 - INFO - HTTP Request: HEAD http://localhost:8080/ "HTTP/1.1 200 OK"
2025-01-08 15:56:58,207 - INFO - HTTP Request: GET https://api.gradio.app/pkg-version "HTTP/1.1 200 OK"
2025-01-08 15:56:58,279 - INFO - HTTP Request: GET https://api.gradio.app/pkg-version "HTTP/1.1 200 OK"
2025-01-08 16:04:03,870 - INFO - HTTP Request: GET https://api.gradio.app/gradio-messaging/en "HTTP/1.1 200 OK"
2025-01-08 16:04:07,023 - INFO - HTTP Request: GET http://localhost:8080/gradio_api/startup-events "HTTP/1.1 200 OK"
2025-01-08 16:04:07,031 - INFO - HTTP Request: HEAD http://localhost:8080/ "HTTP/1.1 200 OK"
2025-01-08 16:04:07,790 - INFO - HTTP Request: GET https://api.gradio.app/pkg-version "HTTP/1.1 200 OK"
2025-01-08 16:04:07,830 - INFO - HTTP Request: GET https://api.gradio.app/pkg-version "HTTP/1.1 200 OK"
2025-01-08 16:07:34,246 - INFO - HTTP Request: GET https://api.gradio.app/gradio-messaging/en "HTTP/1.1 200 OK"
2025-01-08 16:07:37,444 - INFO - HTTP Request: GET http://localhost:8080/gradio_api/startup-events "HTTP/1.1 200 OK"
2025-01-08 16:07:37,453 - INFO - HTTP Request: HEAD http://localhost:8080/ "HTTP/1.1 200 OK"
2025-01-08 16:07:38,235 - INFO - HTTP Request: GET https://api.gradio.app/pkg-version "HTTP/1.1 200 OK"
2025-01-08 16:07:38,250 - INFO - HTTP Request: GET https://api.gradio.app/pkg-version "HTTP/1.1 200 OK"
2025-01-08 16:09:17,392 - INFO - HTTP Request: GET https://api.gradio.app/gradio-messaging/en "HTTP/1.1 200 OK"
2025-01-08 16:09:44,701 - INFO - HTTP Request: GET https://api.gradio.app/gradio-messaging/en "HTTP/1.1 200 OK"
2025-01-08 16:09:50,296 - INFO - vision_select_layer: -1
2025-01-08 16:09:50,296 - INFO - ps_version: v2
2025-01-08 16:09:50,296 - INFO - min_dynamic_patch: 1
2025-01-08 16:09:50,296 - INFO - max_dynamic_patch: 12
2025-01-08 16:09:54,186 - INFO - vision_select_layer: -1
2025-01-08 16:09:54,186 - INFO - ps_version: v2
2025-01-08 16:09:54,186 - INFO - min_dynamic_patch: 1
2025-01-08 16:09:54,186 - INFO - max_dynamic_patch: 12
2025-01-08 16:10:42,677 - INFO - HTTP Request: GET https://api.gradio.app/gradio-messaging/en "HTTP/1.1 200 OK"
2025-01-08 16:10:51,978 - INFO - vision_select_layer: -1
2025-01-08 16:10:51,978 - INFO - ps_version: v2
2025-01-08 16:10:51,978 - INFO - min_dynamic_patch: 1
2025-01-08 16:10:51,978 - INFO - max_dynamic_patch: 12
2025-01-08 16:10:53,078 - INFO - vision_select_layer: -1
2025-01-08 16:10:53,078 - INFO - ps_version: v2
2025-01-08 16:10:53,078 - INFO - min_dynamic_patch: 1
2025-01-08 16:10:53,078 - INFO - max_dynamic_patch: 12
2025-01-08 16:12:59,348 - INFO - HTTP Request: GET https://api.gradio.app/gradio-messaging/en "HTTP/1.1 200 OK"
2025-01-08 16:13:02,378 - INFO - HTTP Request: GET http://localhost:8080/gradio_api/startup-events "HTTP/1.1 200 OK"
2025-01-08 16:13:02,385 - INFO - HTTP Request: HEAD http://localhost:8080/ "HTTP/1.1 200 OK"
2025-01-08 16:13:03,163 - INFO - HTTP Request: GET https://api.gradio.app/pkg-version "HTTP/1.1 200 OK"
2025-01-08 16:13:03,164 - INFO - HTTP Request: GET https://api.gradio.app/pkg-version "HTTP/1.1 200 OK"
2025-01-08 16:14:30,755 - INFO - HTTP Request: GET https://api.gradio.app/gradio-messaging/en "HTTP/1.1 200 OK"
2025-01-08 16:14:34,026 - INFO - HTTP Request: GET http://localhost:8080/gradio_api/startup-events "HTTP/1.1 200 OK"
2025-01-08 16:14:34,033 - INFO - HTTP Request: HEAD http://localhost:8080/ "HTTP/1.1 200 OK"
2025-01-08 16:14:34,808 - INFO - HTTP Request: GET https://api.gradio.app/pkg-version "HTTP/1.1 200 OK"
2025-01-08 16:14:34,826 - INFO - HTTP Request: GET https://api.gradio.app/pkg-version "HTTP/1.1 200 OK"
2025-01-08 16:15:35,412 - INFO - HTTP Request: GET https://api.gradio.app/gradio-messaging/en "HTTP/1.1 200 OK"
2025-01-08 16:15:38,588 - INFO - HTTP Request: GET http://localhost:8080/gradio_api/startup-events "HTTP/1.1 200 OK"
2025-01-08 16:15:38,596 - INFO - HTTP Request: HEAD http://localhost:8080/ "HTTP/1.1 200 OK"
2025-01-08 16:15:39,376 - INFO - HTTP Request: GET https://api.gradio.app/pkg-version "HTTP/1.1 200 OK"
2025-01-08 16:15:39,392 - INFO - HTTP Request: GET https://api.gradio.app/pkg-version "HTTP/1.1 200 OK"
2025-01-08 16:16:17,427 - INFO - HTTP Request: GET https://api.gradio.app/gradio-messaging/en "HTTP/1.1 200 OK"
2025-01-08 16:16:20,574 - INFO - HTTP Request: GET http://localhost:8080/gradio_api/startup-events "HTTP/1.1 200 OK"
2025-01-08 16:16:20,583 - INFO - HTTP Request: HEAD http://localhost:8080/ "HTTP/1.1 200 OK"
2025-01-08 16:16:21,335 - INFO - HTTP Request: GET https://api.gradio.app/pkg-version "HTTP/1.1 200 OK"
2025-01-08 16:16:21,369 - INFO - HTTP Request: GET https://api.gradio.app/pkg-version "HTTP/1.1 200 OK"
2025-01-08 16:17:29,170 - INFO - HTTP Request: GET https://api.gradio.app/gradio-messaging/en "HTTP/1.1 200 OK"
2025-01-08 16:17:32,406 - INFO - HTTP Request: GET http://localhost:8080/gradio_api/startup-events "HTTP/1.1 200 OK"
2025-01-08 16:17:32,416 - INFO - HTTP Request: HEAD http://localhost:8080/ "HTTP/1.1 200 OK"
2025-01-08 16:17:33,182 - INFO - HTTP Request: GET https://api.gradio.app/pkg-version "HTTP/1.1 200 OK"
2025-01-08 16:17:33,201 - INFO - HTTP Request: GET https://api.gradio.app/pkg-version "HTTP/1.1 200 OK"
2025-01-08 16:18:16,572 - INFO - HTTP Request: GET https://api.gradio.app/gradio-messaging/en "HTTP/1.1 200 OK"
2025-01-08 16:18:19,709 - INFO - HTTP Request: GET http://localhost:8080/gradio_api/startup-events "HTTP/1.1 200 OK"
2025-01-08 16:18:19,718 - INFO - HTTP Request: HEAD http://localhost:8080/ "HTTP/1.1 200 OK"
2025-01-08 16:18:20,479 - INFO - HTTP Request: GET https://api.gradio.app/pkg-version "HTTP/1.1 200 OK"
2025-01-08 16:18:20,527 - INFO - HTTP Request: GET https://api.gradio.app/pkg-version "HTTP/1.1 200 OK"
2025-01-08 16:20:10,432 - INFO - HTTP Request: GET https://api.gradio.app/gradio-messaging/en "HTTP/1.1 200 OK"
2025-01-08 16:20:13,553 - INFO - HTTP Request: GET http://localhost:8080/gradio_api/startup-events "HTTP/1.1 200 OK"
2025-01-08 16:20:13,563 - INFO - HTTP Request: HEAD http://localhost:8080/ "HTTP/1.1 200 OK"
2025-01-08 16:20:14,356 - INFO - HTTP Request: GET https://api.gradio.app/pkg-version "HTTP/1.1 200 OK"
2025-01-08 16:20:14,357 - INFO - HTTP Request: GET https://api.gradio.app/pkg-version "HTTP/1.1 200 OK"
2025-01-08 16:21:35,036 - INFO - HTTP Request: GET https://api.gradio.app/gradio-messaging/en "HTTP/1.1 200 OK"
2025-01-08 16:21:38,136 - INFO - HTTP Request: GET http://localhost:8080/gradio_api/startup-events "HTTP/1.1 200 OK"
2025-01-08 16:21:38,144 - INFO - HTTP Request: HEAD http://localhost:8080/ "HTTP/1.1 200 OK"
2025-01-08 16:21:38,917 - INFO - HTTP Request: GET https://api.gradio.app/pkg-version "HTTP/1.1 200 OK"
2025-01-08 16:21:38,941 - INFO - HTTP Request: GET https://api.gradio.app/pkg-version "HTTP/1.1 200 OK"
2025-01-08 16:28:11,773 - INFO - HTTP Request: GET https://api.gradio.app/gradio-messaging/en "HTTP/1.1 200 OK"
2025-01-08 16:28:15,293 - INFO - HTTP Request: GET http://localhost:8080/gradio_api/startup-events "HTTP/1.1 200 OK"
2025-01-08 16:28:15,302 - INFO - HTTP Request: HEAD http://localhost:8080/ "HTTP/1.1 200 OK"
2025-01-08 16:28:16,072 - INFO - HTTP Request: GET https://api.gradio.app/pkg-version "HTTP/1.1 200 OK"
2025-01-08 16:28:16,101 - INFO - HTTP Request: GET https://api.gradio.app/pkg-version "HTTP/1.1 200 OK"
2025-01-08 16:30:21,170 - INFO - HTTP Request: GET https://api.gradio.app/gradio-messaging/en "HTTP/1.1 200 OK"
2025-01-08 16:30:24,515 - INFO - HTTP Request: GET http://localhost:8080/gradio_api/startup-events "HTTP/1.1 200 OK"
2025-01-08 16:30:24,523 - INFO - HTTP Request: HEAD http://localhost:8080/ "HTTP/1.1 200 OK"
2025-01-08 16:30:25,281 - INFO - HTTP Request: GET https://api.gradio.app/pkg-version "HTTP/1.1 200 OK"
2025-01-08 16:30:25,353 - INFO - HTTP Request: GET https://api.gradio.app/pkg-version "HTTP/1.1 200 OK"
2025-01-08 16:32:27,062 - INFO - HTTP Request: GET https://api.gradio.app/gradio-messaging/en "HTTP/1.1 200 OK"
2025-01-08 16:32:29,972 - INFO - HTTP Request: GET http://localhost:8080/gradio_api/startup-events "HTTP/1.1 200 OK"
2025-01-08 16:32:29,982 - INFO - HTTP Request: HEAD http://localhost:8080/ "HTTP/1.1 200 OK"
2025-01-08 16:32:30,763 - INFO - HTTP Request: GET https://api.gradio.app/pkg-version "HTTP/1.1 200 OK"
2025-01-08 16:32:30,803 - INFO - HTTP Request: GET https://api.gradio.app/pkg-version "HTTP/1.1 200 OK"
2025-01-08 16:36:36,927 - INFO - HTTP Request: GET https://api.gradio.app/gradio-messaging/en "HTTP/1.1 200 OK"
2025-01-08 16:36:39,891 - INFO - HTTP Request: GET http://localhost:8080/gradio_api/startup-events "HTTP/1.1 200 OK"
2025-01-08 16:36:39,900 - INFO - HTTP Request: HEAD http://localhost:8080/ "HTTP/1.1 200 OK"
2025-01-08 16:36:40,661 - INFO - HTTP Request: GET https://api.gradio.app/pkg-version "HTTP/1.1 200 OK"
2025-01-08 16:36:40,736 - INFO - HTTP Request: GET https://api.gradio.app/pkg-version "HTTP/1.1 200 OK"
2025-01-08 16:41:17,469 - INFO - HTTP Request: GET https://api.gradio.app/gradio-messaging/en "HTTP/1.1 200 OK"
2025-01-08 16:41:20,630 - INFO - HTTP Request: GET http://localhost:8080/gradio_api/startup-events "HTTP/1.1 200 OK"
2025-01-08 16:41:20,639 - INFO - HTTP Request: HEAD http://localhost:8080/ "HTTP/1.1 200 OK"
2025-01-08 16:41:21,437 - INFO - HTTP Request: GET https://api.gradio.app/pkg-version "HTTP/1.1 200 OK"
2025-01-08 16:41:21,438 - INFO - HTTP Request: GET https://api.gradio.app/pkg-version "HTTP/1.1 200 OK"
2025-01-08 16:46:23,592 - INFO - HTTP Request: GET https://api.gradio.app/gradio-messaging/en "HTTP/1.1 200 OK"
2025-01-08 16:46:26,754 - INFO - HTTP Request: GET http://localhost:8080/gradio_api/startup-events "HTTP/1.1 200 OK"
2025-01-08 16:46:26,761 - INFO - HTTP Request: HEAD http://localhost:8080/ "HTTP/1.1 200 OK"
2025-01-08 16:46:27,539 - INFO - HTTP Request: GET https://api.gradio.app/pkg-version "HTTP/1.1 200 OK"
2025-01-08 16:46:27,575 - INFO - HTTP Request: GET https://api.gradio.app/pkg-version "HTTP/1.1 200 OK"
2025-01-08 16:48:00,890 - INFO - HTTP Request: GET https://api.gradio.app/gradio-messaging/en "HTTP/1.1 200 OK"
2025-01-08 16:48:03,835 - INFO - HTTP Request: GET http://localhost:8080/gradio_api/startup-events "HTTP/1.1 200 OK"
2025-01-08 16:48:03,842 - INFO - HTTP Request: HEAD http://localhost:8080/ "HTTP/1.1 200 OK"
2025-01-08 16:48:04,600 - INFO - HTTP Request: GET https://api.gradio.app/pkg-version "HTTP/1.1 200 OK"
2025-01-08 16:48:04,673 - INFO - HTTP Request: GET https://api.gradio.app/pkg-version "HTTP/1.1 200 OK"
2025-01-08 16:50:32,963 - INFO - HTTP Request: GET https://api.gradio.app/gradio-messaging/en "HTTP/1.1 200 OK"
2025-01-08 16:50:36,222 - INFO - HTTP Request: GET http://localhost:8080/gradio_api/startup-events "HTTP/1.1 200 OK"
2025-01-08 16:50:36,231 - INFO - HTTP Request: HEAD http://localhost:8080/ "HTTP/1.1 200 OK"
2025-01-08 16:50:36,998 - INFO - HTTP Request: GET https://api.gradio.app/pkg-version "HTTP/1.1 200 OK"
2025-01-08 16:50:37,069 - INFO - HTTP Request: GET https://api.gradio.app/pkg-version "HTTP/1.1 200 OK"
2025-01-08 16:52:12,779 - INFO - HTTP Request: GET https://api.gradio.app/gradio-messaging/en "HTTP/1.1 200 OK"
2025-01-08 16:52:15,989 - INFO - HTTP Request: GET http://localhost:8080/gradio_api/startup-events "HTTP/1.1 200 OK"
2025-01-08 16:52:15,999 - INFO - HTTP Request: HEAD http://localhost:8080/ "HTTP/1.1 200 OK"
2025-01-08 16:52:16,752 - INFO - HTTP Request: GET https://api.gradio.app/pkg-version "HTTP/1.1 200 OK"
2025-01-08 16:52:16,832 - INFO - HTTP Request: GET https://api.gradio.app/pkg-version "HTTP/1.1 200 OK"
2025-01-08 17:04:34,436 - INFO - HTTP Request: GET https://api.gradio.app/gradio-messaging/en "HTTP/1.1 200 OK"
2025-01-08 17:04:37,735 - INFO - HTTP Request: GET http://localhost:8080/gradio_api/startup-events "HTTP/1.1 200 OK"
2025-01-08 17:04:37,742 - INFO - HTTP Request: HEAD http://localhost:8080/ "HTTP/1.1 200 OK"
2025-01-08 17:04:38,545 - INFO - HTTP Request: GET https://api.gradio.app/pkg-version "HTTP/1.1 200 OK"
2025-01-08 17:04:38,560 - INFO - HTTP Request: GET https://api.gradio.app/pkg-version "HTTP/1.1 200 OK"
2025-01-08 17:21:18,732 - INFO - HTTP Request: GET https://api.gradio.app/gradio-messaging/en "HTTP/1.1 200 OK"
2025-01-08 17:21:22,015 - INFO - HTTP Request: GET http://localhost:8080/gradio_api/startup-events "HTTP/1.1 200 OK"
2025-01-08 17:21:22,022 - INFO - HTTP Request: HEAD http://localhost:8080/ "HTTP/1.1 200 OK"
2025-01-08 17:21:22,786 - INFO - HTTP Request: GET https://api.gradio.app/pkg-version "HTTP/1.1 200 OK"
2025-01-08 17:21:22,823 - INFO - HTTP Request: GET https://api.gradio.app/pkg-version "HTTP/1.1 200 OK"
