2025-01-14 09:05:39,491 - INFO - HTTP Request: GET https://api.gradio.app/gradio-messaging/en "HTTP/1.1 200 OK"
2025-01-14 09:05:45,439 - INFO - HTTP Request: GET http://localhost:8080/gradio_api/startup-events "HTTP/1.1 200 OK"
2025-01-14 09:05:45,449 - INFO - HTTP Request: HEAD http://localhost:8080/ "HTTP/1.1 200 OK"
2025-01-14 09:05:46,206 - INFO - HTTP Request: GET https://api.gradio.app/pkg-version "HTTP/1.1 200 OK"
2025-01-14 09:05:46,230 - INFO - HTTP Request: GET https://api.gradio.app/pkg-version "HTTP/1.1 200 OK"
2025-01-14 09:10:55,385 - INFO - HTTP Request: GET https://api.gradio.app/gradio-messaging/en "HTTP/1.1 200 OK"
2025-01-14 09:10:58,516 - INFO - HTTP Request: GET http://localhost:8080/gradio_api/startup-events "HTTP/1.1 200 OK"
2025-01-14 09:10:58,525 - INFO - HTTP Request: HEAD http://localhost:8080/ "HTTP/1.1 200 OK"
2025-01-14 09:10:59,286 - INFO - HTTP Request: GET https://api.gradio.app/pkg-version "HTTP/1.1 200 OK"
2025-01-14 09:10:59,313 - INFO - HTTP Request: GET https://api.gradio.app/pkg-version "HTTP/1.1 200 OK"
2025-01-14 09:13:25,438 - INFO - HTTP Request: GET https://api.gradio.app/gradio-messaging/en "HTTP/1.1 200 OK"
2025-01-14 09:13:28,520 - INFO - HTTP Request: GET http://localhost:8080/gradio_api/startup-events "HTTP/1.1 200 OK"
2025-01-14 09:13:28,530 - INFO - HTTP Request: HEAD http://localhost:8080/ "HTTP/1.1 200 OK"
2025-01-14 09:13:29,287 - INFO - HTTP Request: GET https://api.gradio.app/pkg-version "HTTP/1.1 200 OK"
2025-01-14 09:13:29,291 - INFO - HTTP Request: GET https://api.gradio.app/pkg-version "HTTP/1.1 200 OK"
2025-01-14 09:14:45,609 - INFO - HTTP Request: GET https://api.gradio.app/gradio-messaging/en "HTTP/1.1 200 OK"
2025-01-14 09:14:48,589 - INFO - HTTP Request: GET http://localhost:8080/gradio_api/startup-events "HTTP/1.1 200 OK"
2025-01-14 09:14:48,598 - INFO - HTTP Request: HEAD http://localhost:8080/ "HTTP/1.1 200 OK"
2025-01-14 09:14:49,347 - INFO - HTTP Request: GET https://api.gradio.app/pkg-version "HTTP/1.1 200 OK"
2025-01-14 09:14:49,413 - INFO - HTTP Request: GET https://api.gradio.app/pkg-version "HTTP/1.1 200 OK"
2025-01-14 09:18:10,646 - INFO - HTTP Request: GET https://api.gradio.app/gradio-messaging/en "HTTP/1.1 200 OK"
2025-01-14 09:18:13,603 - INFO - HTTP Request: GET http://localhost:8080/gradio_api/startup-events "HTTP/1.1 200 OK"
2025-01-14 09:18:13,610 - INFO - HTTP Request: HEAD http://localhost:8080/ "HTTP/1.1 200 OK"
2025-01-14 09:18:14,387 - INFO - HTTP Request: GET https://api.gradio.app/pkg-version "HTTP/1.1 200 OK"
2025-01-14 09:18:14,410 - INFO - HTTP Request: GET https://api.gradio.app/pkg-version "HTTP/1.1 200 OK"
2025-01-14 09:47:13,034 - INFO - HTTP Request: GET https://api.gradio.app/gradio-messaging/en "HTTP/1.1 200 OK"
2025-01-14 09:47:16,002 - INFO - HTTP Request: GET http://localhost:8080/gradio_api/startup-events "HTTP/1.1 200 OK"
2025-01-14 09:47:16,009 - INFO - HTTP Request: HEAD http://localhost:8080/ "HTTP/1.1 200 OK"
2025-01-14 09:47:16,773 - INFO - HTTP Request: GET https://api.gradio.app/pkg-version "HTTP/1.1 200 OK"
2025-01-14 09:47:16,809 - INFO - HTTP Request: GET https://api.gradio.app/pkg-version "HTTP/1.1 200 OK"
2025-01-14 09:50:12,442 - INFO - HTTP Request: GET https://api.gradio.app/gradio-messaging/en "HTTP/1.1 200 OK"
2025-01-14 09:50:15,547 - INFO - HTTP Request: GET http://localhost:8080/gradio_api/startup-events "HTTP/1.1 200 OK"
2025-01-14 09:50:15,554 - INFO - HTTP Request: HEAD http://localhost:8080/ "HTTP/1.1 200 OK"
2025-01-14 09:50:16,333 - INFO - HTTP Request: GET https://api.gradio.app/pkg-version "HTTP/1.1 200 OK"
2025-01-14 09:50:16,337 - INFO - HTTP Request: GET https://api.gradio.app/pkg-version "HTTP/1.1 200 OK"
2025-01-14 09:51:59,586 - INFO - HTTP Request: GET https://api.gradio.app/gradio-messaging/en "HTTP/1.1 200 OK"
2025-01-14 09:52:02,581 - INFO - HTTP Request: GET http://localhost:8080/gradio_api/startup-events "HTTP/1.1 200 OK"
2025-01-14 09:52:02,590 - INFO - HTTP Request: HEAD http://localhost:8080/ "HTTP/1.1 200 OK"
2025-01-14 09:52:03,369 - INFO - HTTP Request: GET https://api.gradio.app/pkg-version "HTTP/1.1 200 OK"
2025-01-14 09:52:03,379 - INFO - HTTP Request: GET https://api.gradio.app/pkg-version "HTTP/1.1 200 OK"
2025-01-14 09:54:06,716 - INFO - HTTP Request: GET https://api.gradio.app/gradio-messaging/en "HTTP/1.1 200 OK"
2025-01-14 09:54:09,671 - INFO - HTTP Request: GET http://localhost:8080/gradio_api/startup-events "HTTP/1.1 200 OK"
2025-01-14 09:54:09,680 - INFO - HTTP Request: HEAD http://localhost:8080/ "HTTP/1.1 200 OK"
2025-01-14 09:54:10,446 - INFO - HTTP Request: GET https://api.gradio.app/pkg-version "HTTP/1.1 200 OK"
2025-01-14 09:54:10,460 - INFO - HTTP Request: GET https://api.gradio.app/pkg-version "HTTP/1.1 200 OK"
2025-01-14 09:59:42,936 - INFO - HTTP Request: GET https://api.gradio.app/gradio-messaging/en "HTTP/1.1 200 OK"
2025-01-14 09:59:45,808 - INFO - HTTP Request: GET http://localhost:8080/gradio_api/startup-events "HTTP/1.1 200 OK"
2025-01-14 09:59:45,817 - INFO - HTTP Request: HEAD http://localhost:8080/ "HTTP/1.1 200 OK"
2025-01-14 09:59:46,606 - INFO - HTTP Request: GET https://api.gradio.app/pkg-version "HTTP/1.1 200 OK"
2025-01-14 09:59:46,619 - INFO - HTTP Request: GET https://api.gradio.app/pkg-version "HTTP/1.1 200 OK"
2025-01-14 10:01:10,187 - INFO - HTTP Request: GET https://api.gradio.app/gradio-messaging/en "HTTP/1.1 200 OK"
2025-01-14 10:01:13,288 - INFO - HTTP Request: GET http://localhost:8080/gradio_api/startup-events "HTTP/1.1 200 OK"
2025-01-14 10:01:13,297 - INFO - HTTP Request: HEAD http://localhost:8080/ "HTTP/1.1 200 OK"
2025-01-14 10:01:14,069 - INFO - HTTP Request: GET https://api.gradio.app/pkg-version "HTTP/1.1 200 OK"
2025-01-14 10:01:14,079 - INFO - HTTP Request: GET https://api.gradio.app/pkg-version "HTTP/1.1 200 OK"
2025-01-14 10:04:13,573 - INFO - HTTP Request: GET https://api.gradio.app/gradio-messaging/en "HTTP/1.1 200 OK"
2025-01-14 10:04:16,444 - INFO - HTTP Request: GET http://localhost:8080/gradio_api/startup-events "HTTP/1.1 200 OK"
2025-01-14 10:04:16,453 - INFO - HTTP Request: HEAD http://localhost:8080/ "HTTP/1.1 200 OK"
2025-01-14 10:04:17,248 - INFO - HTTP Request: GET https://api.gradio.app/pkg-version "HTTP/1.1 200 OK"
2025-01-14 10:04:17,268 - INFO - HTTP Request: GET https://api.gradio.app/pkg-version "HTTP/1.1 200 OK"
2025-01-14 10:06:32,594 - INFO - HTTP Request: GET https://api.gradio.app/gradio-messaging/en "HTTP/1.1 200 OK"
2025-01-14 10:06:35,550 - INFO - HTTP Request: GET http://localhost:8080/gradio_api/startup-events "HTTP/1.1 200 OK"
2025-01-14 10:06:35,559 - INFO - HTTP Request: HEAD http://localhost:8080/ "HTTP/1.1 200 OK"
2025-01-14 10:06:36,339 - INFO - HTTP Request: GET https://api.gradio.app/pkg-version "HTTP/1.1 200 OK"
2025-01-14 10:06:36,353 - INFO - HTTP Request: GET https://api.gradio.app/pkg-version "HTTP/1.1 200 OK"
2025-01-14 10:11:30,360 - INFO - HTTP Request: GET https://api.gradio.app/gradio-messaging/en "HTTP/1.1 200 OK"
2025-01-14 10:11:33,471 - INFO - HTTP Request: GET http://localhost:8080/gradio_api/startup-events "HTTP/1.1 200 OK"
2025-01-14 10:11:33,481 - INFO - HTTP Request: HEAD http://localhost:8080/ "HTTP/1.1 200 OK"
2025-01-14 10:11:34,248 - INFO - HTTP Request: GET https://api.gradio.app/pkg-version "HTTP/1.1 200 OK"
2025-01-14 10:11:34,269 - INFO - HTTP Request: GET https://api.gradio.app/pkg-version "HTTP/1.1 200 OK"
2025-01-14 10:12:41,609 - INFO - HTTP Request: GET https://api.gradio.app/gradio-messaging/en "HTTP/1.1 200 OK"
2025-01-14 10:12:44,684 - INFO - HTTP Request: GET http://localhost:8080/gradio_api/startup-events "HTTP/1.1 200 OK"
2025-01-14 10:12:44,693 - INFO - HTTP Request: HEAD http://localhost:8080/ "HTTP/1.1 200 OK"
2025-01-14 10:12:45,458 - INFO - HTTP Request: GET https://api.gradio.app/pkg-version "HTTP/1.1 200 OK"
2025-01-14 10:12:45,470 - INFO - HTTP Request: GET https://api.gradio.app/pkg-version "HTTP/1.1 200 OK"
2025-01-14 10:17:09,524 - INFO - HTTP Request: GET https://api.gradio.app/gradio-messaging/en "HTTP/1.1 200 OK"
2025-01-14 10:17:12,445 - INFO - HTTP Request: GET http://localhost:8080/gradio_api/startup-events "HTTP/1.1 200 OK"
2025-01-14 10:17:12,454 - INFO - HTTP Request: HEAD http://localhost:8080/ "HTTP/1.1 200 OK"
2025-01-14 10:17:13,242 - INFO - HTTP Request: GET https://api.gradio.app/pkg-version "HTTP/1.1 200 OK"
2025-01-14 10:17:13,247 - INFO - HTTP Request: GET https://api.gradio.app/pkg-version "HTTP/1.1 200 OK"
2025-01-14 10:18:30,161 - INFO - HTTP Request: GET https://api.gradio.app/gradio-messaging/en "HTTP/1.1 200 OK"
2025-01-14 10:18:33,196 - INFO - HTTP Request: GET http://localhost:8080/gradio_api/startup-events "HTTP/1.1 200 OK"
2025-01-14 10:18:33,203 - INFO - HTTP Request: HEAD http://localhost:8080/ "HTTP/1.1 200 OK"
2025-01-14 10:18:33,978 - INFO - HTTP Request: GET https://api.gradio.app/pkg-version "HTTP/1.1 200 OK"
2025-01-14 10:18:34,029 - INFO - HTTP Request: GET https://api.gradio.app/pkg-version "HTTP/1.1 200 OK"
2025-01-14 10:20:30,317 - INFO - HTTP Request: GET https://api.gradio.app/gradio-messaging/en "HTTP/1.1 200 OK"
2025-01-14 10:20:33,415 - INFO - HTTP Request: GET http://localhost:8080/gradio_api/startup-events "HTTP/1.1 200 OK"
2025-01-14 10:20:33,424 - INFO - HTTP Request: HEAD http://localhost:8080/ "HTTP/1.1 200 OK"
2025-01-14 10:20:34,201 - INFO - HTTP Request: GET https://api.gradio.app/pkg-version "HTTP/1.1 200 OK"
2025-01-14 10:20:34,222 - INFO - HTTP Request: GET https://api.gradio.app/pkg-version "HTTP/1.1 200 OK"
2025-01-14 10:23:49,850 - INFO - HTTP Request: GET https://api.gradio.app/gradio-messaging/en "HTTP/1.1 200 OK"
2025-01-14 10:23:52,917 - INFO - HTTP Request: GET http://localhost:8080/gradio_api/startup-events "HTTP/1.1 200 OK"
2025-01-14 10:23:52,926 - INFO - HTTP Request: HEAD http://localhost:8080/ "HTTP/1.1 200 OK"
2025-01-14 10:23:53,683 - INFO - HTTP Request: GET https://api.gradio.app/pkg-version "HTTP/1.1 200 OK"
2025-01-14 10:23:53,722 - INFO - HTTP Request: GET https://api.gradio.app/pkg-version "HTTP/1.1 200 OK"
2025-01-14 10:26:58,778 - INFO - HTTP Request: GET https://api.gradio.app/gradio-messaging/en "HTTP/1.1 200 OK"
2025-01-14 10:27:01,955 - INFO - HTTP Request: GET http://localhost:8080/gradio_api/startup-events "HTTP/1.1 200 OK"
2025-01-14 10:27:01,964 - INFO - HTTP Request: HEAD http://localhost:8080/ "HTTP/1.1 200 OK"
2025-01-14 10:27:02,738 - INFO - HTTP Request: GET https://api.gradio.app/pkg-version "HTTP/1.1 200 OK"
2025-01-14 10:27:02,789 - INFO - HTTP Request: GET https://api.gradio.app/pkg-version "HTTP/1.1 200 OK"
2025-01-14 10:30:51,348 - INFO - HTTP Request: GET https://api.gradio.app/gradio-messaging/en "HTTP/1.1 200 OK"
2025-01-14 10:30:54,262 - INFO - HTTP Request: GET http://localhost:8080/gradio_api/startup-events "HTTP/1.1 200 OK"
2025-01-14 10:30:54,273 - INFO - HTTP Request: HEAD http://localhost:8080/ "HTTP/1.1 200 OK"
2025-01-14 10:30:55,036 - INFO - HTTP Request: GET https://api.gradio.app/pkg-version "HTTP/1.1 200 OK"
2025-01-14 10:30:55,089 - INFO - HTTP Request: GET https://api.gradio.app/pkg-version "HTTP/1.1 200 OK"
2025-01-14 10:34:03,480 - INFO - HTTP Request: GET https://api.gradio.app/gradio-messaging/en "HTTP/1.1 200 OK"
2025-01-14 10:34:06,496 - INFO - HTTP Request: GET http://localhost:8080/gradio_api/startup-events "HTTP/1.1 200 OK"
2025-01-14 10:34:06,507 - INFO - HTTP Request: HEAD http://localhost:8080/ "HTTP/1.1 200 OK"
2025-01-14 10:34:07,245 - INFO - HTTP Request: GET https://api.gradio.app/pkg-version "HTTP/1.1 200 OK"
2025-01-14 10:34:07,296 - INFO - HTTP Request: GET https://api.gradio.app/pkg-version "HTTP/1.1 200 OK"
2025-01-14 10:37:59,651 - INFO - HTTP Request: GET https://api.gradio.app/gradio-messaging/en "HTTP/1.1 200 OK"
2025-01-14 10:38:02,632 - INFO - HTTP Request: GET http://localhost:8080/gradio_api/startup-events "HTTP/1.1 200 OK"
2025-01-14 10:38:02,641 - INFO - HTTP Request: HEAD http://localhost:8080/ "HTTP/1.1 200 OK"
2025-01-14 10:38:03,416 - INFO - HTTP Request: GET https://api.gradio.app/pkg-version "HTTP/1.1 200 OK"
2025-01-14 10:38:03,445 - INFO - HTTP Request: GET https://api.gradio.app/pkg-version "HTTP/1.1 200 OK"
2025-01-14 10:42:48,258 - INFO - HTTP Request: GET https://api.gradio.app/gradio-messaging/en "HTTP/1.1 200 OK"
2025-01-14 10:42:51,079 - INFO - HTTP Request: GET http://localhost:8080/gradio_api/startup-events "HTTP/1.1 200 OK"
2025-01-14 10:42:51,089 - INFO - HTTP Request: HEAD http://localhost:8080/ "HTTP/1.1 200 OK"
2025-01-14 10:42:51,838 - INFO - HTTP Request: GET https://api.gradio.app/pkg-version "HTTP/1.1 200 OK"
2025-01-14 10:42:51,866 - INFO - HTTP Request: GET https://api.gradio.app/pkg-version "HTTP/1.1 200 OK"
2025-01-14 10:45:24,963 - INFO - HTTP Request: GET https://api.gradio.app/gradio-messaging/en "HTTP/1.1 200 OK"
2025-01-14 10:45:27,715 - INFO - HTTP Request: GET http://localhost:8080/gradio_api/startup-events "HTTP/1.1 200 OK"
2025-01-14 10:45:27,721 - INFO - HTTP Request: HEAD http://localhost:8080/ "HTTP/1.1 200 OK"
2025-01-14 10:45:28,495 - INFO - HTTP Request: GET https://api.gradio.app/pkg-version "HTTP/1.1 200 OK"
2025-01-14 10:45:28,522 - INFO - HTTP Request: GET https://api.gradio.app/pkg-version "HTTP/1.1 200 OK"
2025-01-14 10:50:20,002 - INFO - HTTP Request: GET https://api.gradio.app/gradio-messaging/en "HTTP/1.1 200 OK"
2025-01-14 10:50:23,010 - INFO - HTTP Request: GET http://localhost:8080/gradio_api/startup-events "HTTP/1.1 200 OK"
2025-01-14 10:50:23,020 - INFO - HTTP Request: HEAD http://localhost:8080/ "HTTP/1.1 200 OK"
2025-01-14 10:50:23,782 - INFO - HTTP Request: GET https://api.gradio.app/pkg-version "HTTP/1.1 200 OK"
2025-01-14 10:50:23,805 - INFO - HTTP Request: GET https://api.gradio.app/pkg-version "HTTP/1.1 200 OK"
2025-01-14 10:52:23,363 - INFO - HTTP Request: GET https://api.gradio.app/gradio-messaging/en "HTTP/1.1 200 OK"
2025-01-14 10:52:26,254 - INFO - HTTP Request: GET http://localhost:8080/gradio_api/startup-events "HTTP/1.1 200 OK"
2025-01-14 10:52:26,264 - INFO - HTTP Request: HEAD http://localhost:8080/ "HTTP/1.1 200 OK"
2025-01-14 10:52:27,039 - INFO - HTTP Request: GET https://api.gradio.app/pkg-version "HTTP/1.1 200 OK"
2025-01-14 10:52:27,098 - INFO - HTTP Request: GET https://api.gradio.app/pkg-version "HTTP/1.1 200 OK"
2025-01-14 10:55:40,183 - INFO - HTTP Request: GET https://api.gradio.app/gradio-messaging/en "HTTP/1.1 200 OK"
2025-01-14 10:55:42,966 - INFO - HTTP Request: GET http://localhost:8080/gradio_api/startup-events "HTTP/1.1 200 OK"
2025-01-14 10:55:42,974 - INFO - HTTP Request: HEAD http://localhost:8080/ "HTTP/1.1 200 OK"
2025-01-14 10:55:43,753 - INFO - HTTP Request: GET https://api.gradio.app/pkg-version "HTTP/1.1 200 OK"
2025-01-14 10:55:43,791 - INFO - HTTP Request: GET https://api.gradio.app/pkg-version "HTTP/1.1 200 OK"
2025-01-14 11:03:40,552 - INFO - HTTP Request: GET https://api.gradio.app/gradio-messaging/en "HTTP/1.1 200 OK"
2025-01-14 11:03:43,530 - INFO - HTTP Request: GET http://localhost:8080/gradio_api/startup-events "HTTP/1.1 200 OK"
2025-01-14 11:03:43,539 - INFO - HTTP Request: HEAD http://localhost:8080/ "HTTP/1.1 200 OK"
2025-01-14 11:03:44,325 - INFO - HTTP Request: GET https://api.gradio.app/pkg-version "HTTP/1.1 200 OK"
2025-01-14 11:03:44,351 - INFO - HTTP Request: GET https://api.gradio.app/pkg-version "HTTP/1.1 200 OK"
2025-01-14 11:12:14,393 - INFO - HTTP Request: GET https://api.gradio.app/gradio-messaging/en "HTTP/1.1 200 OK"
2025-01-14 11:12:17,168 - INFO - HTTP Request: GET http://localhost:8080/gradio_api/startup-events "HTTP/1.1 200 OK"
2025-01-14 11:12:17,177 - INFO - HTTP Request: HEAD http://localhost:8080/ "HTTP/1.1 200 OK"
2025-01-14 11:12:17,966 - INFO - HTTP Request: GET https://api.gradio.app/pkg-version "HTTP/1.1 200 OK"
2025-01-14 11:12:17,981 - INFO - HTTP Request: GET https://api.gradio.app/pkg-version "HTTP/1.1 200 OK"
2025-01-14 11:14:34,819 - INFO - HTTP Request: GET https://api.gradio.app/gradio-messaging/en "HTTP/1.1 200 OK"
2025-01-14 11:14:37,548 - INFO - HTTP Request: GET http://localhost:8080/gradio_api/startup-events "HTTP/1.1 200 OK"
2025-01-14 11:14:37,557 - INFO - HTTP Request: HEAD http://localhost:8080/ "HTTP/1.1 200 OK"
2025-01-14 11:14:38,326 - INFO - HTTP Request: GET https://api.gradio.app/pkg-version "HTTP/1.1 200 OK"
2025-01-14 11:14:38,354 - INFO - HTTP Request: GET https://api.gradio.app/pkg-version "HTTP/1.1 200 OK"
2025-01-14 11:16:25,580 - INFO - HTTP Request: GET https://api.gradio.app/gradio-messaging/en "HTTP/1.1 200 OK"
2025-01-14 11:16:28,535 - INFO - HTTP Request: GET http://localhost:8080/gradio_api/startup-events "HTTP/1.1 200 OK"
2025-01-14 11:16:28,543 - INFO - HTTP Request: HEAD http://localhost:8080/ "HTTP/1.1 200 OK"
2025-01-14 11:16:29,338 - INFO - HTTP Request: GET https://api.gradio.app/pkg-version "HTTP/1.1 200 OK"
2025-01-14 11:16:29,382 - INFO - HTTP Request: GET https://api.gradio.app/pkg-version "HTTP/1.1 200 OK"
2025-01-14 11:19:10,815 - INFO - HTTP Request: GET https://api.gradio.app/gradio-messaging/en "HTTP/1.1 200 OK"
2025-01-14 11:19:13,786 - INFO - HTTP Request: GET http://localhost:8080/gradio_api/startup-events "HTTP/1.1 200 OK"
2025-01-14 11:19:13,796 - INFO - HTTP Request: HEAD http://localhost:8080/ "HTTP/1.1 200 OK"
2025-01-14 11:19:14,529 - INFO - HTTP Request: GET https://api.gradio.app/pkg-version "HTTP/1.1 200 OK"
2025-01-14 11:19:14,637 - INFO - HTTP Request: GET https://api.gradio.app/pkg-version "HTTP/1.1 200 OK"
2025-01-14 11:22:40,108 - INFO - HTTP Request: GET https://api.gradio.app/gradio-messaging/en "HTTP/1.1 200 OK"
2025-01-14 11:22:42,903 - INFO - HTTP Request: GET http://localhost:8080/gradio_api/startup-events "HTTP/1.1 200 OK"
2025-01-14 11:22:42,912 - INFO - HTTP Request: HEAD http://localhost:8080/ "HTTP/1.1 200 OK"
2025-01-14 11:22:43,646 - INFO - HTTP Request: GET https://api.gradio.app/pkg-version "HTTP/1.1 200 OK"
2025-01-14 11:22:43,726 - INFO - HTTP Request: GET https://api.gradio.app/pkg-version "HTTP/1.1 200 OK"
2025-01-14 11:26:41,898 - INFO - HTTP Request: GET https://api.gradio.app/gradio-messaging/en "HTTP/1.1 200 OK"
2025-01-14 11:26:44,857 - INFO - HTTP Request: GET http://localhost:8080/gradio_api/startup-events "HTTP/1.1 200 OK"
2025-01-14 11:26:44,866 - INFO - HTTP Request: HEAD http://localhost:8080/ "HTTP/1.1 200 OK"
2025-01-14 11:26:45,684 - INFO - HTTP Request: GET https://api.gradio.app/pkg-version "HTTP/1.1 200 OK"
2025-01-14 11:26:45,694 - INFO - HTTP Request: GET https://api.gradio.app/pkg-version "HTTP/1.1 200 OK"
2025-01-14 11:35:13,605 - INFO - HTTP Request: GET https://api.gradio.app/gradio-messaging/en "HTTP/1.1 200 OK"
2025-01-14 11:35:16,639 - INFO - HTTP Request: GET http://localhost:8080/gradio_api/startup-events "HTTP/1.1 200 OK"
2025-01-14 11:35:16,647 - INFO - HTTP Request: HEAD http://localhost:8080/ "HTTP/1.1 200 OK"
2025-01-14 11:35:17,404 - INFO - HTTP Request: GET https://api.gradio.app/pkg-version "HTTP/1.1 200 OK"
2025-01-14 11:35:17,479 - INFO - HTTP Request: GET https://api.gradio.app/pkg-version "HTTP/1.1 200 OK"
2025-01-14 11:38:14,433 - INFO - HTTP Request: GET https://api.gradio.app/gradio-messaging/en "HTTP/1.1 200 OK"
2025-01-14 11:38:17,466 - INFO - HTTP Request: GET http://localhost:8080/gradio_api/startup-events "HTTP/1.1 200 OK"
2025-01-14 11:38:17,475 - INFO - HTTP Request: HEAD http://localhost:8080/ "HTTP/1.1 200 OK"
2025-01-14 11:38:18,250 - INFO - HTTP Request: GET https://api.gradio.app/pkg-version "HTTP/1.1 200 OK"
2025-01-14 11:38:18,267 - INFO - HTTP Request: GET https://api.gradio.app/pkg-version "HTTP/1.1 200 OK"
2025-01-14 11:39:09,402 - INFO - HTTP Request: GET https://api.gradio.app/gradio-messaging/en "HTTP/1.1 200 OK"
2025-01-14 11:39:12,373 - INFO - HTTP Request: GET http://localhost:8080/gradio_api/startup-events "HTTP/1.1 200 OK"
2025-01-14 11:39:12,381 - INFO - HTTP Request: HEAD http://localhost:8080/ "HTTP/1.1 200 OK"
2025-01-14 11:39:13,185 - INFO - HTTP Request: GET https://api.gradio.app/pkg-version "HTTP/1.1 200 OK"
2025-01-14 11:39:13,209 - INFO - HTTP Request: GET https://api.gradio.app/pkg-version "HTTP/1.1 200 OK"
2025-01-14 11:42:44,711 - INFO - HTTP Request: GET https://api.gradio.app/gradio-messaging/en "HTTP/1.1 200 OK"
2025-01-14 11:42:47,693 - INFO - HTTP Request: GET http://localhost:8080/gradio_api/startup-events "HTTP/1.1 200 OK"
2025-01-14 11:42:47,701 - INFO - HTTP Request: HEAD http://localhost:8080/ "HTTP/1.1 200 OK"
2025-01-14 11:42:48,470 - INFO - HTTP Request: GET https://api.gradio.app/pkg-version "HTTP/1.1 200 OK"
2025-01-14 11:42:48,530 - INFO - HTTP Request: GET https://api.gradio.app/pkg-version "HTTP/1.1 200 OK"
2025-01-14 11:45:47,783 - INFO - HTTP Request: GET https://api.gradio.app/gradio-messaging/en "HTTP/1.1 200 OK"
2025-01-14 11:45:50,574 - INFO - HTTP Request: GET http://localhost:8080/gradio_api/startup-events "HTTP/1.1 200 OK"
2025-01-14 11:45:50,581 - INFO - HTTP Request: HEAD http://localhost:8080/ "HTTP/1.1 200 OK"
2025-01-14 11:45:51,318 - INFO - HTTP Request: GET https://api.gradio.app/pkg-version "HTTP/1.1 200 OK"
2025-01-14 11:45:51,384 - INFO - HTTP Request: GET https://api.gradio.app/pkg-version "HTTP/1.1 200 OK"
2025-01-14 11:47:15,793 - INFO - HTTP Request: GET https://api.gradio.app/gradio-messaging/en "HTTP/1.1 200 OK"
2025-01-14 11:47:18,825 - INFO - HTTP Request: GET http://localhost:8080/gradio_api/startup-events "HTTP/1.1 200 OK"
2025-01-14 11:47:18,834 - INFO - HTTP Request: HEAD http://localhost:8080/ "HTTP/1.1 200 OK"
2025-01-14 11:47:19,628 - INFO - HTTP Request: GET https://api.gradio.app/pkg-version "HTTP/1.1 200 OK"
2025-01-14 11:47:19,650 - INFO - HTTP Request: GET https://api.gradio.app/pkg-version "HTTP/1.1 200 OK"
2025-01-14 11:48:17,321 - INFO - HTTP Request: GET https://api.gradio.app/gradio-messaging/en "HTTP/1.1 200 OK"
2025-01-14 11:48:20,651 - INFO - HTTP Request: GET http://localhost:8080/gradio_api/startup-events "HTTP/1.1 200 OK"
2025-01-14 11:48:20,661 - INFO - HTTP Request: HEAD http://localhost:8080/ "HTTP/1.1 200 OK"
2025-01-14 11:48:21,427 - INFO - HTTP Request: GET https://api.gradio.app/pkg-version "HTTP/1.1 200 OK"
2025-01-14 11:48:21,488 - INFO - HTTP Request: GET https://api.gradio.app/pkg-version "HTTP/1.1 200 OK"
2025-01-14 11:50:40,263 - INFO - HTTP Request: GET https://api.gradio.app/gradio-messaging/en "HTTP/1.1 200 OK"
2025-01-14 11:50:43,253 - INFO - HTTP Request: GET http://localhost:8080/gradio_api/startup-events "HTTP/1.1 200 OK"
2025-01-14 11:50:43,261 - INFO - HTTP Request: HEAD http://localhost:8080/ "HTTP/1.1 200 OK"
2025-01-14 11:50:44,018 - INFO - HTTP Request: GET https://api.gradio.app/pkg-version "HTTP/1.1 200 OK"
2025-01-14 11:50:44,092 - INFO - HTTP Request: GET https://api.gradio.app/pkg-version "HTTP/1.1 200 OK"
2025-01-14 11:52:23,848 - INFO - HTTP Request: GET https://api.gradio.app/gradio-messaging/en "HTTP/1.1 200 OK"
2025-01-14 11:52:26,877 - INFO - HTTP Request: GET http://localhost:8080/gradio_api/startup-events "HTTP/1.1 200 OK"
2025-01-14 11:52:26,886 - INFO - HTTP Request: HEAD http://localhost:8080/ "HTTP/1.1 200 OK"
2025-01-14 11:52:27,658 - INFO - HTTP Request: GET https://api.gradio.app/pkg-version "HTTP/1.1 200 OK"
2025-01-14 11:52:27,698 - INFO - HTTP Request: GET https://api.gradio.app/pkg-version "HTTP/1.1 200 OK"
2025-01-14 11:53:59,354 - INFO - HTTP Request: GET https://api.gradio.app/gradio-messaging/en "HTTP/1.1 200 OK"
2025-01-14 11:54:02,277 - INFO - HTTP Request: GET http://localhost:8080/gradio_api/startup-events "HTTP/1.1 200 OK"
2025-01-14 11:54:02,286 - INFO - HTTP Request: HEAD http://localhost:8080/ "HTTP/1.1 200 OK"
2025-01-14 11:54:03,029 - INFO - HTTP Request: GET https://api.gradio.app/pkg-version "HTTP/1.1 200 OK"
2025-01-14 11:54:03,106 - INFO - HTTP Request: GET https://api.gradio.app/pkg-version "HTTP/1.1 200 OK"
2025-01-14 11:56:01,751 - INFO - HTTP Request: GET https://api.gradio.app/gradio-messaging/en "HTTP/1.1 200 OK"
2025-01-14 11:56:04,726 - INFO - HTTP Request: GET http://localhost:8080/gradio_api/startup-events "HTTP/1.1 200 OK"
2025-01-14 11:56:04,735 - INFO - HTTP Request: HEAD http://localhost:8080/ "HTTP/1.1 200 OK"
2025-01-14 11:56:05,515 - INFO - HTTP Request: GET https://api.gradio.app/pkg-version "HTTP/1.1 200 OK"
2025-01-14 11:56:05,561 - INFO - HTTP Request: GET https://api.gradio.app/pkg-version "HTTP/1.1 200 OK"
2025-01-14 11:57:47,319 - INFO - HTTP Request: GET https://api.gradio.app/gradio-messaging/en "HTTP/1.1 200 OK"
2025-01-14 11:57:50,423 - INFO - HTTP Request: GET http://localhost:8080/gradio_api/startup-events "HTTP/1.1 200 OK"
2025-01-14 11:57:50,432 - INFO - HTTP Request: HEAD http://localhost:8080/ "HTTP/1.1 200 OK"
2025-01-14 11:57:51,215 - INFO - HTTP Request: GET https://api.gradio.app/pkg-version "HTTP/1.1 200 OK"
2025-01-14 11:57:51,246 - INFO - HTTP Request: GET https://api.gradio.app/pkg-version "HTTP/1.1 200 OK"
2025-01-14 11:59:28,154 - INFO - HTTP Request: GET https://api.gradio.app/gradio-messaging/en "HTTP/1.1 200 OK"
2025-01-14 11:59:31,216 - INFO - HTTP Request: GET http://localhost:8080/gradio_api/startup-events "HTTP/1.1 200 OK"
2025-01-14 11:59:31,225 - INFO - HTTP Request: HEAD http://localhost:8080/ "HTTP/1.1 200 OK"
2025-01-14 11:59:31,992 - INFO - HTTP Request: GET https://api.gradio.app/pkg-version "HTTP/1.1 200 OK"
2025-01-14 11:59:32,035 - INFO - HTTP Request: GET https://api.gradio.app/pkg-version "HTTP/1.1 200 OK"
2025-01-14 12:03:04,922 - INFO - HTTP Request: GET https://api.gradio.app/gradio-messaging/en "HTTP/1.1 200 OK"
2025-01-14 12:03:07,929 - INFO - HTTP Request: GET http://localhost:8080/gradio_api/startup-events "HTTP/1.1 200 OK"
2025-01-14 12:03:07,940 - INFO - HTTP Request: HEAD http://localhost:8080/ "HTTP/1.1 200 OK"
2025-01-14 12:03:08,702 - INFO - HTTP Request: GET https://api.gradio.app/pkg-version "HTTP/1.1 200 OK"
2025-01-14 12:03:08,737 - INFO - HTTP Request: GET https://api.gradio.app/pkg-version "HTTP/1.1 200 OK"
2025-01-14 12:06:15,786 - INFO - HTTP Request: GET https://api.gradio.app/gradio-messaging/en "HTTP/1.1 200 OK"
2025-01-14 12:06:18,743 - INFO - HTTP Request: GET http://localhost:8080/gradio_api/startup-events "HTTP/1.1 200 OK"
2025-01-14 12:06:18,752 - INFO - HTTP Request: HEAD http://localhost:8080/ "HTTP/1.1 200 OK"
2025-01-14 12:06:19,509 - INFO - HTTP Request: GET https://api.gradio.app/pkg-version "HTTP/1.1 200 OK"
2025-01-14 12:06:19,569 - INFO - HTTP Request: GET https://api.gradio.app/pkg-version "HTTP/1.1 200 OK"
2025-01-14 12:09:09,231 - INFO - HTTP Request: GET https://api.gradio.app/gradio-messaging/en "HTTP/1.1 200 OK"
2025-01-14 12:09:12,318 - INFO - HTTP Request: GET http://localhost:8080/gradio_api/startup-events "HTTP/1.1 200 OK"
2025-01-14 12:09:12,327 - INFO - HTTP Request: HEAD http://localhost:8080/ "HTTP/1.1 200 OK"
2025-01-14 12:09:13,095 - INFO - HTTP Request: GET https://api.gradio.app/pkg-version "HTTP/1.1 200 OK"
2025-01-14 12:09:13,121 - INFO - HTTP Request: GET https://api.gradio.app/pkg-version "HTTP/1.1 200 OK"
2025-01-14 12:10:36,379 - INFO - HTTP Request: GET https://api.gradio.app/gradio-messaging/en "HTTP/1.1 200 OK"
2025-01-14 12:10:39,483 - INFO - HTTP Request: GET http://localhost:8080/gradio_api/startup-events "HTTP/1.1 200 OK"
2025-01-14 12:10:39,492 - INFO - HTTP Request: HEAD http://localhost:8080/ "HTTP/1.1 200 OK"
2025-01-14 12:10:40,251 - INFO - HTTP Request: GET https://api.gradio.app/pkg-version "HTTP/1.1 200 OK"
2025-01-14 12:10:40,321 - INFO - HTTP Request: GET https://api.gradio.app/pkg-version "HTTP/1.1 200 OK"
2025-01-14 12:11:36,301 - INFO - HTTP Request: GET https://api.gradio.app/gradio-messaging/en "HTTP/1.1 200 OK"
2025-01-14 12:11:39,425 - INFO - HTTP Request: GET http://localhost:8080/gradio_api/startup-events "HTTP/1.1 200 OK"
2025-01-14 12:11:39,434 - INFO - HTTP Request: HEAD http://localhost:8080/ "HTTP/1.1 200 OK"
2025-01-14 12:11:40,201 - INFO - HTTP Request: GET https://api.gradio.app/pkg-version "HTTP/1.1 200 OK"
2025-01-14 12:11:40,211 - INFO - HTTP Request: GET https://api.gradio.app/pkg-version "HTTP/1.1 200 OK"
2025-01-14 12:12:47,829 - INFO - HTTP Request: GET https://api.gradio.app/gradio-messaging/en "HTTP/1.1 200 OK"
2025-01-14 12:12:50,901 - INFO - HTTP Request: GET http://localhost:8080/gradio_api/startup-events "HTTP/1.1 200 OK"
2025-01-14 12:12:50,908 - INFO - HTTP Request: HEAD http://localhost:8080/ "HTTP/1.1 200 OK"
2025-01-14 12:12:51,652 - INFO - HTTP Request: GET https://api.gradio.app/pkg-version "HTTP/1.1 200 OK"
2025-01-14 12:12:51,752 - INFO - HTTP Request: GET https://api.gradio.app/pkg-version "HTTP/1.1 200 OK"
2025-01-14 13:39:18,053 - INFO - HTTP Request: GET https://api.gradio.app/gradio-messaging/en "HTTP/1.1 200 OK"
2025-01-14 13:39:21,825 - INFO - HTTP Request: GET https://api.gradio.app/pkg-version "HTTP/1.1 200 OK"
2025-01-14 13:39:21,838 - INFO - HTTP Request: GET https://api.gradio.app/pkg-version "HTTP/1.1 200 OK"
2025-01-14 13:39:58,168 - INFO - HTTP Request: GET https://api.gradio.app/gradio-messaging/en "HTTP/1.1 200 OK"
2025-01-14 13:40:01,220 - INFO - HTTP Request: GET http://localhost:8080/gradio_api/startup-events "HTTP/1.1 200 OK"
2025-01-14 13:40:01,231 - INFO - HTTP Request: HEAD http://localhost:8080/ "HTTP/1.1 200 OK"
2025-01-14 13:40:01,976 - INFO - HTTP Request: GET https://api.gradio.app/pkg-version "HTTP/1.1 200 OK"
2025-01-14 13:40:02,019 - INFO - HTTP Request: GET https://api.gradio.app/pkg-version "HTTP/1.1 200 OK"
2025-01-14 13:44:49,064 - INFO - HTTP Request: GET https://api.gradio.app/gradio-messaging/en "HTTP/1.1 200 OK"
2025-01-14 13:44:51,983 - INFO - HTTP Request: GET http://localhost:8080/gradio_api/startup-events "HTTP/1.1 200 OK"
2025-01-14 13:44:51,993 - INFO - HTTP Request: HEAD http://localhost:8080/ "HTTP/1.1 200 OK"
2025-01-14 13:44:52,775 - INFO - HTTP Request: GET https://api.gradio.app/pkg-version "HTTP/1.1 200 OK"
2025-01-14 13:44:52,802 - INFO - HTTP Request: GET https://api.gradio.app/pkg-version "HTTP/1.1 200 OK"
2025-01-14 13:47:19,767 - INFO - HTTP Request: GET https://api.gradio.app/gradio-messaging/en "HTTP/1.1 200 OK"
2025-01-14 13:47:22,835 - INFO - HTTP Request: GET http://localhost:8080/gradio_api/startup-events "HTTP/1.1 200 OK"
2025-01-14 13:47:22,843 - INFO - HTTP Request: HEAD http://localhost:8080/ "HTTP/1.1 200 OK"
2025-01-14 13:47:23,583 - INFO - HTTP Request: GET https://api.gradio.app/pkg-version "HTTP/1.1 200 OK"
2025-01-14 13:47:23,672 - INFO - HTTP Request: GET https://api.gradio.app/pkg-version "HTTP/1.1 200 OK"
2025-01-14 13:47:23,785 - INFO - HTTP Request: GET https://api.gradio.app/v3/tunnel-request "HTTP/1.1 200 OK"
2025-01-14 13:52:15,846 - INFO - HTTP Request: GET https://api.gradio.app/gradio-messaging/en "HTTP/1.1 200 OK"
2025-01-14 13:52:19,809 - INFO - HTTP Request: GET https://api.gradio.app/pkg-version "HTTP/1.1 200 OK"
2025-01-14 13:52:19,841 - INFO - HTTP Request: GET https://api.gradio.app/pkg-version "HTTP/1.1 200 OK"
2025-01-14 13:53:08,917 - INFO - HTTP Request: GET https://api.gradio.app/gradio-messaging/en "HTTP/1.1 200 OK"
2025-01-14 13:53:11,970 - INFO - HTTP Request: GET http://localhost:8080/gradio_api/startup-events "HTTP/1.1 200 OK"
2025-01-14 13:53:11,978 - INFO - HTTP Request: HEAD http://localhost:8080/ "HTTP/1.1 200 OK"
2025-01-14 13:53:12,724 - INFO - HTTP Request: GET https://api.gradio.app/pkg-version "HTTP/1.1 200 OK"
2025-01-14 13:53:12,733 - INFO - HTTP Request: GET https://api.gradio.app/pkg-version "HTTP/1.1 200 OK"
2025-01-14 13:53:12,946 - INFO - HTTP Request: GET https://api.gradio.app/v3/tunnel-request "HTTP/1.1 200 OK"
2025-01-14 13:55:30,549 - INFO - HTTP Request: GET https://api.gradio.app/gradio-messaging/en "HTTP/1.1 200 OK"
2025-01-14 13:55:33,674 - INFO - HTTP Request: GET http://localhost:8080/gradio_api/startup-events "HTTP/1.1 200 OK"
2025-01-14 13:55:33,685 - INFO - HTTP Request: HEAD http://localhost:8080/ "HTTP/1.1 200 OK"
2025-01-14 13:55:34,454 - INFO - HTTP Request: GET https://api.gradio.app/pkg-version "HTTP/1.1 200 OK"
2025-01-14 13:55:34,492 - INFO - HTTP Request: GET https://api.gradio.app/pkg-version "HTTP/1.1 200 OK"
2025-01-14 13:55:34,622 - INFO - HTTP Request: GET https://api.gradio.app/v3/tunnel-request "HTTP/1.1 200 OK"
2025-01-14 14:00:11,229 - INFO - HTTP Request: GET https://api.gradio.app/gradio-messaging/en "HTTP/1.1 200 OK"
2025-01-14 14:00:14,284 - INFO - HTTP Request: GET http://localhost:8080/gradio_api/startup-events "HTTP/1.1 200 OK"
2025-01-14 14:00:14,293 - INFO - HTTP Request: HEAD http://localhost:8080/ "HTTP/1.1 200 OK"
2025-01-14 14:00:15,049 - INFO - HTTP Request: GET https://api.gradio.app/pkg-version "HTTP/1.1 200 OK"
2025-01-14 14:00:15,253 - INFO - HTTP Request: GET https://api.gradio.app/v3/tunnel-request "HTTP/1.1 200 OK"
2025-01-14 14:00:15,746 - INFO - HTTP Request: GET https://api.gradio.app/pkg-version "HTTP/1.1 200 OK"
2025-01-14 14:01:31,922 - INFO - HTTP Request: GET https://api.gradio.app/gradio-messaging/en "HTTP/1.1 200 OK"
2025-01-14 14:01:35,032 - INFO - HTTP Request: GET http://localhost:8080/gradio_api/startup-events "HTTP/1.1 200 OK"
2025-01-14 14:01:35,041 - INFO - HTTP Request: HEAD http://localhost:8080/ "HTTP/1.1 200 OK"
2025-01-14 14:01:35,815 - INFO - HTTP Request: GET https://api.gradio.app/pkg-version "HTTP/1.1 200 OK"
2025-01-14 14:01:35,866 - INFO - HTTP Request: GET https://api.gradio.app/pkg-version "HTTP/1.1 200 OK"
2025-01-14 14:01:35,967 - INFO - HTTP Request: GET https://api.gradio.app/v3/tunnel-request "HTTP/1.1 200 OK"
2025-01-14 14:02:08,096 - INFO - HTTP Request: GET https://api.gradio.app/gradio-messaging/en "HTTP/1.1 200 OK"
2025-01-14 14:02:11,072 - INFO - HTTP Request: GET http://localhost:8080/gradio_api/startup-events "HTTP/1.1 200 OK"
2025-01-14 14:02:11,080 - INFO - HTTP Request: HEAD http://localhost:8080/ "HTTP/1.1 200 OK"
2025-01-14 14:02:11,852 - INFO - HTTP Request: GET https://api.gradio.app/pkg-version "HTTP/1.1 200 OK"
2025-01-14 14:02:11,874 - INFO - HTTP Request: GET https://api.gradio.app/pkg-version "HTTP/1.1 200 OK"
2025-01-14 14:02:12,011 - INFO - HTTP Request: GET https://api.gradio.app/v3/tunnel-request "HTTP/1.1 200 OK"
2025-01-14 14:03:02,414 - INFO - HTTP Request: GET https://api.gradio.app/gradio-messaging/en "HTTP/1.1 200 OK"
2025-01-14 14:03:05,502 - INFO - HTTP Request: GET http://localhost:8080/gradio_api/startup-events "HTTP/1.1 200 OK"
2025-01-14 14:03:05,512 - INFO - HTTP Request: HEAD http://localhost:8080/ "HTTP/1.1 200 OK"
2025-01-14 14:03:06,274 - INFO - HTTP Request: GET https://api.gradio.app/pkg-version "HTTP/1.1 200 OK"
2025-01-14 14:03:06,328 - INFO - HTTP Request: GET https://api.gradio.app/pkg-version "HTTP/1.1 200 OK"
2025-01-14 14:03:06,473 - INFO - HTTP Request: GET https://api.gradio.app/v3/tunnel-request "HTTP/1.1 200 OK"
2025-01-14 14:06:37,157 - INFO - HTTP Request: GET https://api.gradio.app/gradio-messaging/en "HTTP/1.1 200 OK"
2025-01-14 14:06:40,452 - INFO - HTTP Request: GET http://localhost:8080/gradio_api/startup-events "HTTP/1.1 200 OK"
2025-01-14 14:06:40,459 - INFO - HTTP Request: HEAD http://localhost:8080/ "HTTP/1.1 200 OK"
2025-01-14 14:06:41,207 - INFO - HTTP Request: GET https://api.gradio.app/pkg-version "HTTP/1.1 200 OK"
2025-01-14 14:06:41,292 - INFO - HTTP Request: GET https://api.gradio.app/pkg-version "HTTP/1.1 200 OK"
2025-01-14 14:06:41,419 - INFO - HTTP Request: GET https://api.gradio.app/v3/tunnel-request "HTTP/1.1 200 OK"
2025-01-14 14:08:26,704 - INFO - HTTP Request: GET https://api.gradio.app/gradio-messaging/en "HTTP/1.1 200 OK"
2025-01-14 14:08:29,799 - INFO - HTTP Request: GET http://localhost:8080/gradio_api/startup-events "HTTP/1.1 200 OK"
2025-01-14 14:08:29,808 - INFO - HTTP Request: HEAD http://localhost:8080/ "HTTP/1.1 200 OK"
2025-01-14 14:08:30,576 - INFO - HTTP Request: GET https://api.gradio.app/pkg-version "HTTP/1.1 200 OK"
2025-01-14 14:08:30,591 - INFO - HTTP Request: GET https://api.gradio.app/pkg-version "HTTP/1.1 200 OK"
2025-01-14 14:08:30,769 - INFO - HTTP Request: GET https://api.gradio.app/v3/tunnel-request "HTTP/1.1 200 OK"
2025-01-14 14:12:48,936 - INFO - HTTP Request: GET https://api.gradio.app/gradio-messaging/en "HTTP/1.1 200 OK"
2025-01-14 14:12:52,727 - INFO - HTTP Request: GET https://api.gradio.app/pkg-version "HTTP/1.1 200 OK"
2025-01-14 14:12:52,788 - INFO - HTTP Request: GET https://api.gradio.app/pkg-version "HTTP/1.1 200 OK"
2025-01-14 14:13:01,996 - INFO - HTTP Request: GET https://api.gradio.app/gradio-messaging/en "HTTP/1.1 200 OK"
2025-01-14 14:13:04,949 - INFO - HTTP Request: GET http://localhost:8080/gradio_api/startup-events "HTTP/1.1 200 OK"
2025-01-14 14:13:04,959 - INFO - HTTP Request: HEAD http://localhost:8080/ "HTTP/1.1 200 OK"
2025-01-14 14:13:05,721 - INFO - HTTP Request: GET https://api.gradio.app/pkg-version "HTTP/1.1 200 OK"
2025-01-14 14:13:05,738 - INFO - HTTP Request: GET https://api.gradio.app/pkg-version "HTTP/1.1 200 OK"
2025-01-14 14:13:05,885 - INFO - HTTP Request: GET https://api.gradio.app/v3/tunnel-request "HTTP/1.1 200 OK"
2025-01-14 14:14:02,985 - INFO - HTTP Request: GET https://api.gradio.app/gradio-messaging/en "HTTP/1.1 200 OK"
2025-01-14 14:14:06,013 - INFO - HTTP Request: GET http://localhost:8080/gradio_api/startup-events "HTTP/1.1 200 OK"
2025-01-14 14:14:06,024 - INFO - HTTP Request: HEAD http://localhost:8080/ "HTTP/1.1 200 OK"
2025-01-14 14:14:06,783 - INFO - HTTP Request: GET https://api.gradio.app/pkg-version "HTTP/1.1 200 OK"
2025-01-14 14:14:06,820 - INFO - HTTP Request: GET https://api.gradio.app/pkg-version "HTTP/1.1 200 OK"
2025-01-14 14:14:06,958 - INFO - HTTP Request: GET https://api.gradio.app/v3/tunnel-request "HTTP/1.1 200 OK"
2025-01-14 14:14:38,739 - INFO - HTTP Request: GET https://api.gradio.app/gradio-messaging/en "HTTP/1.1 200 OK"
2025-01-14 14:14:41,822 - INFO - HTTP Request: GET http://localhost:8080/gradio_api/startup-events "HTTP/1.1 200 OK"
2025-01-14 14:14:41,830 - INFO - HTTP Request: HEAD http://localhost:8080/ "HTTP/1.1 200 OK"
2025-01-14 14:14:42,553 - INFO - HTTP Request: GET https://api.gradio.app/pkg-version "HTTP/1.1 200 OK"
2025-01-14 14:14:42,587 - INFO - HTTP Request: GET https://api.gradio.app/pkg-version "HTTP/1.1 200 OK"
2025-01-14 14:14:42,754 - INFO - HTTP Request: GET https://api.gradio.app/v3/tunnel-request "HTTP/1.1 200 OK"
2025-01-14 14:15:36,652 - INFO - HTTP Request: GET https://api.gradio.app/gradio-messaging/en "HTTP/1.1 200 OK"
2025-01-14 14:15:39,763 - INFO - HTTP Request: GET http://localhost:8080/gradio_api/startup-events "HTTP/1.1 200 OK"
2025-01-14 14:15:39,773 - INFO - HTTP Request: HEAD http://localhost:8080/ "HTTP/1.1 200 OK"
2025-01-14 14:15:40,523 - INFO - HTTP Request: GET https://api.gradio.app/pkg-version "HTTP/1.1 200 OK"
2025-01-14 14:15:40,566 - INFO - HTTP Request: GET https://api.gradio.app/pkg-version "HTTP/1.1 200 OK"
2025-01-14 14:15:40,682 - INFO - HTTP Request: GET https://api.gradio.app/v3/tunnel-request "HTTP/1.1 200 OK"
2025-01-14 14:16:44,413 - INFO - HTTP Request: GET https://api.gradio.app/gradio-messaging/en "HTTP/1.1 200 OK"
2025-01-14 14:16:48,254 - INFO - HTTP Request: GET https://api.gradio.app/pkg-version "HTTP/1.1 200 OK"
2025-01-14 14:16:48,263 - INFO - HTTP Request: GET https://api.gradio.app/pkg-version "HTTP/1.1 200 OK"
2025-01-14 14:16:57,728 - INFO - HTTP Request: GET https://api.gradio.app/gradio-messaging/en "HTTP/1.1 200 OK"
2025-01-14 14:17:00,768 - INFO - HTTP Request: GET http://localhost:8080/gradio_api/startup-events "HTTP/1.1 200 OK"
2025-01-14 14:17:00,777 - INFO - HTTP Request: HEAD http://localhost:8080/ "HTTP/1.1 200 OK"
2025-01-14 14:17:01,538 - INFO - HTTP Request: GET https://api.gradio.app/pkg-version "HTTP/1.1 200 OK"
2025-01-14 14:17:01,548 - INFO - HTTP Request: GET https://api.gradio.app/pkg-version "HTTP/1.1 200 OK"
2025-01-14 14:17:01,739 - INFO - HTTP Request: GET https://api.gradio.app/v3/tunnel-request "HTTP/1.1 200 OK"
2025-01-14 14:20:10,994 - INFO - HTTP Request: GET https://api.gradio.app/gradio-messaging/en "HTTP/1.1 200 OK"
2025-01-14 14:20:14,164 - INFO - HTTP Request: GET http://localhost:8080/gradio_api/startup-events "HTTP/1.1 200 OK"
2025-01-14 14:20:14,174 - INFO - HTTP Request: HEAD http://localhost:8080/ "HTTP/1.1 200 OK"
2025-01-14 14:20:14,930 - INFO - HTTP Request: GET https://api.gradio.app/pkg-version "HTTP/1.1 200 OK"
2025-01-14 14:20:14,985 - INFO - HTTP Request: GET https://api.gradio.app/pkg-version "HTTP/1.1 200 OK"
2025-01-14 14:20:15,133 - INFO - HTTP Request: GET https://api.gradio.app/v3/tunnel-request "HTTP/1.1 200 OK"
2025-01-14 14:22:33,982 - INFO - HTTP Request: GET https://api.gradio.app/gradio-messaging/en "HTTP/1.1 200 OK"
2025-01-14 14:22:37,136 - INFO - HTTP Request: GET http://localhost:8080/gradio_api/startup-events "HTTP/1.1 200 OK"
2025-01-14 14:22:37,143 - INFO - HTTP Request: HEAD http://localhost:8080/ "HTTP/1.1 200 OK"
2025-01-14 14:22:37,917 - INFO - HTTP Request: GET https://api.gradio.app/pkg-version "HTTP/1.1 200 OK"
2025-01-14 14:22:37,948 - INFO - HTTP Request: GET https://api.gradio.app/pkg-version "HTTP/1.1 200 OK"
2025-01-14 14:22:38,103 - INFO - HTTP Request: GET https://api.gradio.app/v3/tunnel-request "HTTP/1.1 200 OK"
2025-01-14 14:24:04,810 - INFO - HTTP Request: GET https://api.gradio.app/gradio-messaging/en "HTTP/1.1 200 OK"
2025-01-14 14:24:07,988 - INFO - HTTP Request: GET http://localhost:8080/gradio_api/startup-events "HTTP/1.1 200 OK"
2025-01-14 14:24:07,998 - INFO - HTTP Request: HEAD http://localhost:8080/ "HTTP/1.1 200 OK"
2025-01-14 14:24:08,800 - INFO - HTTP Request: GET https://api.gradio.app/pkg-version "HTTP/1.1 200 OK"
2025-01-14 14:24:08,814 - INFO - HTTP Request: GET https://api.gradio.app/pkg-version "HTTP/1.1 200 OK"
2025-01-14 14:24:08,977 - INFO - HTTP Request: GET https://api.gradio.app/v3/tunnel-request "HTTP/1.1 200 OK"
2025-01-14 14:26:05,657 - INFO - HTTP Request: GET https://api.gradio.app/gradio-messaging/en "HTTP/1.1 200 OK"
2025-01-14 14:26:09,382 - INFO - HTTP Request: GET https://api.gradio.app/pkg-version "HTTP/1.1 200 OK"
2025-01-14 14:26:09,417 - INFO - HTTP Request: GET https://api.gradio.app/pkg-version "HTTP/1.1 200 OK"
2025-01-14 14:26:20,111 - INFO - HTTP Request: GET https://api.gradio.app/gradio-messaging/en "HTTP/1.1 200 OK"
2025-01-14 14:26:23,178 - INFO - HTTP Request: GET http://localhost:8080/gradio_api/startup-events "HTTP/1.1 200 OK"
2025-01-14 14:26:23,190 - INFO - HTTP Request: HEAD http://localhost:8080/ "HTTP/1.1 200 OK"
2025-01-14 14:26:23,955 - INFO - HTTP Request: GET https://api.gradio.app/pkg-version "HTTP/1.1 200 OK"
2025-01-14 14:26:23,965 - INFO - HTTP Request: GET https://api.gradio.app/pkg-version "HTTP/1.1 200 OK"
2025-01-14 14:26:24,138 - INFO - HTTP Request: GET https://api.gradio.app/v3/tunnel-request "HTTP/1.1 200 OK"
2025-01-14 14:28:24,173 - INFO - HTTP Request: GET https://api.gradio.app/gradio-messaging/en "HTTP/1.1 200 OK"
2025-01-14 14:28:28,050 - INFO - HTTP Request: GET https://api.gradio.app/pkg-version "HTTP/1.1 200 OK"
2025-01-14 14:28:28,068 - INFO - HTTP Request: GET https://api.gradio.app/pkg-version "HTTP/1.1 200 OK"
2025-01-14 14:29:07,838 - INFO - HTTP Request: GET https://api.gradio.app/gradio-messaging/en "HTTP/1.1 200 OK"
2025-01-14 14:29:11,670 - INFO - HTTP Request: GET https://api.gradio.app/pkg-version "HTTP/1.1 200 OK"
2025-01-14 14:29:11,733 - INFO - HTTP Request: GET https://api.gradio.app/pkg-version "HTTP/1.1 200 OK"
2025-01-14 14:29:29,028 - INFO - HTTP Request: GET https://api.gradio.app/gradio-messaging/en "HTTP/1.1 200 OK"
2025-01-14 14:29:32,068 - INFO - HTTP Request: GET http://localhost:8080/gradio_api/startup-events "HTTP/1.1 200 OK"
2025-01-14 14:29:32,078 - INFO - HTTP Request: HEAD http://localhost:8080/ "HTTP/1.1 200 OK"
2025-01-14 14:29:32,839 - INFO - HTTP Request: GET https://api.gradio.app/pkg-version "HTTP/1.1 200 OK"
2025-01-14 14:29:32,878 - INFO - HTTP Request: GET https://api.gradio.app/pkg-version "HTTP/1.1 200 OK"
2025-01-14 14:29:33,060 - INFO - HTTP Request: GET https://api.gradio.app/v3/tunnel-request "HTTP/1.1 200 OK"
2025-01-14 14:31:09,155 - INFO - HTTP Request: GET https://api.gradio.app/gradio-messaging/en "HTTP/1.1 200 OK"
2025-01-14 14:31:12,372 - INFO - HTTP Request: GET http://localhost:8080/gradio_api/startup-events "HTTP/1.1 200 OK"
2025-01-14 14:31:12,381 - INFO - HTTP Request: HEAD http://localhost:8080/ "HTTP/1.1 200 OK"
2025-01-14 14:31:13,180 - INFO - HTTP Request: GET https://api.gradio.app/pkg-version "HTTP/1.1 200 OK"
2025-01-14 14:31:13,181 - INFO - HTTP Request: GET https://api.gradio.app/pkg-version "HTTP/1.1 200 OK"
2025-01-14 14:31:13,323 - INFO - HTTP Request: GET https://api.gradio.app/v3/tunnel-request "HTTP/1.1 200 OK"
2025-01-14 14:33:28,021 - INFO - HTTP Request: GET https://api.gradio.app/gradio-messaging/en "HTTP/1.1 200 OK"
2025-01-14 14:33:31,891 - INFO - HTTP Request: GET https://api.gradio.app/pkg-version "HTTP/1.1 200 OK"
2025-01-14 14:33:31,908 - INFO - HTTP Request: GET https://api.gradio.app/pkg-version "HTTP/1.1 200 OK"
2025-01-14 14:34:17,798 - INFO - HTTP Request: GET https://api.gradio.app/gradio-messaging/en "HTTP/1.1 200 OK"
2025-01-14 14:34:20,901 - INFO - HTTP Request: GET http://localhost:8080/gradio_api/startup-events "HTTP/1.1 200 OK"
2025-01-14 14:34:20,909 - INFO - HTTP Request: HEAD http://localhost:8080/ "HTTP/1.1 200 OK"
2025-01-14 14:34:21,700 - INFO - HTTP Request: GET https://api.gradio.app/pkg-version "HTTP/1.1 200 OK"
2025-01-14 14:34:21,704 - INFO - HTTP Request: GET https://api.gradio.app/pkg-version "HTTP/1.1 200 OK"
2025-01-14 14:34:21,800 - INFO - HTTP Request: GET https://api.gradio.app/v3/tunnel-request "HTTP/1.1 200 OK"
2025-01-14 14:36:37,587 - INFO - HTTP Request: GET https://api.gradio.app/gradio-messaging/en "HTTP/1.1 200 OK"
2025-01-14 14:36:41,397 - INFO - HTTP Request: GET https://api.gradio.app/pkg-version "HTTP/1.1 200 OK"
2025-01-14 14:36:41,442 - INFO - HTTP Request: GET https://api.gradio.app/pkg-version "HTTP/1.1 200 OK"
2025-01-14 14:39:07,744 - INFO - HTTP Request: GET https://api.gradio.app/gradio-messaging/en "HTTP/1.1 200 OK"
2025-01-14 14:39:11,634 - INFO - HTTP Request: GET https://api.gradio.app/pkg-version "HTTP/1.1 200 OK"
2025-01-14 14:39:34,504 - INFO - HTTP Request: GET https://api.gradio.app/gradio-messaging/en "HTTP/1.1 200 OK"
2025-01-14 14:39:38,364 - INFO - HTTP Request: GET https://api.gradio.app/pkg-version "HTTP/1.1 200 OK"
2025-01-14 14:39:39,024 - INFO - HTTP Request: GET https://api.gradio.app/pkg-version "HTTP/1.1 200 OK"
2025-01-14 14:39:50,716 - INFO - HTTP Request: GET https://api.gradio.app/gradio-messaging/en "HTTP/1.1 200 OK"
2025-01-14 14:39:53,828 - INFO - HTTP Request: GET http://localhost:8080/gradio_api/startup-events "HTTP/1.1 200 OK"
2025-01-14 14:39:53,836 - INFO - HTTP Request: HEAD http://localhost:8080/ "HTTP/1.1 200 OK"
2025-01-14 14:39:54,574 - INFO - HTTP Request: GET https://api.gradio.app/pkg-version "HTTP/1.1 200 OK"
2025-01-14 14:39:54,643 - INFO - HTTP Request: GET https://api.gradio.app/pkg-version "HTTP/1.1 200 OK"
2025-01-14 14:39:54,763 - INFO - HTTP Request: GET https://api.gradio.app/v3/tunnel-request "HTTP/1.1 200 OK"
2025-01-14 14:45:22,352 - INFO - HTTP Request: GET https://api.gradio.app/gradio-messaging/en "HTTP/1.1 200 OK"
2025-01-14 14:45:25,941 - INFO - HTTP Request: GET http://localhost:8080/gradio_api/startup-events "HTTP/1.1 200 OK"
2025-01-14 14:45:25,951 - INFO - HTTP Request: HEAD http://localhost:8080/ "HTTP/1.1 200 OK"
2025-01-14 14:45:26,693 - INFO - HTTP Request: GET https://api.gradio.app/pkg-version "HTTP/1.1 200 OK"
2025-01-14 14:45:26,716 - INFO - HTTP Request: GET https://api.gradio.app/pkg-version "HTTP/1.1 200 OK"
2025-01-14 14:45:26,889 - INFO - HTTP Request: GET https://api.gradio.app/v3/tunnel-request "HTTP/1.1 200 OK"
2025-01-14 14:45:54,677 - INFO - HTTP Request: GET https://api.gradio.app/gradio-messaging/en "HTTP/1.1 200 OK"
2025-01-14 14:45:58,480 - INFO - HTTP Request: GET https://api.gradio.app/pkg-version "HTTP/1.1 200 OK"
2025-01-14 14:46:29,857 - INFO - HTTP Request: GET https://api.gradio.app/gradio-messaging/en "HTTP/1.1 200 OK"
2025-01-14 14:46:32,849 - INFO - HTTP Request: GET http://localhost:8080/gradio_api/startup-events "HTTP/1.1 200 OK"
2025-01-14 14:46:32,857 - INFO - HTTP Request: HEAD http://localhost:8080/ "HTTP/1.1 200 OK"
2025-01-14 14:46:33,614 - INFO - HTTP Request: GET https://api.gradio.app/pkg-version "HTTP/1.1 200 OK"
2025-01-14 14:46:33,678 - INFO - HTTP Request: GET https://api.gradio.app/pkg-version "HTTP/1.1 200 OK"
2025-01-14 14:46:33,794 - INFO - HTTP Request: GET https://api.gradio.app/v3/tunnel-request "HTTP/1.1 200 OK"
2025-01-14 14:47:38,232 - INFO - HTTP Request: GET https://api.gradio.app/gradio-messaging/en "HTTP/1.1 200 OK"
2025-01-14 14:47:41,539 - INFO - HTTP Request: GET http://localhost:8080/gradio_api/startup-events "HTTP/1.1 200 OK"
2025-01-14 14:47:41,548 - INFO - HTTP Request: HEAD http://localhost:8080/ "HTTP/1.1 200 OK"
2025-01-14 14:47:42,328 - INFO - HTTP Request: GET https://api.gradio.app/pkg-version "HTTP/1.1 200 OK"
2025-01-14 14:47:42,330 - INFO - HTTP Request: GET https://api.gradio.app/pkg-version "HTTP/1.1 200 OK"
2025-01-14 14:47:42,468 - INFO - HTTP Request: GET https://api.gradio.app/v3/tunnel-request "HTTP/1.1 200 OK"
2025-01-14 14:47:58,709 - INFO - HTTP Request: GET https://api.gradio.app/gradio-messaging/en "HTTP/1.1 200 OK"
2025-01-14 14:48:01,840 - INFO - HTTP Request: GET http://localhost:8080/gradio_api/startup-events "HTTP/1.1 200 OK"
2025-01-14 14:48:01,849 - INFO - HTTP Request: HEAD http://localhost:8080/ "HTTP/1.1 200 OK"
2025-01-14 14:48:02,615 - INFO - HTTP Request: GET https://api.gradio.app/pkg-version "HTTP/1.1 200 OK"
2025-01-14 14:48:02,664 - INFO - HTTP Request: GET https://api.gradio.app/pkg-version "HTTP/1.1 200 OK"
2025-01-14 14:48:02,779 - INFO - HTTP Request: GET https://api.gradio.app/v3/tunnel-request "HTTP/1.1 200 OK"
2025-01-14 14:49:48,964 - INFO - HTTP Request: GET https://api.gradio.app/gradio-messaging/en "HTTP/1.1 200 OK"
2025-01-14 14:49:52,122 - INFO - HTTP Request: GET https://api.gradio.app/pkg-version "HTTP/1.1 200 OK"
2025-01-14 14:49:52,132 - INFO - HTTP Request: GET https://api.gradio.app/pkg-version "HTTP/1.1 200 OK"
2025-01-14 14:50:06,535 - INFO - HTTP Request: GET https://api.gradio.app/gradio-messaging/en "HTTP/1.1 200 OK"
2025-01-14 14:50:09,538 - INFO - HTTP Request: GET http://localhost:8080/gradio_api/startup-events "HTTP/1.1 200 OK"
2025-01-14 14:50:09,546 - INFO - HTTP Request: HEAD http://localhost:8080/ "HTTP/1.1 200 OK"
2025-01-14 14:50:10,329 - INFO - HTTP Request: GET https://api.gradio.app/pkg-version "HTTP/1.1 200 OK"
2025-01-14 14:50:10,336 - INFO - HTTP Request: GET https://api.gradio.app/pkg-version "HTTP/1.1 200 OK"
2025-01-14 14:50:10,518 - INFO - HTTP Request: GET https://api.gradio.app/v3/tunnel-request "HTTP/1.1 200 OK"
2025-01-14 14:53:54,647 - INFO - HTTP Request: GET https://api.gradio.app/gradio-messaging/en "HTTP/1.1 200 OK"
2025-01-14 14:53:57,458 - INFO - HTTP Request: GET http://localhost:8080/gradio_api/startup-events "HTTP/1.1 200 OK"
2025-01-14 14:53:57,467 - INFO - HTTP Request: HEAD http://localhost:8080/ "HTTP/1.1 200 OK"
2025-01-14 14:53:58,233 - INFO - HTTP Request: GET https://api.gradio.app/pkg-version "HTTP/1.1 200 OK"
2025-01-14 14:53:58,271 - INFO - HTTP Request: GET https://api.gradio.app/pkg-version "HTTP/1.1 200 OK"
2025-01-14 14:53:58,417 - INFO - HTTP Request: GET https://api.gradio.app/v3/tunnel-request "HTTP/1.1 200 OK"
2025-01-14 14:55:23,741 - INFO - HTTP Request: GET https://api.gradio.app/gradio-messaging/en "HTTP/1.1 200 OK"
2025-01-14 14:55:26,751 - INFO - HTTP Request: GET http://localhost:8080/gradio_api/startup-events "HTTP/1.1 200 OK"
2025-01-14 14:55:26,759 - INFO - HTTP Request: HEAD http://localhost:8080/ "HTTP/1.1 200 OK"
2025-01-14 14:55:27,527 - INFO - HTTP Request: GET https://api.gradio.app/pkg-version "HTTP/1.1 200 OK"
2025-01-14 14:55:27,568 - INFO - HTTP Request: GET https://api.gradio.app/pkg-version "HTTP/1.1 200 OK"
2025-01-14 14:55:27,709 - INFO - HTTP Request: GET https://api.gradio.app/v3/tunnel-request "HTTP/1.1 200 OK"
2025-01-14 14:56:07,897 - INFO - HTTP Request: GET https://api.gradio.app/gradio-messaging/en "HTTP/1.1 200 OK"
2025-01-14 14:56:10,973 - INFO - HTTP Request: GET http://localhost:8080/gradio_api/startup-events "HTTP/1.1 200 OK"
2025-01-14 14:56:10,983 - INFO - HTTP Request: HEAD http://localhost:8080/ "HTTP/1.1 200 OK"
2025-01-14 14:56:11,744 - INFO - HTTP Request: GET https://api.gradio.app/pkg-version "HTTP/1.1 200 OK"
2025-01-14 14:56:11,829 - INFO - HTTP Request: GET https://api.gradio.app/pkg-version "HTTP/1.1 200 OK"
2025-01-14 14:56:11,934 - INFO - HTTP Request: GET https://api.gradio.app/v3/tunnel-request "HTTP/1.1 200 OK"
2025-01-14 14:58:19,063 - INFO - HTTP Request: GET https://api.gradio.app/gradio-messaging/en "HTTP/1.1 200 OK"
2025-01-14 14:58:22,234 - INFO - HTTP Request: GET http://localhost:8080/gradio_api/startup-events "HTTP/1.1 200 OK"
2025-01-14 14:58:22,243 - INFO - HTTP Request: HEAD http://localhost:8080/ "HTTP/1.1 200 OK"
2025-01-14 14:58:23,022 - INFO - HTTP Request: GET https://api.gradio.app/pkg-version "HTTP/1.1 200 OK"
2025-01-14 14:58:23,035 - INFO - HTTP Request: GET https://api.gradio.app/pkg-version "HTTP/1.1 200 OK"
2025-01-14 14:58:23,174 - INFO - HTTP Request: GET https://api.gradio.app/v3/tunnel-request "HTTP/1.1 200 OK"
2025-01-14 15:00:28,572 - INFO - HTTP Request: GET https://api.gradio.app/gradio-messaging/en "HTTP/1.1 200 OK"
2025-01-14 15:00:32,332 - INFO - HTTP Request: GET https://api.gradio.app/pkg-version "HTTP/1.1 200 OK"
2025-01-14 15:00:32,346 - INFO - HTTP Request: GET https://api.gradio.app/pkg-version "HTTP/1.1 200 OK"
2025-01-14 15:00:48,956 - INFO - HTTP Request: GET https://api.gradio.app/gradio-messaging/en "HTTP/1.1 200 OK"
2025-01-14 15:00:51,943 - INFO - HTTP Request: GET http://localhost:8080/gradio_api/startup-events "HTTP/1.1 200 OK"
2025-01-14 15:00:51,952 - INFO - HTTP Request: HEAD http://localhost:8080/ "HTTP/1.1 200 OK"
2025-01-14 15:00:52,766 - INFO - HTTP Request: GET https://api.gradio.app/pkg-version "HTTP/1.1 200 OK"
2025-01-14 15:00:52,877 - INFO - HTTP Request: GET https://api.gradio.app/v3/tunnel-request "HTTP/1.1 200 OK"
2025-01-14 15:00:53,639 - INFO - HTTP Request: GET https://api.gradio.app/pkg-version "HTTP/1.1 200 OK"
2025-01-14 15:02:21,697 - INFO - HTTP Request: GET https://api.gradio.app/gradio-messaging/en "HTTP/1.1 200 OK"
2025-01-14 15:02:24,867 - INFO - HTTP Request: GET http://localhost:8080/gradio_api/startup-events "HTTP/1.1 200 OK"
2025-01-14 15:02:24,877 - INFO - HTTP Request: HEAD http://localhost:8080/ "HTTP/1.1 200 OK"
2025-01-14 15:02:25,624 - INFO - HTTP Request: GET https://api.gradio.app/pkg-version "HTTP/1.1 200 OK"
2025-01-14 15:02:25,652 - INFO - HTTP Request: GET https://api.gradio.app/pkg-version "HTTP/1.1 200 OK"
2025-01-14 15:02:25,844 - INFO - HTTP Request: GET https://api.gradio.app/v3/tunnel-request "HTTP/1.1 200 OK"
2025-01-14 15:12:39,579 - INFO - HTTP Request: GET https://api.gradio.app/gradio-messaging/en "HTTP/1.1 200 OK"
2025-01-14 15:12:42,730 - INFO - HTTP Request: GET http://localhost:8080/gradio_api/startup-events "HTTP/1.1 200 OK"
2025-01-14 15:12:42,739 - INFO - HTTP Request: HEAD http://localhost:8080/ "HTTP/1.1 200 OK"
2025-01-14 15:12:43,521 - INFO - HTTP Request: GET https://api.gradio.app/pkg-version "HTTP/1.1 200 OK"
2025-01-14 15:12:43,535 - INFO - HTTP Request: GET https://api.gradio.app/pkg-version "HTTP/1.1 200 OK"
2025-01-14 15:12:43,675 - INFO - HTTP Request: GET https://api.gradio.app/v3/tunnel-request "HTTP/1.1 200 OK"
2025-01-14 15:16:26,057 - INFO - HTTP Request: GET https://api.gradio.app/gradio-messaging/en "HTTP/1.1 200 OK"
2025-01-14 15:16:29,153 - INFO - HTTP Request: GET http://localhost:8080/gradio_api/startup-events "HTTP/1.1 200 OK"
2025-01-14 15:16:29,163 - INFO - HTTP Request: HEAD http://localhost:8080/ "HTTP/1.1 200 OK"
2025-01-14 15:16:29,942 - INFO - HTTP Request: GET https://api.gradio.app/pkg-version "HTTP/1.1 200 OK"
2025-01-14 15:16:29,962 - INFO - HTTP Request: GET https://api.gradio.app/pkg-version "HTTP/1.1 200 OK"
2025-01-14 15:16:30,109 - INFO - HTTP Request: GET https://api.gradio.app/v3/tunnel-request "HTTP/1.1 200 OK"
2025-01-14 15:21:04,162 - INFO - HTTP Request: GET https://api.gradio.app/gradio-messaging/en "HTTP/1.1 200 OK"
2025-01-14 15:21:07,988 - INFO - HTTP Request: GET https://api.gradio.app/pkg-version "HTTP/1.1 200 OK"
2025-01-14 15:21:07,989 - INFO - HTTP Request: GET https://api.gradio.app/pkg-version "HTTP/1.1 200 OK"
2025-01-14 15:21:13,773 - INFO - HTTP Request: GET https://api.gradio.app/gradio-messaging/en "HTTP/1.1 200 OK"
2025-01-14 15:21:16,917 - INFO - HTTP Request: GET http://localhost:8080/gradio_api/startup-events "HTTP/1.1 200 OK"
2025-01-14 15:21:16,925 - INFO - HTTP Request: HEAD http://localhost:8080/ "HTTP/1.1 200 OK"
2025-01-14 15:21:17,709 - INFO - HTTP Request: GET https://api.gradio.app/pkg-version "HTTP/1.1 200 OK"
2025-01-14 15:21:17,731 - INFO - HTTP Request: GET https://api.gradio.app/pkg-version "HTTP/1.1 200 OK"
2025-01-14 15:21:17,885 - INFO - HTTP Request: GET https://api.gradio.app/v3/tunnel-request "HTTP/1.1 200 OK"
2025-01-14 15:30:41,793 - INFO - HTTP Request: GET https://api.gradio.app/gradio-messaging/en "HTTP/1.1 200 OK"
2025-01-14 15:30:44,780 - INFO - HTTP Request: GET http://localhost:8080/gradio_api/startup-events "HTTP/1.1 200 OK"
2025-01-14 15:30:44,787 - INFO - HTTP Request: HEAD http://localhost:8080/ "HTTP/1.1 200 OK"
2025-01-14 15:30:45,544 - INFO - HTTP Request: GET https://api.gradio.app/pkg-version "HTTP/1.1 200 OK"
2025-01-14 15:30:45,588 - INFO - HTTP Request: GET https://api.gradio.app/pkg-version "HTTP/1.1 200 OK"
2025-01-14 15:30:45,756 - INFO - HTTP Request: GET https://api.gradio.app/v3/tunnel-request "HTTP/1.1 200 OK"
2025-01-14 15:36:24,650 - INFO - HTTP Request: GET https://api.gradio.app/gradio-messaging/en "HTTP/1.1 200 OK"
2025-01-14 15:36:27,859 - INFO - HTTP Request: GET http://localhost:8080/gradio_api/startup-events "HTTP/1.1 200 OK"
2025-01-14 15:36:27,870 - INFO - HTTP Request: HEAD http://localhost:8080/ "HTTP/1.1 200 OK"
2025-01-14 15:36:28,641 - INFO - HTTP Request: GET https://api.gradio.app/pkg-version "HTTP/1.1 200 OK"
2025-01-14 15:36:28,653 - INFO - HTTP Request: GET https://api.gradio.app/pkg-version "HTTP/1.1 200 OK"
2025-01-14 15:36:28,827 - INFO - HTTP Request: GET https://api.gradio.app/v3/tunnel-request "HTTP/1.1 200 OK"
2025-01-14 15:57:59,515 - INFO - HTTP Request: GET https://api.gradio.app/gradio-messaging/en "HTTP/1.1 200 OK"
2025-01-14 15:58:02,610 - INFO - HTTP Request: GET http://localhost:8080/gradio_api/startup-events "HTTP/1.1 200 OK"
2025-01-14 15:58:02,621 - INFO - HTTP Request: HEAD http://localhost:8080/ "HTTP/1.1 200 OK"
2025-01-14 15:58:03,381 - INFO - HTTP Request: GET https://api.gradio.app/pkg-version "HTTP/1.1 200 OK"
2025-01-14 15:58:03,382 - INFO - HTTP Request: GET https://api.gradio.app/pkg-version "HTTP/1.1 200 OK"
2025-01-14 15:58:03,547 - INFO - HTTP Request: GET https://api.gradio.app/v3/tunnel-request "HTTP/1.1 200 OK"
2025-01-14 16:00:37,445 - INFO - HTTP Request: GET https://api.gradio.app/gradio-messaging/en "HTTP/1.1 200 OK"
2025-01-14 16:00:40,584 - INFO - HTTP Request: GET http://localhost:8080/gradio_api/startup-events "HTTP/1.1 200 OK"
2025-01-14 16:00:40,591 - INFO - HTTP Request: HEAD http://localhost:8080/ "HTTP/1.1 200 OK"
2025-01-14 16:00:41,352 - INFO - HTTP Request: GET https://api.gradio.app/pkg-version "HTTP/1.1 200 OK"
2025-01-14 16:00:41,407 - INFO - HTTP Request: GET https://api.gradio.app/pkg-version "HTTP/1.1 200 OK"
2025-01-14 16:00:41,533 - INFO - HTTP Request: GET https://api.gradio.app/v3/tunnel-request "HTTP/1.1 200 OK"
2025-01-14 16:05:04,102 - INFO - HTTP Request: GET https://api.gradio.app/gradio-messaging/en "HTTP/1.1 200 OK"
2025-01-14 16:05:07,294 - INFO - HTTP Request: GET http://localhost:8080/gradio_api/startup-events "HTTP/1.1 200 OK"
2025-01-14 16:05:07,302 - INFO - HTTP Request: HEAD http://localhost:8080/ "HTTP/1.1 200 OK"
2025-01-14 16:05:08,070 - INFO - HTTP Request: GET https://api.gradio.app/pkg-version "HTTP/1.1 200 OK"
2025-01-14 16:05:08,096 - INFO - HTTP Request: GET https://api.gradio.app/pkg-version "HTTP/1.1 200 OK"
2025-01-14 16:05:08,266 - INFO - HTTP Request: GET https://api.gradio.app/v3/tunnel-request "HTTP/1.1 200 OK"
2025-01-14 16:17:57,415 - INFO - HTTP Request: GET https://api.gradio.app/gradio-messaging/en "HTTP/1.1 200 OK"
2025-01-14 16:18:00,588 - INFO - HTTP Request: GET http://localhost:8080/gradio_api/startup-events "HTTP/1.1 200 OK"
2025-01-14 16:18:00,596 - INFO - HTTP Request: HEAD http://localhost:8080/ "HTTP/1.1 200 OK"
2025-01-14 16:18:01,381 - INFO - HTTP Request: GET https://api.gradio.app/pkg-version "HTTP/1.1 200 OK"
2025-01-14 16:18:01,384 - INFO - HTTP Request: GET https://api.gradio.app/pkg-version "HTTP/1.1 200 OK"
2025-01-14 16:18:01,528 - INFO - HTTP Request: GET https://api.gradio.app/v3/tunnel-request "HTTP/1.1 200 OK"
2025-01-14 16:28:14,106 - INFO - HTTP Request: GET https://api.gradio.app/gradio-messaging/en "HTTP/1.1 200 OK"
2025-01-14 16:28:17,194 - INFO - HTTP Request: GET http://localhost:8080/gradio_api/startup-events "HTTP/1.1 200 OK"
2025-01-14 16:28:17,202 - INFO - HTTP Request: HEAD http://localhost:8080/ "HTTP/1.1 200 OK"
2025-01-14 16:28:17,947 - INFO - HTTP Request: GET https://api.gradio.app/pkg-version "HTTP/1.1 200 OK"
2025-01-14 16:28:18,077 - INFO - HTTP Request: GET https://api.gradio.app/pkg-version "HTTP/1.1 200 OK"
2025-01-14 16:28:18,160 - INFO - HTTP Request: GET https://api.gradio.app/v3/tunnel-request "HTTP/1.1 200 OK"
2025-01-14 16:30:05,988 - INFO - HTTP Request: GET https://api.gradio.app/gradio-messaging/en "HTTP/1.1 200 OK"
2025-01-14 16:30:09,150 - INFO - HTTP Request: GET http://localhost:8080/gradio_api/startup-events "HTTP/1.1 200 OK"
2025-01-14 16:30:09,157 - INFO - HTTP Request: HEAD http://localhost:8080/ "HTTP/1.1 200 OK"
2025-01-14 16:30:09,903 - INFO - HTTP Request: GET https://api.gradio.app/pkg-version "HTTP/1.1 200 OK"
2025-01-14 16:30:09,926 - INFO - HTTP Request: GET https://api.gradio.app/pkg-version "HTTP/1.1 200 OK"
2025-01-14 16:30:10,106 - INFO - HTTP Request: GET https://api.gradio.app/v3/tunnel-request "HTTP/1.1 200 OK"
2025-01-14 16:31:13,495 - INFO - HTTP Request: GET https://api.gradio.app/gradio-messaging/en "HTTP/1.1 200 OK"
2025-01-14 16:31:16,428 - INFO - HTTP Request: GET http://localhost:8080/gradio_api/startup-events "HTTP/1.1 200 OK"
2025-01-14 16:31:16,436 - INFO - HTTP Request: HEAD http://localhost:8080/ "HTTP/1.1 200 OK"
2025-01-14 16:31:17,196 - INFO - HTTP Request: GET https://api.gradio.app/pkg-version "HTTP/1.1 200 OK"
2025-01-14 16:31:17,277 - INFO - HTTP Request: GET https://api.gradio.app/pkg-version "HTTP/1.1 200 OK"
2025-01-14 16:31:17,407 - INFO - HTTP Request: GET https://api.gradio.app/v3/tunnel-request "HTTP/1.1 200 OK"
2025-01-14 16:35:30,178 - INFO - HTTP Request: GET https://api.gradio.app/gradio-messaging/en "HTTP/1.1 200 OK"
2025-01-14 16:35:33,417 - INFO - HTTP Request: GET http://localhost:8080/gradio_api/startup-events "HTTP/1.1 200 OK"
2025-01-14 16:35:33,425 - INFO - HTTP Request: HEAD http://localhost:8080/ "HTTP/1.1 200 OK"
2025-01-14 16:35:34,218 - INFO - HTTP Request: GET https://api.gradio.app/pkg-version "HTTP/1.1 200 OK"
2025-01-14 16:35:34,250 - INFO - HTTP Request: GET https://api.gradio.app/pkg-version "HTTP/1.1 200 OK"
2025-01-14 16:35:34,388 - INFO - HTTP Request: GET https://api.gradio.app/v3/tunnel-request "HTTP/1.1 200 OK"
2025-01-14 16:44:10,436 - INFO - HTTP Request: GET https://api.gradio.app/gradio-messaging/en "HTTP/1.1 200 OK"
2025-01-14 16:44:14,350 - INFO - HTTP Request: GET https://api.gradio.app/pkg-version "HTTP/1.1 200 OK"
2025-01-14 16:44:14,380 - INFO - HTTP Request: GET https://api.gradio.app/pkg-version "HTTP/1.1 200 OK"
2025-01-14 16:44:23,628 - INFO - HTTP Request: GET https://api.gradio.app/gradio-messaging/en "HTTP/1.1 200 OK"
2025-01-14 16:44:26,742 - INFO - HTTP Request: GET http://localhost:8080/gradio_api/startup-events "HTTP/1.1 200 OK"
2025-01-14 16:44:26,749 - INFO - HTTP Request: HEAD http://localhost:8080/ "HTTP/1.1 200 OK"
2025-01-14 16:44:27,499 - INFO - HTTP Request: GET https://api.gradio.app/pkg-version "HTTP/1.1 200 OK"
2025-01-14 16:44:27,564 - INFO - HTTP Request: GET https://api.gradio.app/pkg-version "HTTP/1.1 200 OK"
2025-01-14 16:44:27,684 - INFO - HTTP Request: GET https://api.gradio.app/v3/tunnel-request "HTTP/1.1 200 OK"
2025-01-14 16:56:43,687 - INFO - HTTP Request: GET https://api.gradio.app/gradio-messaging/en "HTTP/1.1 200 OK"
2025-01-14 16:56:46,838 - INFO - HTTP Request: GET http://localhost:8080/gradio_api/startup-events "HTTP/1.1 200 OK"
2025-01-14 16:56:46,848 - INFO - HTTP Request: HEAD http://localhost:8080/ "HTTP/1.1 200 OK"
2025-01-14 16:56:47,629 - INFO - HTTP Request: GET https://api.gradio.app/pkg-version "HTTP/1.1 200 OK"
2025-01-14 16:56:47,658 - INFO - HTTP Request: GET https://api.gradio.app/pkg-version "HTTP/1.1 200 OK"
2025-01-14 16:56:47,816 - INFO - HTTP Request: GET https://api.gradio.app/v3/tunnel-request "HTTP/1.1 200 OK"
