2025-01-13 13:44:54,390 - INFO - HTTP Request: GET https://api.gradio.app/gradio-messaging/en "HTTP/1.1 200 OK"
2025-01-13 13:45:00,248 - INFO - HTTP Request: GET http://localhost:8080/gradio_api/startup-events "HTTP/1.1 200 OK"
2025-01-13 13:45:00,258 - INFO - HTTP Request: HEAD http://localhost:8080/ "HTTP/1.1 200 OK"
2025-01-13 13:45:00,880 - INFO - HTTP Request: GET https://api.gradio.app/pkg-version "HTTP/1.1 200 OK"
2025-01-13 13:45:00,989 - INFO - HTTP Request: GET https://api.gradio.app/pkg-version "HTTP/1.1 200 OK"
2025-01-13 13:49:38,120 - INFO - HTTP Request: GET https://api.gradio.app/gradio-messaging/en "HTTP/1.1 200 OK"
2025-01-13 13:49:41,192 - INFO - HTTP Request: GET http://localhost:8080/gradio_api/startup-events "HTTP/1.1 200 OK"
2025-01-13 13:49:41,202 - INFO - HTTP Request: HEAD http://localhost:8080/ "HTTP/1.1 200 OK"
2025-01-13 13:49:41,899 - INFO - HTTP Request: GET https://api.gradio.app/pkg-version "HTTP/1.1 200 OK"
2025-01-13 13:49:41,967 - INFO - HTTP Request: GET https://api.gradio.app/pkg-version "HTTP/1.1 200 OK"
2025-01-13 13:50:55,950 - INFO - HTTP Request: GET https://api.gradio.app/gradio-messaging/en "HTTP/1.1 200 OK"
2025-01-13 13:50:59,163 - INFO - HTTP Request: GET http://localhost:8080/gradio_api/startup-events "HTTP/1.1 200 OK"
2025-01-13 13:50:59,176 - INFO - HTTP Request: HEAD http://localhost:8080/ "HTTP/1.1 200 OK"
2025-01-13 13:50:59,879 - INFO - HTTP Request: GET https://api.gradio.app/pkg-version "HTTP/1.1 200 OK"
2025-01-13 13:50:59,903 - INFO - HTTP Request: GET https://api.gradio.app/pkg-version "HTTP/1.1 200 OK"
2025-01-13 13:52:07,738 - INFO - HTTP Request: GET https://api.gradio.app/gradio-messaging/en "HTTP/1.1 200 OK"
2025-01-13 13:52:10,760 - INFO - HTTP Request: GET http://localhost:8080/gradio_api/startup-events "HTTP/1.1 200 OK"
2025-01-13 13:52:10,767 - INFO - HTTP Request: HEAD http://localhost:8080/ "HTTP/1.1 200 OK"
2025-01-13 13:52:11,562 - INFO - HTTP Request: GET https://api.gradio.app/pkg-version "HTTP/1.1 200 OK"
2025-01-13 13:52:11,593 - INFO - HTTP Request: GET https://api.gradio.app/pkg-version "HTTP/1.1 200 OK"
2025-01-13 14:06:53,419 - INFO - HTTP Request: GET https://api.gradio.app/gradio-messaging/en "HTTP/1.1 200 OK"
2025-01-13 14:06:56,570 - INFO - HTTP Request: GET http://localhost:8080/gradio_api/startup-events "HTTP/1.1 200 OK"
2025-01-13 14:06:56,604 - INFO - HTTP Request: HEAD http://localhost:8080/ "HTTP/1.1 200 OK"
2025-01-13 14:06:57,226 - INFO - HTTP Request: GET https://api.gradio.app/pkg-version "HTTP/1.1 200 OK"
2025-01-13 14:06:57,241 - INFO - HTTP Request: GET https://api.gradio.app/pkg-version "HTTP/1.1 200 OK"
2025-01-13 14:06:57,448 - INFO - HTTP Request: GET https://api.gradio.app/v3/tunnel-request "HTTP/1.1 200 OK"
2025-01-13 14:50:11,646 - INFO - HTTP Request: GET https://api.gradio.app/gradio-messaging/en "HTTP/1.1 200 OK"
2025-01-13 14:50:14,928 - INFO - HTTP Request: GET http://localhost:8080/gradio_api/startup-events "HTTP/1.1 200 OK"
2025-01-13 14:50:14,936 - INFO - HTTP Request: HEAD http://localhost:8080/ "HTTP/1.1 200 OK"
2025-01-13 14:50:15,639 - INFO - HTTP Request: GET https://api.gradio.app/pkg-version "HTTP/1.1 200 OK"
2025-01-13 14:50:15,698 - INFO - HTTP Request: GET https://api.gradio.app/pkg-version "HTTP/1.1 200 OK"
2025-01-13 14:50:15,745 - INFO - HTTP Request: GET https://api.gradio.app/v3/tunnel-request "HTTP/1.1 200 OK"
2025-01-13 14:56:04,825 - INFO - HTTP Request: GET https://api.gradio.app/gradio-messaging/en "HTTP/1.1 200 OK"
2025-01-13 14:56:07,829 - INFO - HTTP Request: GET http://localhost:8080/gradio_api/startup-events "HTTP/1.1 200 OK"
2025-01-13 14:56:07,838 - INFO - HTTP Request: HEAD http://localhost:8080/ "HTTP/1.1 200 OK"
2025-01-13 14:56:08,573 - INFO - HTTP Request: GET https://api.gradio.app/pkg-version "HTTP/1.1 200 OK"
2025-01-13 14:56:08,583 - INFO - HTTP Request: GET https://api.gradio.app/pkg-version "HTTP/1.1 200 OK"
2025-01-13 14:56:08,711 - INFO - HTTP Request: GET https://api.gradio.app/v3/tunnel-request "HTTP/1.1 200 OK"
2025-01-13 15:01:07,108 - INFO - HTTP Request: GET https://api.gradio.app/gradio-messaging/en "HTTP/1.1 200 OK"
2025-01-13 15:01:10,318 - INFO - HTTP Request: GET http://localhost:8080/gradio_api/startup-events "HTTP/1.1 200 OK"
2025-01-13 15:01:10,328 - INFO - HTTP Request: HEAD http://localhost:8080/ "HTTP/1.1 200 OK"
2025-01-13 15:01:10,987 - INFO - HTTP Request: GET https://api.gradio.app/pkg-version "HTTP/1.1 200 OK"
2025-01-13 15:01:11,019 - INFO - HTTP Request: GET https://api.gradio.app/pkg-version "HTTP/1.1 200 OK"
2025-01-13 15:01:11,151 - INFO - HTTP Request: GET https://api.gradio.app/v3/tunnel-request "HTTP/1.1 200 OK"
2025-01-13 15:04:00,629 - INFO - HTTP Request: GET https://api.gradio.app/gradio-messaging/en "HTTP/1.1 200 OK"
2025-01-13 15:04:03,888 - INFO - HTTP Request: GET http://localhost:8080/gradio_api/startup-events "HTTP/1.1 200 OK"
2025-01-13 15:04:03,895 - INFO - HTTP Request: HEAD http://localhost:8080/ "HTTP/1.1 200 OK"
2025-01-13 15:04:04,515 - INFO - HTTP Request: GET https://api.gradio.app/pkg-version "HTTP/1.1 200 OK"
2025-01-13 15:04:04,625 - INFO - HTTP Request: GET https://api.gradio.app/pkg-version "HTTP/1.1 200 OK"
2025-01-13 15:04:04,693 - INFO - HTTP Request: GET https://api.gradio.app/v3/tunnel-request "HTTP/1.1 200 OK"
2025-01-13 15:17:38,069 - INFO - HTTP Request: GET https://api.gradio.app/gradio-messaging/en "HTTP/1.1 200 OK"
2025-01-13 15:17:41,181 - INFO - HTTP Request: GET http://localhost:8080/gradio_api/startup-events "HTTP/1.1 200 OK"
2025-01-13 15:17:41,190 - INFO - HTTP Request: HEAD http://localhost:8080/ "HTTP/1.1 200 OK"
2025-01-13 15:17:41,947 - INFO - HTTP Request: GET https://api.gradio.app/pkg-version "HTTP/1.1 200 OK"
2025-01-13 15:17:42,020 - INFO - HTTP Request: GET https://api.gradio.app/pkg-version "HTTP/1.1 200 OK"
2025-01-13 15:17:42,156 - INFO - HTTP Request: GET https://api.gradio.app/v3/tunnel-request "HTTP/1.1 200 OK"
2025-01-13 15:34:48,122 - INFO - HTTP Request: GET https://api.gradio.app/gradio-messaging/en "HTTP/1.1 200 OK"
2025-01-13 15:34:51,183 - INFO - HTTP Request: GET http://localhost:8080/gradio_api/startup-events "HTTP/1.1 200 OK"
2025-01-13 15:34:51,193 - INFO - HTTP Request: HEAD http://localhost:8080/ "HTTP/1.1 200 OK"
2025-01-13 15:34:51,971 - INFO - HTTP Request: GET https://api.gradio.app/pkg-version "HTTP/1.1 200 OK"
2025-01-13 15:34:51,999 - INFO - HTTP Request: GET https://api.gradio.app/pkg-version "HTTP/1.1 200 OK"
2025-01-13 15:34:52,118 - INFO - HTTP Request: GET https://api.gradio.app/v3/tunnel-request "HTTP/1.1 200 OK"
2025-01-13 15:36:22,868 - INFO - HTTP Request: GET https://api.gradio.app/gradio-messaging/en "HTTP/1.1 200 OK"
2025-01-13 15:36:25,693 - INFO - HTTP Request: GET http://localhost:8080/gradio_api/startup-events "HTTP/1.1 200 OK"
2025-01-13 15:36:25,701 - INFO - HTTP Request: HEAD http://localhost:8080/ "HTTP/1.1 200 OK"
2025-01-13 15:36:26,501 - INFO - HTTP Request: GET https://api.gradio.app/pkg-version "HTTP/1.1 200 OK"
2025-01-13 15:36:26,519 - INFO - HTTP Request: GET https://api.gradio.app/pkg-version "HTTP/1.1 200 OK"
2025-01-13 15:36:26,647 - INFO - HTTP Request: GET https://api.gradio.app/v3/tunnel-request "HTTP/1.1 200 OK"
2025-01-13 15:36:43,221 - INFO - HTTP Request: GET https://api.gradio.app/gradio-messaging/en "HTTP/1.1 200 OK"
2025-01-13 15:36:46,272 - INFO - HTTP Request: GET http://localhost:8080/gradio_api/startup-events "HTTP/1.1 200 OK"
2025-01-13 15:36:46,281 - INFO - HTTP Request: HEAD http://localhost:8080/ "HTTP/1.1 200 OK"
2025-01-13 15:36:47,040 - INFO - HTTP Request: GET https://api.gradio.app/pkg-version "HTTP/1.1 200 OK"
2025-01-13 15:36:47,084 - INFO - HTTP Request: GET https://api.gradio.app/pkg-version "HTTP/1.1 200 OK"
2025-01-13 15:43:39,357 - INFO - HTTP Request: GET https://api.gradio.app/gradio-messaging/en "HTTP/1.1 200 OK"
2025-01-13 15:43:42,483 - INFO - HTTP Request: GET http://localhost:8080/gradio_api/startup-events "HTTP/1.1 200 OK"
2025-01-13 15:43:42,495 - INFO - HTTP Request: HEAD http://localhost:8080/ "HTTP/1.1 200 OK"
2025-01-13 15:43:43,264 - INFO - HTTP Request: GET https://api.gradio.app/pkg-version "HTTP/1.1 200 OK"
2025-01-13 15:43:43,271 - INFO - HTTP Request: GET https://api.gradio.app/pkg-version "HTTP/1.1 200 OK"
2025-01-13 16:16:02,625 - INFO - HTTP Request: GET https://api.gradio.app/gradio-messaging/en "HTTP/1.1 200 OK"
2025-01-13 16:16:05,522 - INFO - HTTP Request: GET http://localhost:8080/gradio_api/startup-events "HTTP/1.1 200 OK"
2025-01-13 16:16:05,529 - INFO - HTTP Request: HEAD http://localhost:8080/ "HTTP/1.1 200 OK"
2025-01-13 16:16:06,286 - INFO - HTTP Request: GET https://api.gradio.app/pkg-version "HTTP/1.1 200 OK"
2025-01-13 16:16:06,348 - INFO - HTTP Request: GET https://api.gradio.app/pkg-version "HTTP/1.1 200 OK"
2025-01-13 16:18:23,541 - INFO - HTTP Request: GET https://api.gradio.app/gradio-messaging/en "HTTP/1.1 200 OK"
2025-01-13 16:18:26,574 - INFO - HTTP Request: GET http://localhost:8080/gradio_api/startup-events "HTTP/1.1 200 OK"
2025-01-13 16:18:26,583 - INFO - HTTP Request: HEAD http://localhost:8080/ "HTTP/1.1 200 OK"
2025-01-13 16:18:27,343 - INFO - HTTP Request: GET https://api.gradio.app/pkg-version "HTTP/1.1 200 OK"
2025-01-13 16:18:27,408 - INFO - HTTP Request: GET https://api.gradio.app/pkg-version "HTTP/1.1 200 OK"
2025-01-13 16:31:03,056 - INFO - HTTP Request: GET https://api.gradio.app/gradio-messaging/en "HTTP/1.1 200 OK"
2025-01-13 16:31:06,072 - INFO - HTTP Request: GET http://localhost:8080/gradio_api/startup-events "HTTP/1.1 200 OK"
2025-01-13 16:31:06,081 - INFO - HTTP Request: HEAD http://localhost:8080/ "HTTP/1.1 200 OK"
2025-01-13 16:31:06,869 - INFO - HTTP Request: GET https://api.gradio.app/pkg-version "HTTP/1.1 200 OK"
2025-01-13 16:31:06,901 - INFO - HTTP Request: GET https://api.gradio.app/pkg-version "HTTP/1.1 200 OK"
2025-01-13 16:36:42,650 - INFO - HTTP Request: GET https://api.gradio.app/gradio-messaging/en "HTTP/1.1 200 OK"
2025-01-13 16:36:45,734 - INFO - HTTP Request: GET http://localhost:8080/gradio_api/startup-events "HTTP/1.1 200 OK"
2025-01-13 16:36:45,743 - INFO - HTTP Request: HEAD http://localhost:8080/ "HTTP/1.1 200 OK"
2025-01-13 16:36:46,499 - INFO - HTTP Request: GET https://api.gradio.app/pkg-version "HTTP/1.1 200 OK"
2025-01-13 16:36:46,564 - INFO - HTTP Request: GET https://api.gradio.app/pkg-version "HTTP/1.1 200 OK"
2025-01-13 16:45:12,204 - INFO - HTTP Request: GET https://api.gradio.app/gradio-messaging/en "HTTP/1.1 200 OK"
2025-01-13 16:45:15,254 - INFO - HTTP Request: GET http://localhost:8080/gradio_api/startup-events "HTTP/1.1 200 OK"
2025-01-13 16:45:15,264 - INFO - HTTP Request: HEAD http://localhost:8080/ "HTTP/1.1 200 OK"
2025-01-13 16:45:16,004 - INFO - HTTP Request: GET https://api.gradio.app/pkg-version "HTTP/1.1 200 OK"
2025-01-13 16:45:16,050 - INFO - HTTP Request: GET https://api.gradio.app/pkg-version "HTTP/1.1 200 OK"
2025-01-13 16:50:37,212 - INFO - HTTP Request: GET https://api.gradio.app/gradio-messaging/en "HTTP/1.1 200 OK"
2025-01-13 16:50:40,307 - INFO - HTTP Request: GET http://localhost:8080/gradio_api/startup-events "HTTP/1.1 200 OK"
2025-01-13 16:50:40,316 - INFO - HTTP Request: HEAD http://localhost:8080/ "HTTP/1.1 200 OK"
2025-01-13 16:50:41,116 - INFO - HTTP Request: GET https://api.gradio.app/pkg-version "HTTP/1.1 200 OK"
2025-01-13 16:50:41,119 - INFO - HTTP Request: GET https://api.gradio.app/pkg-version "HTTP/1.1 200 OK"
2025-01-13 16:55:31,797 - INFO - HTTP Request: GET https://api.gradio.app/gradio-messaging/en "HTTP/1.1 200 OK"
2025-01-13 16:55:34,740 - INFO - HTTP Request: GET http://localhost:8080/gradio_api/startup-events "HTTP/1.1 200 OK"
2025-01-13 16:55:34,751 - INFO - HTTP Request: HEAD http://localhost:8080/ "HTTP/1.1 200 OK"
2025-01-13 16:55:35,525 - INFO - HTTP Request: GET https://api.gradio.app/pkg-version "HTTP/1.1 200 OK"
2025-01-13 16:55:35,558 - INFO - HTTP Request: GET https://api.gradio.app/pkg-version "HTTP/1.1 200 OK"
2025-01-13 16:59:07,326 - INFO - HTTP Request: GET https://api.gradio.app/gradio-messaging/en "HTTP/1.1 200 OK"
2025-01-13 16:59:10,346 - INFO - HTTP Request: GET http://localhost:8080/gradio_api/startup-events "HTTP/1.1 200 OK"
2025-01-13 16:59:10,355 - INFO - HTTP Request: HEAD http://localhost:8080/ "HTTP/1.1 200 OK"
2025-01-13 16:59:11,117 - INFO - HTTP Request: GET https://api.gradio.app/pkg-version "HTTP/1.1 200 OK"
2025-01-13 16:59:11,150 - INFO - HTTP Request: GET https://api.gradio.app/pkg-version "HTTP/1.1 200 OK"
2025-01-13 17:02:45,994 - INFO - HTTP Request: GET https://api.gradio.app/gradio-messaging/en "HTTP/1.1 200 OK"
2025-01-13 17:02:48,839 - INFO - HTTP Request: GET http://localhost:8080/gradio_api/startup-events "HTTP/1.1 200 OK"
2025-01-13 17:02:48,847 - INFO - HTTP Request: HEAD http://localhost:8080/ "HTTP/1.1 200 OK"
2025-01-13 17:02:49,615 - INFO - HTTP Request: GET https://api.gradio.app/pkg-version "HTTP/1.1 200 OK"
2025-01-13 17:02:49,650 - INFO - HTTP Request: GET https://api.gradio.app/pkg-version "HTTP/1.1 200 OK"
2025-01-13 17:06:13,243 - INFO - HTTP Request: GET https://api.gradio.app/gradio-messaging/en "HTTP/1.1 200 OK"
2025-01-13 17:06:16,019 - INFO - HTTP Request: GET http://localhost:8080/gradio_api/startup-events "HTTP/1.1 200 OK"
2025-01-13 17:06:16,028 - INFO - HTTP Request: HEAD http://localhost:8080/ "HTTP/1.1 200 OK"
2025-01-13 17:06:16,785 - INFO - HTTP Request: GET https://api.gradio.app/pkg-version "HTTP/1.1 200 OK"
2025-01-13 17:06:16,841 - INFO - HTTP Request: GET https://api.gradio.app/pkg-version "HTTP/1.1 200 OK"
