2025-01-03 16:47:50,690 - INFO - ////////////////////////////////////////////////////////////////////////////////////////////////////

2025-01-03 16:47:52,330 - INFO - STATE 1 | user: 
tôi muốn lấy thông tin thiết bị id= '13cvb45456' trong năm 2023

2025-01-03 16:47:52,330 - INFO - STATE 1 | response: 
[get_data(dev_id='13cvb45456', start_time='2023-01-01', stop_time='2023-12-31', view_mode='summary')]

2025-01-03 16:47:52,330 - INFO - STATE 1 --> STATE 2

2025-01-03 16:47:53,593 - INFO - STATE 2 PRE | func_conf: 
[get_data(dev_id='13cvb45456', start_time='2023-01-01', stop_time='2023-12-31', view_mode='summary')]

2025-01-03 16:47:53,593 - INFO - STATE 2 PRE | response: 
- dev_id: '13cvb45456'
- start_time: '2023-01-01'
- stop_time: '2023-12-31'
- view_mode:'summary'

2025-01-03 16:48:13,402 - INFO - STATE 2 | user: 
tôi muốn lấy thông tin thiết bị id= '13cvb45456' trong năm 2023

2025-01-03 16:48:13,402 - INFO - STATE 2 | response: 
[get_data(dev_id='13cvb45456', start_time='2023-01-01', stop_time='2023-12-31', view_mode='detailed')]

2025-01-03 16:48:14,668 - INFO - STATE 2 PRE | func_conf: 
[get_data(dev_id='13cvb45456', start_time='2023-01-01', stop_time='2023-12-31', view_mode='detailed')]

2025-01-03 16:48:14,668 - INFO - STATE 2 PRE | response: 
- dev_id: '13cvb45456'
- start_time: '2023-01-01'
- stop_time: '2023-12-31'
- view_mode: 'detailed'

